{"contracts/ERC20.sol":{"l":{"16":4,"17":4,"18":4,"19":4,"26":7,"27":1,"29":6,"30":6,"31":6,"35":3,"36":1,"38":2,"39":2,"40":2,"44":3,"48":9,"52":2,"53":1,"55":1,"56":1,"57":1,"59":1,"65":4,"66":4,"67":4,"71":2,"75":3,"76":1,"79":2,"80":1,"83":1,"84":1,"85":1,"87":1,"89":1},"path":"/home/bilal/bilal_projects/Learning/web3bridge/Web3bridge-Web3-Cohort-XIII/onsite-program/submissions/week-4/day-6/day-6-task-2/Bilal_Oyeleke_Soliu/contracts/ERC20.sol","s":{"1":7,"2":6,"3":3,"4":2,"5":3,"6":9,"7":2,"8":1,"9":1,"10":4,"11":4,"12":2,"13":3,"14":2,"15":1,"16":1},"b":{"1":[1,6],"2":[1,2],"3":[1,1],"4":[1,2],"5":[1,1]},"f":{"1":4,"2":7,"3":3,"4":3,"5":9,"6":2,"7":4,"8":2,"9":3},"fnMap":{"1":{"name":"constructor","line":15,"loc":{"start":{"line":15,"column":4},"end":{"line":20,"column":4}}},"2":{"name":"mint","line":25,"loc":{"start":{"line":25,"column":4},"end":{"line":32,"column":4}}},"3":{"name":"burn","line":34,"loc":{"start":{"line":34,"column":4},"end":{"line":41,"column":4}}},"4":{"name":"_totalSupply","line":43,"loc":{"start":{"line":43,"column":4},"end":{"line":45,"column":4}}},"5":{"name":"balanceOf","line":47,"loc":{"start":{"line":47,"column":4},"end":{"line":49,"column":4}}},"6":{"name":"transfer","line":51,"loc":{"start":{"line":51,"column":4},"end":{"line":60,"column":4}}},"7":{"name":"approve","line":64,"loc":{"start":{"line":64,"column":4},"end":{"line":68,"column":4}}},"8":{"name":"allowance","line":70,"loc":{"start":{"line":70,"column":4},"end":{"line":72,"column":4}}},"9":{"name":"transferFrom","line":74,"loc":{"start":{"line":74,"column":4},"end":{"line":90,"column":4}}}},"statementMap":{"1":{"start":{"line":26,"column":8},"end":{"line":26,"column":661}},"2":{"start":{"line":31,"column":8},"end":{"line":31,"column":47}},"3":{"start":{"line":35,"column":8},"end":{"line":35,"column":933}},"4":{"start":{"line":40,"column":8},"end":{"line":40,"column":49}},"5":{"start":{"line":44,"column":8},"end":{"line":44,"column":26}},"6":{"start":{"line":48,"column":8},"end":{"line":48,"column":32}},"7":{"start":{"line":52,"column":8},"end":{"line":52,"column":1448}},"8":{"start":{"line":57,"column":8},"end":{"line":57,"column":47}},"9":{"start":{"line":59,"column":8},"end":{"line":59,"column":19}},"10":{"start":{"line":66,"column":8},"end":{"line":66,"column":52}},"11":{"start":{"line":67,"column":8},"end":{"line":67,"column":19}},"12":{"start":{"line":71,"column":8},"end":{"line":71,"column":43}},"13":{"start":{"line":75,"column":8},"end":{"line":75,"column":2208}},"14":{"start":{"line":79,"column":8},"end":{"line":79,"column":2306}},"15":{"start":{"line":87,"column":8},"end":{"line":87,"column":42}},"16":{"start":{"line":89,"column":8},"end":{"line":89,"column":19}}},"branchMap":{"1":{"line":26,"type":"if","locations":[{"start":{"line":26,"column":8},"end":{"line":26,"column":8}},{"start":{"line":26,"column":8},"end":{"line":26,"column":8}}]},"2":{"line":35,"type":"if","locations":[{"start":{"line":35,"column":8},"end":{"line":35,"column":8}},{"start":{"line":35,"column":8},"end":{"line":35,"column":8}}]},"3":{"line":52,"type":"if","locations":[{"start":{"line":52,"column":8},"end":{"line":52,"column":8}},{"start":{"line":52,"column":8},"end":{"line":52,"column":8}}]},"4":{"line":75,"type":"if","locations":[{"start":{"line":75,"column":8},"end":{"line":75,"column":8}},{"start":{"line":75,"column":8},"end":{"line":75,"column":8}}]},"5":{"line":79,"type":"if","locations":[{"start":{"line":79,"column":8},"end":{"line":79,"column":8}},{"start":{"line":79,"column":8},"end":{"line":79,"column":8}}]}}},"contracts/ERC20Factory.sol":{"l":{"15":1,"16":1,"17":1,"18":1,"22":3,"23":3,"24":3,"25":3,"29":2},"path":"/home/bilal/bilal_projects/Learning/web3bridge/Web3bridge-Web3-Cohort-XIII/onsite-program/submissions/week-4/day-6/day-6-task-2/Bilal_Oyeleke_Soliu/contracts/ERC20Factory.sol","s":{"1":3,"2":3,"3":3,"4":3,"5":2},"b":{},"f":{"1":1,"2":3,"3":2},"fnMap":{"1":{"name":"constructor","line":14,"loc":{"start":{"line":14,"column":4},"end":{"line":19,"column":4}}},"2":{"name":"createToken","line":21,"loc":{"start":{"line":21,"column":4},"end":{"line":26,"column":4}}},"3":{"name":"getDeployedTokens","line":28,"loc":{"start":{"line":28,"column":4},"end":{"line":30,"column":4}}}},"statementMap":{"1":{"start":{"line":22,"column":8},"end":{"line":22,"column":90}},"2":{"start":{"line":23,"column":8},"end":{"line":23,"column":51}},"3":{"start":{"line":24,"column":8},"end":{"line":24,"column":48}},"4":{"start":{"line":25,"column":8},"end":{"line":25,"column":66}},"5":{"start":{"line":29,"column":8},"end":{"line":29,"column":34}}},"branchMap":{}}}