{"contracts/MultiSig.sol":{"l":{"23":3,"24":3,"26":3,"27":3,"31":4,"32":3,"33":3,"35":3,"36":3,"37":3,"38":3,"39":3,"40":3,"41":3,"43":3,"47":3,"48":3,"49":3,"50":3,"51":2,"53":2,"54":2,"55":2,"56":1,"61":1,"62":1,"63":1,"64":1,"66":1,"67":1,"68":1,"69":1,"75":7,"76":12,"77":5,"80":2,"84":3,"85":3,"86":9,"87":5,"90":3,"94":0,"96":0,"97":0,"101":2,"105":2},"path":"/home/bilal/bilal_projects/Learning/web3bridge/Web3bridge-Web3-Cohort-XIII/onsite-program/submissions/week-5/day-4/Bilal_Oyeleke_Soliu/contracts/MultiSig.sol","s":{"1":3,"2":3,"3":4,"4":3,"5":3,"6":3,"7":3,"8":3,"9":3,"10":3,"11":3,"12":3,"13":3,"14":2,"15":2,"16":2,"17":1,"18":1,"19":1,"20":1,"21":1,"22":1,"23":1,"24":1,"25":7,"26":12,"27":5,"28":2,"29":3,"30":3,"31":9,"32":3,"33":0,"34":0,"35":0,"36":2,"37":2},"b":{"1":[3,0],"2":[3,0],"3":[3,1],"4":[3,0],"5":[3,0],"6":[3,0],"7":[3,0],"8":[2,1],"9":[2,0],"10":[1,1],"11":[1,0],"12":[1,0],"13":[1,0],"14":[1,0],"15":[5,7],"16":[5,4],"17":[0,0]},"f":{"1":3,"2":4,"3":3,"4":1,"5":7,"6":3,"7":0,"8":2,"9":2},"fnMap":{"1":{"name":"constructor","line":22,"loc":{"start":{"line":22,"column":4},"end":{"line":28,"column":4}}},"2":{"name":"submitTransaction","line":30,"loc":{"start":{"line":30,"column":4},"end":{"line":44,"column":4}}},"3":{"name":"signTransaction","line":46,"loc":{"start":{"line":46,"column":4},"end":{"line":58,"column":4}}},"4":{"name":"executeTransaction","line":60,"loc":{"start":{"line":60,"column":4},"end":{"line":70,"column":4}}},"5":{"name":"isOwner","line":74,"loc":{"start":{"line":74,"column":4},"end":{"line":81,"column":4}}},"6":{"name":"countSignatures","line":83,"loc":{"start":{"line":83,"column":4},"end":{"line":91,"column":4}}},"7":{"name":"getTransaction","line":93,"loc":{"start":{"line":93,"column":4},"end":{"line":98,"column":4}}},"8":{"name":"getOwners","line":100,"loc":{"start":{"line":100,"column":4},"end":{"line":102,"column":4}}},"9":{"name":"getRequiredSignatures","line":104,"loc":{"start":{"line":104,"column":4},"end":{"line":106,"column":4}}}},"statementMap":{"1":{"start":{"line":23,"column":8},"end":{"line":23,"column":64}},"2":{"start":{"line":24,"column":8},"end":{"line":24,"column":118}},"3":{"start":{"line":31,"column":8},"end":{"line":31,"column":52}},"4":{"start":{"line":32,"column":8},"end":{"line":32,"column":63}},"5":{"start":{"line":33,"column":8},"end":{"line":33,"column":45}},"6":{"start":{"line":35,"column":8},"end":{"line":35,"column":52}},"7":{"start":{"line":36,"column":8},"end":{"line":36,"column":27}},"8":{"start":{"line":37,"column":8},"end":{"line":37,"column":70}},"9":{"start":{"line":43,"column":8},"end":{"line":43,"column":64}},"10":{"start":{"line":47,"column":8},"end":{"line":47,"column":78}},"11":{"start":{"line":48,"column":8},"end":{"line":48,"column":70}},"12":{"start":{"line":49,"column":8},"end":{"line":49,"column":69}},"13":{"start":{"line":50,"column":8},"end":{"line":50,"column":72}},"14":{"start":{"line":51,"column":8},"end":{"line":51,"column":95}},"15":{"start":{"line":54,"column":8},"end":{"line":54,"column":57}},"16":{"start":{"line":55,"column":8},"end":{"line":55,"column":2141}},"17":{"start":{"line":56,"column":12},"end":{"line":56,"column":44}},"18":{"start":{"line":61,"column":8},"end":{"line":61,"column":78}},"19":{"start":{"line":62,"column":8},"end":{"line":62,"column":70}},"20":{"start":{"line":63,"column":8},"end":{"line":63,"column":69}},"21":{"start":{"line":64,"column":8},"end":{"line":64,"column":100}},"22":{"start":{"line":67,"column":8},"end":{"line":67,"column":90}},"23":{"start":{"line":68,"column":8},"end":{"line":68,"column":55}},"24":{"start":{"line":69,"column":8},"end":{"line":69,"column":59}},"25":{"start":{"line":75,"column":8},"end":{"line":75,"column":3002}},"26":{"start":{"line":76,"column":12},"end":{"line":76,"column":3065}},"27":{"start":{"line":77,"column":16},"end":{"line":77,"column":27}},"28":{"start":{"line":80,"column":8},"end":{"line":80,"column":20}},"29":{"start":{"line":84,"column":8},"end":{"line":84,"column":25}},"30":{"start":{"line":85,"column":8},"end":{"line":85,"column":3303}},"31":{"start":{"line":86,"column":12},"end":{"line":86,"column":3366}},"32":{"start":{"line":90,"column":8},"end":{"line":90,"column":20}},"33":{"start":{"line":94,"column":8},"end":{"line":94,"column":78}},"34":{"start":{"line":96,"column":8},"end":{"line":96,"column":70}},"35":{"start":{"line":97,"column":8},"end":{"line":97,"column":121}},"36":{"start":{"line":101,"column":8},"end":{"line":101,"column":22}},"37":{"start":{"line":105,"column":8},"end":{"line":105,"column":34}}},"branchMap":{"1":{"line":23,"type":"if","locations":[{"start":{"line":23,"column":8},"end":{"line":23,"column":8}},{"start":{"line":23,"column":8},"end":{"line":23,"column":8}}]},"2":{"line":24,"type":"if","locations":[{"start":{"line":24,"column":8},"end":{"line":24,"column":8}},{"start":{"line":24,"column":8},"end":{"line":24,"column":8}}]},"3":{"line":31,"type":"if","locations":[{"start":{"line":31,"column":8},"end":{"line":31,"column":8}},{"start":{"line":31,"column":8},"end":{"line":31,"column":8}}]},"4":{"line":32,"type":"if","locations":[{"start":{"line":32,"column":8},"end":{"line":32,"column":8}},{"start":{"line":32,"column":8},"end":{"line":32,"column":8}}]},"5":{"line":33,"type":"if","locations":[{"start":{"line":33,"column":8},"end":{"line":33,"column":8}},{"start":{"line":33,"column":8},"end":{"line":33,"column":8}}]},"6":{"line":47,"type":"if","locations":[{"start":{"line":47,"column":8},"end":{"line":47,"column":8}},{"start":{"line":47,"column":8},"end":{"line":47,"column":8}}]},"7":{"line":49,"type":"if","locations":[{"start":{"line":49,"column":8},"end":{"line":49,"column":8}},{"start":{"line":49,"column":8},"end":{"line":49,"column":8}}]},"8":{"line":50,"type":"if","locations":[{"start":{"line":50,"column":8},"end":{"line":50,"column":8}},{"start":{"line":50,"column":8},"end":{"line":50,"column":8}}]},"9":{"line":51,"type":"if","locations":[{"start":{"line":51,"column":8},"end":{"line":51,"column":8}},{"start":{"line":51,"column":8},"end":{"line":51,"column":8}}]},"10":{"line":55,"type":"if","locations":[{"start":{"line":55,"column":8},"end":{"line":55,"column":8}},{"start":{"line":55,"column":8},"end":{"line":55,"column":8}}]},"11":{"line":61,"type":"if","locations":[{"start":{"line":61,"column":8},"end":{"line":61,"column":8}},{"start":{"line":61,"column":8},"end":{"line":61,"column":8}}]},"12":{"line":63,"type":"if","locations":[{"start":{"line":63,"column":8},"end":{"line":63,"column":8}},{"start":{"line":63,"column":8},"end":{"line":63,"column":8}}]},"13":{"line":64,"type":"if","locations":[{"start":{"line":64,"column":8},"end":{"line":64,"column":8}},{"start":{"line":64,"column":8},"end":{"line":64,"column":8}}]},"14":{"line":68,"type":"if","locations":[{"start":{"line":68,"column":8},"end":{"line":68,"column":8}},{"start":{"line":68,"column":8},"end":{"line":68,"column":8}}]},"15":{"line":76,"type":"if","locations":[{"start":{"line":76,"column":12},"end":{"line":76,"column":12}},{"start":{"line":76,"column":12},"end":{"line":76,"column":12}}]},"16":{"line":86,"type":"if","locations":[{"start":{"line":86,"column":12},"end":{"line":86,"column":12}},{"start":{"line":86,"column":12},"end":{"line":86,"column":12}}]},"17":{"line":94,"type":"if","locations":[{"start":{"line":94,"column":8},"end":{"line":94,"column":8}},{"start":{"line":94,"column":8},"end":{"line":94,"column":8}}]}}},"contracts/MultiSigFactory.sol":{"l":{"12":2,"13":2,"14":2,"15":2,"19":1},"path":"/home/bilal/bilal_projects/Learning/web3bridge/Web3bridge-Web3-Cohort-XIII/onsite-program/submissions/week-5/day-4/Bilal_Oyeleke_Soliu/contracts/MultiSigFactory.sol","s":{"1":2,"2":2,"3":2,"4":2,"5":1},"b":{},"f":{"1":2,"2":1},"fnMap":{"1":{"name":"createWallet","line":11,"loc":{"start":{"line":11,"column":4},"end":{"line":16,"column":4}}},"2":{"name":"getAllWallets","line":18,"loc":{"start":{"line":18,"column":4},"end":{"line":20,"column":4}}}},"statementMap":{"1":{"start":{"line":12,"column":8},"end":{"line":12,"column":66}},"2":{"start":{"line":13,"column":8},"end":{"line":13,"column":39}},"3":{"start":{"line":14,"column":8},"end":{"line":14,"column":71}},"4":{"start":{"line":15,"column":8},"end":{"line":15,"column":30}},"5":{"start":{"line":19,"column":8},"end":{"line":19,"column":25}}},"branchMap":{}}}