{"contracts/Token.sol":{"l":{"25":1,"30":23,"36":2,"37":1,"38":1,"39":1,"41":1,"43":1,"51":17,"56":10,"57":8,"58":7,"59":7,"60":7,"62":1,"65":2,"71":3,"72":2,"73":2,"74":2,"75":2,"76":2,"77":2,"79":0,"81":1,"86":13,"87":1,"88":1,"89":1,"91":12},"path":"/home/olamilekan/Documents/web3/web3Bridge/Web3bridge-Web3-Cohort-XIII/onsite-program/submissions/week-4/day-6/day-6-task-2/Olamilekan-Oladipupo/contracts/Token.sol","s":{"1":1,"2":23,"3":2,"4":1,"5":1,"6":1,"7":17,"8":10,"9":8,"10":7,"11":7,"12":1,"13":2,"14":3,"15":2,"16":2,"17":2,"18":0,"19":1,"20":13,"21":1,"22":1},"b":{"1":[1,1],"2":[8,2],"3":[7,1],"4":[2,1],"5":[2,0],"6":[1,12]},"f":{"1":1,"2":23,"3":2,"4":17,"5":10,"6":3,"7":13},"fnMap":{"1":{"name":"totalSupply","line":24,"loc":{"start":{"line":24,"column":4},"end":{"line":26,"column":4}}},"2":{"name":"balanceOf","line":29,"loc":{"start":{"line":29,"column":4},"end":{"line":32,"column":4}}},"3":{"name":"transfer","line":35,"loc":{"start":{"line":35,"column":4},"end":{"line":46,"column":4}}},"4":{"name":"allowance","line":50,"loc":{"start":{"line":50,"column":4},"end":{"line":53,"column":4}}},"5":{"name":"approve","line":55,"loc":{"start":{"line":55,"column":4},"end":{"line":67,"column":4}}},"6":{"name":"transferFrom","line":70,"loc":{"start":{"line":70,"column":4},"end":{"line":83,"column":4}}},"7":{"name":"buyToken","line":85,"loc":{"start":{"line":85,"column":4},"end":{"line":92,"column":4}}}},"statementMap":{"1":{"start":{"line":25,"column":8},"end":{"line":25,"column":27}},"2":{"start":{"line":30,"column":8},"end":{"line":30,"column":31}},"3":{"start":{"line":36,"column":8},"end":{"line":36,"column":799}},"4":{"start":{"line":39,"column":12},"end":{"line":39,"column":48}},"5":{"start":{"line":41,"column":12},"end":{"line":41,"column":23}},"6":{"start":{"line":43,"column":8},"end":{"line":43,"column":20}},"7":{"start":{"line":51,"column":8},"end":{"line":51,"column":41}},"8":{"start":{"line":56,"column":8},"end":{"line":56,"column":1281}},"9":{"start":{"line":57,"column":12},"end":{"line":57,"column":1332}},"10":{"start":{"line":59,"column":16},"end":{"line":59,"column":57}},"11":{"start":{"line":60,"column":16},"end":{"line":60,"column":27}},"12":{"start":{"line":62,"column":12},"end":{"line":62,"column":24}},"13":{"start":{"line":65,"column":8},"end":{"line":65,"column":20}},"14":{"start":{"line":71,"column":8},"end":{"line":71,"column":1749}},"15":{"start":{"line":72,"column":11},"end":{"line":72,"column":1811}},"16":{"start":{"line":76,"column":12},"end":{"line":76,"column":42}},"17":{"start":{"line":77,"column":12},"end":{"line":77,"column":23}},"18":{"start":{"line":79,"column":11},"end":{"line":79,"column":23}},"19":{"start":{"line":81,"column":8},"end":{"line":81,"column":20}},"20":{"start":{"line":86,"column":8},"end":{"line":86,"column":2157}},"21":{"start":{"line":88,"column":12},"end":{"line":88,"column":70}},"22":{"start":{"line":89,"column":12},"end":{"line":89,"column":18}}},"branchMap":{"1":{"line":36,"type":"if","locations":[{"start":{"line":36,"column":8},"end":{"line":36,"column":8}},{"start":{"line":36,"column":8},"end":{"line":36,"column":8}}]},"2":{"line":56,"type":"if","locations":[{"start":{"line":56,"column":8},"end":{"line":56,"column":8}},{"start":{"line":56,"column":8},"end":{"line":56,"column":8}}]},"3":{"line":57,"type":"if","locations":[{"start":{"line":57,"column":12},"end":{"line":57,"column":12}},{"start":{"line":57,"column":12},"end":{"line":57,"column":12}}]},"4":{"line":71,"type":"if","locations":[{"start":{"line":71,"column":8},"end":{"line":71,"column":8}},{"start":{"line":71,"column":8},"end":{"line":71,"column":8}}]},"5":{"line":72,"type":"if","locations":[{"start":{"line":72,"column":11},"end":{"line":72,"column":11}},{"start":{"line":72,"column":11},"end":{"line":72,"column":11}}]},"6":{"line":86,"type":"if","locations":[{"start":{"line":86,"column":8},"end":{"line":86,"column":8}},{"start":{"line":86,"column":8},"end":{"line":86,"column":8}}]}}}}