{"contracts\\ERC20.sol":{"l":{"19":2,"20":2,"21":2,"22":2,"25":1,"29":2,"33":1,"38":0,"42":4,"46":0,"47":0,"48":0,"49":0,"50":0,"51":0,"53":0,"57":4,"61":7,"62":2,"64":5,"65":1,"67":4,"68":4,"69":4,"70":4,"71":4,"75":5,"76":5,"77":5,"80":3},"path":"C:\\Users\\DELL\\blockchain_development\\solidity\\Web3bridge-Web3-Cohort-XIII\\onsite-program\\submissions\\week-5\\day-3\\NFT-1\\BABALOLA_ABIODUN_AYOMIDE\\contracts\\ERC20.sol","s":{"1":1,"2":2,"3":1,"4":0,"5":4,"6":0,"7":0,"8":0,"9":0,"10":0,"11":7,"12":5,"13":4,"14":4,"15":5,"16":5,"17":3},"b":{"1":[0,0],"2":[0,0],"3":[2,5],"4":[1,4]},"f":{"1":2,"2":1,"3":2,"4":1,"5":0,"6":4,"7":0,"8":4,"9":7,"10":5,"11":3},"fnMap":{"1":{"name":"constructor","line":18,"loc":{"start":{"line":18,"column":4},"end":{"line":23,"column":4}}},"2":{"name":"name","line":24,"loc":{"start":{"line":24,"column":4},"end":{"line":26,"column":4}}},"3":{"name":"decimals","line":28,"loc":{"start":{"line":28,"column":4},"end":{"line":30,"column":4}}},"4":{"name":"symbol","line":32,"loc":{"start":{"line":32,"column":4},"end":{"line":35,"column":4}}},"5":{"name":"totalSupply","line":37,"loc":{"start":{"line":37,"column":4},"end":{"line":39,"column":4}}},"6":{"name":"balanceOf","line":41,"loc":{"start":{"line":41,"column":5},"end":{"line":43,"column":4}}},"7":{"name":"transfer","line":45,"loc":{"start":{"line":45,"column":4},"end":{"line":54,"column":4}}},"8":{"name":"buyToken","line":56,"loc":{"start":{"line":56,"column":4},"end":{"line":58,"column":4}}},"9":{"name":"transferFrom","line":60,"loc":{"start":{"line":60,"column":4},"end":{"line":72,"column":4}}},"10":{"name":"approve","line":74,"loc":{"start":{"line":74,"column":4},"end":{"line":78,"column":4}}},"11":{"name":"allowance","line":79,"loc":{"start":{"line":79,"column":4},"end":{"line":81,"column":4}}}},"statementMap":{"1":{"start":{"line":25,"column":8},"end":{"line":25,"column":24}},"2":{"start":{"line":29,"column":8},"end":{"line":29,"column":28}},"3":{"start":{"line":33,"column":8},"end":{"line":33,"column":26}},"4":{"start":{"line":38,"column":8},"end":{"line":38,"column":31}},"5":{"start":{"line":42,"column":8},"end":{"line":42,"column":34}},"6":{"start":{"line":46,"column":8},"end":{"line":46,"column":64}},"7":{"start":{"line":47,"column":8},"end":{"line":47,"column":1369}},"8":{"start":{"line":50,"column":12},"end":{"line":50,"column":50}},"9":{"start":{"line":51,"column":12},"end":{"line":51,"column":23}},"10":{"start":{"line":53,"column":8},"end":{"line":53,"column":20}},"11":{"start":{"line":61,"column":8},"end":{"line":61,"column":1878}},"12":{"start":{"line":64,"column":8},"end":{"line":64,"column":1999}},"13":{"start":{"line":70,"column":8},"end":{"line":70,"column":41}},"14":{"start":{"line":71,"column":8},"end":{"line":71,"column":19}},"15":{"start":{"line":76,"column":8},"end":{"line":76,"column":51}},"16":{"start":{"line":77,"column":8},"end":{"line":77,"column":19}},"17":{"start":{"line":80,"column":8},"end":{"line":80,"column":46}}},"branchMap":{"1":{"line":46,"type":"if","locations":[{"start":{"line":46,"column":8},"end":{"line":46,"column":8}},{"start":{"line":46,"column":8},"end":{"line":46,"column":8}}]},"2":{"line":47,"type":"if","locations":[{"start":{"line":47,"column":8},"end":{"line":47,"column":8}},{"start":{"line":47,"column":8},"end":{"line":47,"column":8}}]},"3":{"line":61,"type":"if","locations":[{"start":{"line":61,"column":8},"end":{"line":61,"column":8}},{"start":{"line":61,"column":8},"end":{"line":61,"column":8}}]},"4":{"line":64,"type":"if","locations":[{"start":{"line":64,"column":8},"end":{"line":64,"column":8}},{"start":{"line":64,"column":8},"end":{"line":64,"column":8}}]}}},"contracts\\ERC20Factory.sol":{"l":{"10":1,"11":1,"12":1,"15":0,"18":1},"path":"C:\\Users\\DELL\\blockchain_development\\solidity\\Web3bridge-Web3-Cohort-XIII\\onsite-program\\submissions\\week-5\\day-3\\NFT-1\\BABALOLA_ABIODUN_AYOMIDE\\contracts\\ERC20Factory.sol","s":{"1":1,"2":1,"3":1,"4":0,"5":1},"b":{},"f":{"1":1,"2":0,"3":1},"fnMap":{"1":{"name":"createToken","line":9,"loc":{"start":{"line":9,"column":4},"end":{"line":13,"column":4}}},"2":{"name":"getTokenByAddress","line":14,"loc":{"start":{"line":14,"column":4},"end":{"line":16,"column":4}}},"3":{"name":"getAllTokens","line":17,"loc":{"start":{"line":17,"column":4},"end":{"line":19,"column":4}}}},"statementMap":{"1":{"start":{"line":10,"column":8},"end":{"line":10,"column":72}},"2":{"start":{"line":11,"column":8},"end":{"line":11,"column":40}},"3":{"start":{"line":12,"column":8},"end":{"line":12,"column":32}},"4":{"start":{"line":15,"column":8},"end":{"line":15,"column":45}},"5":{"start":{"line":18,"column":8},"end":{"line":18,"column":24}}},"branchMap":{}},"contracts\\IERC20.sol":{"l":{},"path":"C:\\Users\\DELL\\blockchain_development\\solidity\\Web3bridge-Web3-Cohort-XIII\\onsite-program\\submissions\\week-5\\day-3\\NFT-1\\BABALOLA_ABIODUN_AYOMIDE\\contracts\\IERC20.sol","s":{},"b":{},"f":{},"fnMap":{},"statementMap":{},"branchMap":{}}}