{"contracts/factorypiggy.sol":{"l":{"10":0,"15":0,"16":0,"18":0,"19":0,"21":0,"25":0,"29":0},"path":"/home/godbrand/Documents/GitHub/Web3bridge-Web3-Cohort-XIII/onsite-program/submissions/week-6/day-1/eregha-thompson/contracts/factorypiggy.sol","s":{"1":0,"2":0,"3":0,"4":0,"5":0,"6":0,"7":0},"b":{"1":[0,0]},"f":{"1":0,"2":0,"3":0,"4":0},"fnMap":{"1":{"name":"constructor","line":9,"loc":{"start":{"line":9,"column":4},"end":{"line":11,"column":4}}},"2":{"name":"createSavingsAccount","line":14,"loc":{"start":{"line":14,"column":4},"end":{"line":22,"column":4}}},"3":{"name":"getUserAccounts","line":24,"loc":{"start":{"line":24,"column":4},"end":{"line":26,"column":4}}},"4":{"name":"getAllAccounts","line":28,"loc":{"start":{"line":28,"column":4},"end":{"line":30,"column":4}}}},"statementMap":{"1":{"start":{"line":15,"column":8},"end":{"line":15,"column":51}},"2":{"start":{"line":16,"column":8},"end":{"line":16,"column":133}},"3":{"start":{"line":18,"column":4},"end":{"line":18,"column":33}},"4":{"start":{"line":19,"column":8},"end":{"line":19,"column":48}},"5":{"start":{"line":21,"column":8},"end":{"line":21,"column":34}},"6":{"start":{"line":25,"column":8},"end":{"line":25,"column":34}},"7":{"start":{"line":29,"column":8},"end":{"line":29,"column":28}}},"branchMap":{"1":{"line":15,"type":"if","locations":[{"start":{"line":15,"column":8},"end":{"line":15,"column":8}},{"start":{"line":15,"column":8},"end":{"line":15,"column":8}}]}}},"contracts/Lock.sol":{"l":{"14":0,"19":0,"20":0,"27":0,"28":0,"30":0,"32":0},"path":"/home/godbrand/Documents/GitHub/Web3bridge-Web3-Cohort-XIII/onsite-program/submissions/week-6/day-1/eregha-thompson/contracts/Lock.sol","s":{"1":0,"2":0,"3":0,"4":0,"5":0},"b":{"1":[0,0],"2":[0,0],"3":[0,0]},"f":{"1":0,"2":0},"fnMap":{"1":{"name":"constructor","line":13,"loc":{"start":{"line":13,"column":4},"end":{"line":21,"column":4}}},"2":{"name":"withdraw","line":23,"loc":{"start":{"line":23,"column":4},"end":{"line":33,"column":4}}}},"statementMap":{"1":{"start":{"line":14,"column":8},"end":{"line":14,"column":328}},"2":{"start":{"line":27,"column":8},"end":{"line":27,"column":71}},"3":{"start":{"line":28,"column":8},"end":{"line":28,"column":59}},"4":{"start":{"line":30,"column":8},"end":{"line":30,"column":63}},"5":{"start":{"line":32,"column":8},"end":{"line":32,"column":44}}},"branchMap":{"1":{"line":14,"type":"if","locations":[{"start":{"line":14,"column":8},"end":{"line":14,"column":8}},{"start":{"line":14,"column":8},"end":{"line":14,"column":8}}]},"2":{"line":27,"type":"if","locations":[{"start":{"line":27,"column":8},"end":{"line":27,"column":8}},{"start":{"line":27,"column":8},"end":{"line":27,"column":8}}]},"3":{"line":28,"type":"if","locations":[{"start":{"line":28,"column":8},"end":{"line":28,"column":8}},{"start":{"line":28,"column":8},"end":{"line":28,"column":8}}]}}},"contracts/piggybank.sol":{"l":{"28":2,"29":2,"30":2,"31":2,"32":2,"33":2,"34":2,"39":15,"41":12,"44":6,"45":6,"46":5,"48":0,"53":2,"54":2,"56":2,"61":2,"62":2,"66":3,"67":2,"68":2,"69":2,"70":2,"71":2,"73":2,"74":2,"77":2,"81":1,"82":1,"84":1,"85":1,"86":1,"87":1,"89":1,"90":1,"91":1,"96":1,"103":0,"104":0},"path":"/home/godbrand/Documents/GitHub/Web3bridge-Web3-Cohort-XIII/onsite-program/submissions/week-6/day-1/eregha-thompson/contracts/piggybank.sol","s":{"1":15,"2":6,"3":6,"4":0,"5":2,"6":2,"7":2,"8":2,"9":3,"10":2,"11":2,"12":2,"13":2,"14":2,"15":2,"16":2,"17":1,"18":1,"19":1,"20":1,"21":1,"22":1,"23":1,"24":1,"25":1},"b":{"1":[12,3],"2":[6,1],"3":[6,0],"4":[5,1],"5":[2,1],"6":[2,0],"7":[2,0],"8":[2,0],"9":[3,1],"10":[2,1],"11":[2,0],"12":[2,0],"13":[1,0],"14":[1,0],"15":[1,0],"16":[1,0],"17":[1,0],"18":[1,0],"19":[1,0],"20":[0,0]},"f":{"1":2,"2":15,"3":6,"4":2,"5":3,"6":1},"fnMap":{"1":{"name":"constructor","line":20,"loc":{"start":{"line":20,"column":4},"end":{"line":35,"column":4}}},"2":{"name":"onlyOwner","line":38,"loc":{"start":{"line":38,"column":4},"end":{"line":42,"column":4}}},"3":{"name":"deposit","line":43,"loc":{"start":{"line":43,"column":4},"end":{"line":50,"column":4}}},"4":{"name":"depositTokens","line":52,"loc":{"start":{"line":52,"column":4},"end":{"line":63,"column":4}}},"5":{"name":"withdraw","line":65,"loc":{"start":{"line":65,"column":4},"end":{"line":78,"column":4}}},"6":{"name":"withdrawTokens","line":80,"loc":{"start":{"line":80,"column":4},"end":{"line":100,"column":4}}}},"statementMap":{"1":{"start":{"line":39,"column":8},"end":{"line":39,"column":77}},"2":{"start":{"line":44,"column":8},"end":{"line":44,"column":1022}},"3":{"start":{"line":45,"column":12},"end":{"line":45,"column":65}},"4":{"start":{"line":48,"column":12},"end":{"line":48,"column":35}},"5":{"start":{"line":53,"column":8},"end":{"line":53,"column":39}},"6":{"start":{"line":54,"column":8},"end":{"line":54,"column":44}},"7":{"start":{"line":56,"column":8},"end":{"line":56,"column":1379}},"8":{"start":{"line":61,"column":8},"end":{"line":61,"column":33}},"9":{"start":{"line":66,"column":8},"end":{"line":66,"column":65}},"10":{"start":{"line":67,"column":8},"end":{"line":67,"column":48}},"11":{"start":{"line":68,"column":8},"end":{"line":68,"column":50}},"12":{"start":{"line":69,"column":8},"end":{"line":69,"column":61}},"13":{"start":{"line":70,"column":8},"end":{"line":70,"column":35}},"14":{"start":{"line":73,"column":8},"end":{"line":73,"column":1941}},"15":{"start":{"line":74,"column":12},"end":{"line":74,"column":46}},"16":{"start":{"line":77,"column":8},"end":{"line":77,"column":39}},"17":{"start":{"line":81,"column":8},"end":{"line":81,"column":40}},"18":{"start":{"line":82,"column":8},"end":{"line":82,"column":65}},"19":{"start":{"line":84,"column":8},"end":{"line":84,"column":48}},"20":{"start":{"line":85,"column":8},"end":{"line":85,"column":50}},"21":{"start":{"line":86,"column":8},"end":{"line":86,"column":61}},"22":{"start":{"line":87,"column":8},"end":{"line":87,"column":35}},"23":{"start":{"line":90,"column":8},"end":{"line":90,"column":2501}},"24":{"start":{"line":91,"column":12},"end":{"line":91,"column":2532}},"25":{"start":{"line":96,"column":8},"end":{"line":96,"column":2674}}},"branchMap":{"1":{"line":39,"type":"if","locations":[{"start":{"line":39,"column":8},"end":{"line":39,"column":8}},{"start":{"line":39,"column":8},"end":{"line":39,"column":8}}]},"2":{"line":43,"type":"if","locations":[{"start":{"line":43,"column":40},"end":{"line":43,"column":40}},{"start":{"line":43,"column":40},"end":{"line":43,"column":40}}]},"3":{"line":44,"type":"if","locations":[{"start":{"line":44,"column":8},"end":{"line":44,"column":8}},{"start":{"line":44,"column":8},"end":{"line":44,"column":8}}]},"4":{"line":45,"type":"if","locations":[{"start":{"line":45,"column":12},"end":{"line":45,"column":12}},{"start":{"line":45,"column":12},"end":{"line":45,"column":12}}]},"5":{"line":52,"type":"if","locations":[{"start":{"line":52,"column":49},"end":{"line":52,"column":49}},{"start":{"line":52,"column":49},"end":{"line":52,"column":49}}]},"6":{"line":53,"type":"if","locations":[{"start":{"line":53,"column":8},"end":{"line":53,"column":8}},{"start":{"line":53,"column":8},"end":{"line":53,"column":8}}]},"7":{"line":54,"type":"if","locations":[{"start":{"line":54,"column":8},"end":{"line":54,"column":8}},{"start":{"line":54,"column":8},"end":{"line":54,"column":8}}]},"8":{"line":61,"type":"if","locations":[{"start":{"line":61,"column":8},"end":{"line":61,"column":8}},{"start":{"line":61,"column":8},"end":{"line":61,"column":8}}]},"9":{"line":65,"type":"if","locations":[{"start":{"line":65,"column":44},"end":{"line":65,"column":44}},{"start":{"line":65,"column":44},"end":{"line":65,"column":44}}]},"10":{"line":66,"type":"if","locations":[{"start":{"line":66,"column":8},"end":{"line":66,"column":8}},{"start":{"line":66,"column":8},"end":{"line":66,"column":8}}]},"11":{"line":69,"type":"if","locations":[{"start":{"line":69,"column":28},"end":{"line":69,"column":56}},{"start":{"line":69,"column":60},"end":{"line":69,"column":60}}]},"12":{"line":73,"type":"if","locations":[{"start":{"line":73,"column":8},"end":{"line":73,"column":8}},{"start":{"line":73,"column":8},"end":{"line":73,"column":8}}]},"13":{"line":80,"type":"if","locations":[{"start":{"line":80,"column":50},"end":{"line":80,"column":50}},{"start":{"line":80,"column":50},"end":{"line":80,"column":50}}]},"14":{"line":81,"type":"if","locations":[{"start":{"line":81,"column":8},"end":{"line":81,"column":8}},{"start":{"line":81,"column":8},"end":{"line":81,"column":8}}]},"15":{"line":82,"type":"if","locations":[{"start":{"line":82,"column":8},"end":{"line":82,"column":8}},{"start":{"line":82,"column":8},"end":{"line":82,"column":8}}]},"16":{"line":86,"type":"if","locations":[{"start":{"line":86,"column":28},"end":{"line":86,"column":56}},{"start":{"line":86,"column":60},"end":{"line":86,"column":60}}]},"17":{"line":90,"type":"if","locations":[{"start":{"line":90,"column":8},"end":{"line":90,"column":8}},{"start":{"line":90,"column":8},"end":{"line":90,"column":8}}]},"18":{"line":91,"type":"if","locations":[{"start":{"line":91,"column":12},"end":{"line":91,"column":12}},{"start":{"line":91,"column":12},"end":{"line":91,"column":12}}]},"19":{"line":96,"type":"if","locations":[{"start":{"line":96,"column":8},"end":{"line":96,"column":8}},{"start":{"line":96,"column":8},"end":{"line":96,"column":8}}]},"20":{"line":103,"type":"if","locations":[{"start":{"line":103,"column":8},"end":{"line":103,"column":8}},{"start":{"line":103,"column":8},"end":{"line":103,"column":8}}]}}},"contracts/piggyToken.sol":{"l":{"7":1},"path":"/home/godbrand/Documents/GitHub/Web3bridge-Web3-Cohort-XIII/onsite-program/submissions/week-6/day-1/eregha-thompson/contracts/piggyToken.sol","s":{"1":1},"b":{},"f":{"1":1},"fnMap":{"1":{"name":"constructor","line":6,"loc":{"start":{"line":6,"column":4},"end":{"line":8,"column":4}}}},"statementMap":{"1":{"start":{"line":7,"column":8},"end":{"line":7,"column":39}}},"branchMap":{}}}