{"contracts\\MultiSig.sol":{"l":{"24":6,"25":5,"29":3,"30":3,"31":3,"32":3,"34":3,"35":9,"36":9,"39":9,"40":9,"42":9,"44":3,"48":2,"50":2,"51":2,"52":2,"53":2,"54":2,"55":2,"56":2,"58":2,"62":3,"63":3,"64":3,"65":3,"67":3,"68":3,"70":3,"71":1,"76":1,"77":1,"78":1,"79":1,"81":1,"82":1,"83":1,"85":1,"89":6,"90":11,"91":5,"94":1,"98":6,"99":6,"100":18,"101":12,"104":6,"114":2,"115":2,"116":2,"126":1,"130":1},"path":"C:\\Users\\Simon Okwa\\Desktop\\Web3bridge-Web3-Cohort-XIII\\onsite-program\\submissions\\week-5\\day-4\\Simon_Okwa\\contracts\\MultiSig.sol","s":{"1":6,"2":3,"3":3,"4":3,"5":3,"6":3,"7":9,"8":9,"9":9,"10":9,"11":9,"12":2,"13":2,"14":2,"15":2,"16":2,"17":3,"18":3,"19":3,"20":3,"21":3,"22":3,"23":1,"24":1,"25":1,"26":1,"27":1,"28":1,"29":1,"30":1,"31":6,"32":11,"33":5,"34":1,"35":6,"36":6,"37":18,"38":6,"39":2,"40":2,"41":2,"42":1,"43":1},"b":{"1":[5,1],"2":[3,0],"3":[3,0],"4":[3,0],"5":[3,0],"6":[9,0],"7":[9,0],"8":[2,0],"9":[2,0],"10":[3,1],"11":[3,0],"12":[3,0],"13":[3,0],"14":[1,2],"15":[1,0],"16":[1,0],"17":[1,0],"18":[1,0],"19":[5,6],"20":[12,6],"21":[2,0]},"f":{"1":6,"2":3,"3":2,"4":3,"5":1,"6":6,"7":6,"8":2,"9":1,"10":1},"fnMap":{"1":{"name":"onlyOwner","line":23,"loc":{"start":{"line":23,"column":4},"end":{"line":26,"column":4}}},"2":{"name":"initialize","line":28,"loc":{"start":{"line":28,"column":4},"end":{"line":45,"column":4}}},"3":{"name":"submitTransaction","line":47,"loc":{"start":{"line":47,"column":4},"end":{"line":59,"column":4}}},"4":{"name":"signTransaction","line":61,"loc":{"start":{"line":61,"column":4},"end":{"line":73,"column":4}}},"5":{"name":"executeTransaction","line":75,"loc":{"start":{"line":75,"column":4},"end":{"line":86,"column":4}}},"6":{"name":"isOwner","line":88,"loc":{"start":{"line":88,"column":4},"end":{"line":95,"column":4}}},"7":{"name":"countSignatures","line":97,"loc":{"start":{"line":97,"column":4},"end":{"line":105,"column":4}}},"8":{"name":"getTransaction","line":107,"loc":{"start":{"line":107,"column":4},"end":{"line":123,"column":4}}},"9":{"name":"getOwners","line":125,"loc":{"start":{"line":125,"column":4},"end":{"line":127,"column":4}}},"10":{"name":"getRequiredSignatures","line":129,"loc":{"start":{"line":129,"column":4},"end":{"line":131,"column":4}}}},"statementMap":{"1":{"start":{"line":24,"column":8},"end":{"line":24,"column":52}},"2":{"start":{"line":29,"column":8},"end":{"line":29,"column":58}},"3":{"start":{"line":30,"column":8},"end":{"line":30,"column":64}},"4":{"start":{"line":31,"column":8},"end":{"line":31,"column":77}},"5":{"start":{"line":32,"column":8},"end":{"line":32,"column":84}},"6":{"start":{"line":34,"column":8},"end":{"line":34,"column":1118}},"7":{"start":{"line":35,"column":12},"end":{"line":35,"column":37}},"8":{"start":{"line":36,"column":12},"end":{"line":36,"column":71}},"9":{"start":{"line":39,"column":12},"end":{"line":39,"column":1306}},"10":{"start":{"line":40,"column":16},"end":{"line":40,"column":61}},"11":{"start":{"line":42,"column":12},"end":{"line":42,"column":30}},"12":{"start":{"line":48,"column":8},"end":{"line":48,"column":63}},"13":{"start":{"line":50,"column":8},"end":{"line":50,"column":52}},"14":{"start":{"line":51,"column":8},"end":{"line":51,"column":27}},"15":{"start":{"line":52,"column":8},"end":{"line":52,"column":70}},"16":{"start":{"line":58,"column":8},"end":{"line":58,"column":63}},"17":{"start":{"line":62,"column":8},"end":{"line":62,"column":78}},"18":{"start":{"line":63,"column":8},"end":{"line":63,"column":70}},"19":{"start":{"line":64,"column":8},"end":{"line":64,"column":69}},"20":{"start":{"line":65,"column":8},"end":{"line":65,"column":69}},"21":{"start":{"line":68,"column":8},"end":{"line":68,"column":57}},"22":{"start":{"line":70,"column":8},"end":{"line":70,"column":2529}},"23":{"start":{"line":71,"column":12},"end":{"line":71,"column":44}},"24":{"start":{"line":76,"column":8},"end":{"line":76,"column":78}},"25":{"start":{"line":77,"column":8},"end":{"line":77,"column":70}},"26":{"start":{"line":78,"column":8},"end":{"line":78,"column":69}},"27":{"start":{"line":79,"column":8},"end":{"line":79,"column":92}},"28":{"start":{"line":82,"column":8},"end":{"line":82,"column":89}},"29":{"start":{"line":83,"column":8},"end":{"line":83,"column":43}},"30":{"start":{"line":85,"column":8},"end":{"line":85,"column":59}},"31":{"start":{"line":89,"column":8},"end":{"line":89,"column":3356}},"32":{"start":{"line":90,"column":12},"end":{"line":90,"column":3419}},"33":{"start":{"line":91,"column":16},"end":{"line":91,"column":27}},"34":{"start":{"line":94,"column":8},"end":{"line":94,"column":20}},"35":{"start":{"line":98,"column":8},"end":{"line":98,"column":25}},"36":{"start":{"line":99,"column":8},"end":{"line":99,"column":3656}},"37":{"start":{"line":100,"column":12},"end":{"line":100,"column":3719}},"38":{"start":{"line":104,"column":8},"end":{"line":104,"column":20}},"39":{"start":{"line":114,"column":8},"end":{"line":114,"column":78}},"40":{"start":{"line":115,"column":8},"end":{"line":115,"column":70}},"41":{"start":{"line":116,"column":8},"end":{"line":116,"column":4202}},"42":{"start":{"line":126,"column":8},"end":{"line":126,"column":22}},"43":{"start":{"line":130,"column":8},"end":{"line":130,"column":34}}},"branchMap":{"1":{"line":24,"type":"if","locations":[{"start":{"line":24,"column":8},"end":{"line":24,"column":8}},{"start":{"line":24,"column":8},"end":{"line":24,"column":8}}]},"2":{"line":29,"type":"if","locations":[{"start":{"line":29,"column":8},"end":{"line":29,"column":8}},{"start":{"line":29,"column":8},"end":{"line":29,"column":8}}]},"3":{"line":30,"type":"if","locations":[{"start":{"line":30,"column":8},"end":{"line":30,"column":8}},{"start":{"line":30,"column":8},"end":{"line":30,"column":8}}]},"4":{"line":31,"type":"if","locations":[{"start":{"line":31,"column":8},"end":{"line":31,"column":8}},{"start":{"line":31,"column":8},"end":{"line":31,"column":8}}]},"5":{"line":32,"type":"if","locations":[{"start":{"line":32,"column":8},"end":{"line":32,"column":8}},{"start":{"line":32,"column":8},"end":{"line":32,"column":8}}]},"6":{"line":36,"type":"if","locations":[{"start":{"line":36,"column":12},"end":{"line":36,"column":12}},{"start":{"line":36,"column":12},"end":{"line":36,"column":12}}]},"7":{"line":40,"type":"if","locations":[{"start":{"line":40,"column":16},"end":{"line":40,"column":16}},{"start":{"line":40,"column":16},"end":{"line":40,"column":16}}]},"8":{"line":47,"type":"if","locations":[{"start":{"line":47,"column":84},"end":{"line":47,"column":84}},{"start":{"line":47,"column":84},"end":{"line":47,"column":84}}]},"9":{"line":48,"type":"if","locations":[{"start":{"line":48,"column":8},"end":{"line":48,"column":8}},{"start":{"line":48,"column":8},"end":{"line":48,"column":8}}]},"10":{"line":61,"type":"if","locations":[{"start":{"line":61,"column":59},"end":{"line":61,"column":59}},{"start":{"line":61,"column":59},"end":{"line":61,"column":59}}]},"11":{"line":62,"type":"if","locations":[{"start":{"line":62,"column":8},"end":{"line":62,"column":8}},{"start":{"line":62,"column":8},"end":{"line":62,"column":8}}]},"12":{"line":64,"type":"if","locations":[{"start":{"line":64,"column":8},"end":{"line":64,"column":8}},{"start":{"line":64,"column":8},"end":{"line":64,"column":8}}]},"13":{"line":65,"type":"if","locations":[{"start":{"line":65,"column":8},"end":{"line":65,"column":8}},{"start":{"line":65,"column":8},"end":{"line":65,"column":8}}]},"14":{"line":70,"type":"if","locations":[{"start":{"line":70,"column":8},"end":{"line":70,"column":8}},{"start":{"line":70,"column":8},"end":{"line":70,"column":8}}]},"15":{"line":76,"type":"if","locations":[{"start":{"line":76,"column":8},"end":{"line":76,"column":8}},{"start":{"line":76,"column":8},"end":{"line":76,"column":8}}]},"16":{"line":78,"type":"if","locations":[{"start":{"line":78,"column":8},"end":{"line":78,"column":8}},{"start":{"line":78,"column":8},"end":{"line":78,"column":8}}]},"17":{"line":79,"type":"if","locations":[{"start":{"line":79,"column":8},"end":{"line":79,"column":8}},{"start":{"line":79,"column":8},"end":{"line":79,"column":8}}]},"18":{"line":83,"type":"if","locations":[{"start":{"line":83,"column":8},"end":{"line":83,"column":8}},{"start":{"line":83,"column":8},"end":{"line":83,"column":8}}]},"19":{"line":90,"type":"if","locations":[{"start":{"line":90,"column":12},"end":{"line":90,"column":12}},{"start":{"line":90,"column":12},"end":{"line":90,"column":12}}]},"20":{"line":100,"type":"if","locations":[{"start":{"line":100,"column":12},"end":{"line":100,"column":12}},{"start":{"line":100,"column":12},"end":{"line":100,"column":12}}]},"21":{"line":114,"type":"if","locations":[{"start":{"line":114,"column":8},"end":{"line":114,"column":8}},{"start":{"line":114,"column":8},"end":{"line":114,"column":8}}]}}},"contracts\\MultisigFactory.sol":{"l":{"16":3,"17":3,"20":3,"23":3,"26":3,"30":0},"path":"C:\\Users\\Simon Okwa\\Desktop\\Web3bridge-Web3-Cohort-XIII\\onsite-program\\submissions\\week-5\\day-4\\Simon_Okwa\\contracts\\MultisigFactory.sol","s":{"1":3,"2":3,"3":3,"4":3,"5":3,"6":0},"b":{},"f":{"1":3,"2":0},"fnMap":{"1":{"name":"createMultisig","line":11,"loc":{"start":{"line":11,"column":4},"end":{"line":27,"column":4}}},"2":{"name":"getDeployedWallets","line":29,"loc":{"start":{"line":29,"column":4},"end":{"line":31,"column":4}}}},"statementMap":{"1":{"start":{"line":16,"column":8},"end":{"line":16,"column":40}},"2":{"start":{"line":17,"column":8},"end":{"line":17,"column":52}},"3":{"start":{"line":20,"column":8},"end":{"line":20,"column":44}},"4":{"start":{"line":23,"column":8},"end":{"line":23,"column":71}},"5":{"start":{"line":26,"column":8},"end":{"line":26,"column":30}},"6":{"start":{"line":30,"column":8},"end":{"line":30,"column":30}}},"branchMap":{}}}