{"contracts/Factory.sol":{"l":{"14":1,"18":2,"20":2,"24":1,"28":1},"path":"/home/orsini/Documents/Web3bridge/signor/Web3bridge-Web3-Cohort-XIII/onsite-program/submissions/week-6/day-1/Udeh-Udochukwu/contracts/Factory.sol","s":{"1":2,"2":2,"3":1,"4":1},"b":{},"f":{"1":1,"2":2,"3":1,"4":1},"fnMap":{"1":{"name":"constructor","line":13,"loc":{"start":{"line":13,"column":4},"end":{"line":15,"column":4}}},"2":{"name":"createPiggyBank","line":17,"loc":{"start":{"line":17,"column":4},"end":{"line":21,"column":4}}},"3":{"name":"getUserPiggyBanks","line":23,"loc":{"start":{"line":23,"column":4},"end":{"line":25,"column":4}}},"4":{"name":"getMyPiggyBanks","line":27,"loc":{"start":{"line":27,"column":4},"end":{"line":29,"column":4}}}},"statementMap":{"1":{"start":{"line":18,"column":8},"end":{"line":18,"column":96}},"2":{"start":{"line":20,"column":8},"end":{"line":20,"column":57}},"3":{"start":{"line":24,"column":8},"end":{"line":24,"column":37}},"4":{"start":{"line":28,"column":8},"end":{"line":28,"column":41}}},"branchMap":{}},"contracts/IERC20.sol":{"l":{},"path":"/home/orsini/Documents/Web3bridge/signor/Web3bridge-Web3-Cohort-XIII/onsite-program/submissions/week-6/day-1/Udeh-Udochukwu/contracts/IERC20.sol","s":{},"b":{},"f":{},"fnMap":{},"statementMap":{},"branchMap":{}},"contracts/Piggy.sol":{"l":{"16":2,"21":2,"22":2,"23":2,"24":2,"26":2,"27":2,"28":2,"33":0,"34":0,"35":0,"37":0,"41":0,"42":0,"43":0,"45":0,"46":0,"50":0,"52":0,"53":0,"55":0,"56":0,"57":0,"59":0,"61":0,"63":0,"64":0,"66":0,"67":0,"68":0,"70":0,"71":0,"73":0,"78":0,"79":0,"81":0,"86":0,"90":0,"91":0,"92":0},"path":"/home/orsini/Documents/Web3bridge/signor/Web3bridge-Web3-Cohort-XIII/onsite-program/submissions/week-6/day-1/Udeh-Udochukwu/contracts/Piggy.sol","s":{"1":2,"2":2,"3":2,"4":2,"5":0,"6":0,"7":0,"8":0,"9":0,"10":0,"11":0,"12":0,"13":0,"14":0,"15":0,"16":0,"17":0,"18":0,"19":0,"20":0,"21":0,"22":0,"23":0,"24":0,"25":0,"26":0,"27":0,"28":0,"29":0,"30":0,"31":0,"32":0,"33":0},"b":{"1":[2,0],"2":[2,0],"3":[2,0],"4":[0,0],"5":[0,0],"6":[0,0],"7":[0,0],"8":[0,0],"9":[0,0],"10":[0,0],"11":[0,0],"12":[0,0],"13":[0,0],"14":[0,0],"15":[0,0],"16":[0,0],"17":[0,0]},"f":{"1":2,"2":0,"3":0,"4":0,"5":0,"6":0},"fnMap":{"1":{"name":"constructor","line":15,"loc":{"start":{"line":15,"column":4},"end":{"line":30,"column":4}}},"2":{"name":"depositETH","line":32,"loc":{"start":{"line":32,"column":4},"end":{"line":38,"column":4}}},"3":{"name":"depositERC20","line":40,"loc":{"start":{"line":40,"column":4},"end":{"line":47,"column":4}}},"4":{"name":"withdraw","line":49,"loc":{"start":{"line":49,"column":4},"end":{"line":75,"column":4}}},"5":{"name":"getBalance","line":77,"loc":{"start":{"line":77,"column":4},"end":{"line":83,"column":4}}},"6":{"name":"isETH","line":85,"loc":{"start":{"line":85,"column":4},"end":{"line":87,"column":4}}}},"statementMap":{"1":{"start":{"line":16,"column":8},"end":{"line":16,"column":439}},"2":{"start":{"line":26,"column":8},"end":{"line":26,"column":712}},"3":{"start":{"line":27,"column":12},"end":{"line":27,"column":87}},"4":{"start":{"line":28,"column":12},"end":{"line":28,"column":52}},"5":{"start":{"line":33,"column":8},"end":{"line":33,"column":81}},"6":{"start":{"line":34,"column":8},"end":{"line":34,"column":61}},"7":{"start":{"line":35,"column":8},"end":{"line":35,"column":54}},"8":{"start":{"line":37,"column":8},"end":{"line":37,"column":48}},"9":{"start":{"line":41,"column":8},"end":{"line":41,"column":72}},"10":{"start":{"line":42,"column":8},"end":{"line":42,"column":61}},"11":{"start":{"line":43,"column":8},"end":{"line":43,"column":55}},"12":{"start":{"line":45,"column":8},"end":{"line":45,"column":76}},"13":{"start":{"line":46,"column":8},"end":{"line":46,"column":46}},"14":{"start":{"line":50,"column":8},"end":{"line":50,"column":59}},"15":{"start":{"line":52,"column":8},"end":{"line":52,"column":38}},"16":{"start":{"line":53,"column":8},"end":{"line":53,"column":51}},"17":{"start":{"line":55,"column":8},"end":{"line":55,"column":1819}},"18":{"start":{"line":56,"column":12},"end":{"line":56,"column":1871}},"19":{"start":{"line":57,"column":16},"end":{"line":57,"column":38}},"20":{"start":{"line":59,"column":16},"end":{"line":59,"column":60}},"21":{"start":{"line":61,"column":12},"end":{"line":61,"column":53}},"22":{"start":{"line":63,"column":12},"end":{"line":63,"column":50}},"23":{"start":{"line":64,"column":12},"end":{"line":64,"column":52}},"24":{"start":{"line":66,"column":12},"end":{"line":66,"column":2247}},"25":{"start":{"line":67,"column":16},"end":{"line":67,"column":39}},"26":{"start":{"line":68,"column":16},"end":{"line":68,"column":42}},"27":{"start":{"line":70,"column":16},"end":{"line":70,"column":61}},"28":{"start":{"line":71,"column":16},"end":{"line":71,"column":64}},"29":{"start":{"line":73,"column":12},"end":{"line":73,"column":57}},"30":{"start":{"line":78,"column":8},"end":{"line":78,"column":2671}},"31":{"start":{"line":79,"column":12},"end":{"line":79,"column":40}},"32":{"start":{"line":81,"column":12},"end":{"line":81,"column":64}},"33":{"start":{"line":86,"column":8},"end":{"line":86,"column":41}}},"branchMap":{"1":{"line":16,"type":"if","locations":[{"start":{"line":16,"column":8},"end":{"line":16,"column":8}},{"start":{"line":16,"column":8},"end":{"line":16,"column":8}}]},"2":{"line":26,"type":"if","locations":[{"start":{"line":26,"column":8},"end":{"line":26,"column":8}},{"start":{"line":26,"column":8},"end":{"line":26,"column":8}}]},"3":{"line":27,"type":"if","locations":[{"start":{"line":27,"column":12},"end":{"line":27,"column":12}},{"start":{"line":27,"column":12},"end":{"line":27,"column":12}}]},"4":{"line":33,"type":"if","locations":[{"start":{"line":33,"column":8},"end":{"line":33,"column":8}},{"start":{"line":33,"column":8},"end":{"line":33,"column":8}}]},"5":{"line":34,"type":"if","locations":[{"start":{"line":34,"column":8},"end":{"line":34,"column":8}},{"start":{"line":34,"column":8},"end":{"line":34,"column":8}}]},"6":{"line":35,"type":"if","locations":[{"start":{"line":35,"column":8},"end":{"line":35,"column":8}},{"start":{"line":35,"column":8},"end":{"line":35,"column":8}}]},"7":{"line":41,"type":"if","locations":[{"start":{"line":41,"column":8},"end":{"line":41,"column":8}},{"start":{"line":41,"column":8},"end":{"line":41,"column":8}}]},"8":{"line":42,"type":"if","locations":[{"start":{"line":42,"column":8},"end":{"line":42,"column":8}},{"start":{"line":42,"column":8},"end":{"line":42,"column":8}}]},"9":{"line":43,"type":"if","locations":[{"start":{"line":43,"column":8},"end":{"line":43,"column":8}},{"start":{"line":43,"column":8},"end":{"line":43,"column":8}}]},"10":{"line":50,"type":"if","locations":[{"start":{"line":50,"column":8},"end":{"line":50,"column":8}},{"start":{"line":50,"column":8},"end":{"line":50,"column":8}}]},"11":{"line":53,"type":"if","locations":[{"start":{"line":53,"column":8},"end":{"line":53,"column":8}},{"start":{"line":53,"column":8},"end":{"line":53,"column":8}}]},"12":{"line":55,"type":"if","locations":[{"start":{"line":55,"column":8},"end":{"line":55,"column":8}},{"start":{"line":55,"column":8},"end":{"line":55,"column":8}}]},"13":{"line":56,"type":"if","locations":[{"start":{"line":56,"column":12},"end":{"line":56,"column":12}},{"start":{"line":56,"column":12},"end":{"line":56,"column":12}}]},"14":{"line":66,"type":"if","locations":[{"start":{"line":66,"column":12},"end":{"line":66,"column":12}},{"start":{"line":66,"column":12},"end":{"line":66,"column":12}}]},"15":{"line":78,"type":"if","locations":[{"start":{"line":78,"column":8},"end":{"line":78,"column":8}},{"start":{"line":78,"column":8},"end":{"line":78,"column":8}}]},"16":{"line":90,"type":"if","locations":[{"start":{"line":90,"column":8},"end":{"line":90,"column":8}},{"start":{"line":90,"column":8},"end":{"line":90,"column":8}}]},"17":{"line":91,"type":"if","locations":[{"start":{"line":91,"column":8},"end":{"line":91,"column":8}},{"start":{"line":91,"column":8},"end":{"line":91,"column":8}}]}}}}