{"contracts/FactorySavings.sol":{"l":{"22":5,"26":6,"27":6,"28":5,"29":5,"31":1,"34":6,"36":6,"40":2,"42":2,"43":2,"45":2,"46":2,"47":2,"49":0,"50":0,"51":0,"54":2,"58":2,"62":2,"66":1,"67":1,"68":1,"69":1,"70":1,"71":1},"path":"/home/debielily/Desktop/Web3bridge-Web3-Cohort-XIII/onsite-program/submissions/week-6/day-1/Deborah_Olaboye/contracts/FactorySavings.sol","s":{"1":6,"2":6,"3":5,"4":6,"5":6,"6":2,"7":2,"8":2,"9":2,"10":2,"11":2,"12":0,"13":0,"14":0,"15":2,"16":2,"17":2,"18":1,"19":1,"20":1,"21":1},"b":{"1":[5,1],"2":[5,0],"3":[2,0],"4":[2,0],"5":[2,0],"6":[1,0]},"f":{"1":5,"2":6,"3":2,"4":2,"5":2,"6":1},"fnMap":{"1":{"name":"constructor","line":21,"loc":{"start":{"line":21,"column":4},"end":{"line":23,"column":4}}},"2":{"name":"createBank","line":25,"loc":{"start":{"line":25,"column":4},"end":{"line":37,"column":4}}},"3":{"name":"joinBank","line":39,"loc":{"start":{"line":39,"column":4},"end":{"line":55,"column":4}}},"4":{"name":"getUserBanks","line":57,"loc":{"start":{"line":57,"column":4},"end":{"line":59,"column":4}}},"5":{"name":"getTotalBanks","line":61,"loc":{"start":{"line":61,"column":4},"end":{"line":63,"column":4}}},"6":{"name":"getTotalBalance","line":65,"loc":{"start":{"line":65,"column":4},"end":{"line":74,"column":4}}}},"statementMap":{"1":{"start":{"line":26,"column":8},"end":{"line":26,"column":23}},"2":{"start":{"line":27,"column":8},"end":{"line":27,"column":757}},"3":{"start":{"line":28,"column":12},"end":{"line":28,"column":62}},"4":{"start":{"line":34,"column":8},"end":{"line":34,"column":92}},"5":{"start":{"line":36,"column":8},"end":{"line":36,"column":56}},"6":{"start":{"line":40,"column":8},"end":{"line":40,"column":76}},"7":{"start":{"line":42,"column":8},"end":{"line":42,"column":72}},"8":{"start":{"line":43,"column":8},"end":{"line":43,"column":49}},"9":{"start":{"line":45,"column":8},"end":{"line":45,"column":1580}},"10":{"start":{"line":46,"column":12},"end":{"line":46,"column":62}},"11":{"start":{"line":47,"column":12},"end":{"line":47,"column":50}},"12":{"start":{"line":49,"column":12},"end":{"line":49,"column":54}},"13":{"start":{"line":50,"column":12},"end":{"line":50,"column":63}},"14":{"start":{"line":51,"column":12},"end":{"line":51,"column":32}},"15":{"start":{"line":54,"column":8},"end":{"line":54,"column":57}},"16":{"start":{"line":58,"column":8},"end":{"line":58,"column":30}},"17":{"start":{"line":62,"column":8},"end":{"line":62,"column":37}},"18":{"start":{"line":66,"column":8},"end":{"line":66,"column":52}},"19":{"start":{"line":68,"column":8},"end":{"line":68,"column":2416}},"20":{"start":{"line":69,"column":12},"end":{"line":69,"column":62}},"21":{"start":{"line":70,"column":12},"end":{"line":70,"column":2541}}},"branchMap":{"1":{"line":27,"type":"if","locations":[{"start":{"line":27,"column":8},"end":{"line":27,"column":8}},{"start":{"line":27,"column":8},"end":{"line":27,"column":8}}]},"2":{"line":28,"type":"if","locations":[{"start":{"line":28,"column":12},"end":{"line":28,"column":12}},{"start":{"line":28,"column":12},"end":{"line":28,"column":12}}]},"3":{"line":40,"type":"if","locations":[{"start":{"line":40,"column":8},"end":{"line":40,"column":8}},{"start":{"line":40,"column":8},"end":{"line":40,"column":8}}]},"4":{"line":45,"type":"if","locations":[{"start":{"line":45,"column":8},"end":{"line":45,"column":8}},{"start":{"line":45,"column":8},"end":{"line":45,"column":8}}]},"5":{"line":46,"type":"if","locations":[{"start":{"line":46,"column":12},"end":{"line":46,"column":12}},{"start":{"line":46,"column":12},"end":{"line":46,"column":12}}]},"6":{"line":70,"type":"if","locations":[{"start":{"line":70,"column":12},"end":{"line":70,"column":12}},{"start":{"line":70,"column":12},"end":{"line":70,"column":12}}]}}},"contracts/PiggyBank.sol":{"l":{"16":6,"17":6,"18":6,"19":6,"21":6,"22":5,"23":5,"25":1,"30":2,"31":2,"32":2,"34":0,"35":0,"40":0,"41":0,"43":0,"44":0,"45":0,"47":0,"48":0,"49":0,"52":0,"54":0,"55":0,"56":0,"58":0,"59":0,"60":0,"65":1},"path":"/home/debielily/Desktop/Web3bridge-Web3-Cohort-XIII/onsite-program/submissions/week-6/day-1/Deborah_Olaboye/contracts/PiggyBank.sol","s":{"1":6,"2":5,"3":2,"4":2,"5":0,"6":0,"7":0,"8":0,"9":0,"10":0,"11":0,"12":0,"13":0,"14":0,"15":0,"16":0,"17":0,"18":0,"19":1},"b":{"1":[5,1],"2":[5,0],"3":[2,0],"4":[2,0],"5":[0,0],"6":[0,0],"7":[0,0],"8":[0,0],"9":[0,0],"10":[0,0]},"f":{"1":6,"2":2,"3":0,"4":1},"fnMap":{"1":{"name":"constructor","line":15,"loc":{"start":{"line":15,"column":4},"end":{"line":27,"column":4}}},"2":{"name":"deposit","line":29,"loc":{"start":{"line":29,"column":4},"end":{"line":37,"column":4}}},"3":{"name":"withdraw","line":39,"loc":{"start":{"line":39,"column":4},"end":{"line":62,"column":4}}},"4":{"name":"getBalance","line":64,"loc":{"start":{"line":64,"column":4},"end":{"line":66,"column":4}}}},"statementMap":{"1":{"start":{"line":21,"column":8},"end":{"line":21,"column":690}},"2":{"start":{"line":22,"column":12},"end":{"line":22,"column":62}},"3":{"start":{"line":30,"column":8},"end":{"line":30,"column":964}},"4":{"start":{"line":31,"column":12},"end":{"line":31,"column":62}},"5":{"start":{"line":34,"column":12},"end":{"line":34,"column":80}},"6":{"start":{"line":40,"column":8},"end":{"line":40,"column":48}},"7":{"start":{"line":41,"column":8},"end":{"line":41,"column":47}},"8":{"start":{"line":44,"column":8},"end":{"line":44,"column":23}},"9":{"start":{"line":45,"column":8},"end":{"line":45,"column":33}},"10":{"start":{"line":47,"column":8},"end":{"line":47,"column":1489}},"11":{"start":{"line":54,"column":8},"end":{"line":54,"column":1644}},"12":{"start":{"line":55,"column":12},"end":{"line":55,"column":42}},"13":{"start":{"line":56,"column":12},"end":{"line":56,"column":60}},"14":{"start":{"line":56,"column":25},"end":{"line":56,"column":59}},"15":{"start":{"line":58,"column":12},"end":{"line":58,"column":47}},"16":{"start":{"line":59,"column":12},"end":{"line":59,"column":40}},"17":{"start":{"line":60,"column":12},"end":{"line":60,"column":58}},"18":{"start":{"line":60,"column":25},"end":{"line":60,"column":57}},"19":{"start":{"line":65,"column":8},"end":{"line":65,"column":23}}},"branchMap":{"1":{"line":21,"type":"if","locations":[{"start":{"line":21,"column":8},"end":{"line":21,"column":8}},{"start":{"line":21,"column":8},"end":{"line":21,"column":8}}]},"2":{"line":22,"type":"if","locations":[{"start":{"line":22,"column":12},"end":{"line":22,"column":12}},{"start":{"line":22,"column":12},"end":{"line":22,"column":12}}]},"3":{"line":30,"type":"if","locations":[{"start":{"line":30,"column":8},"end":{"line":30,"column":8}},{"start":{"line":30,"column":8},"end":{"line":30,"column":8}}]},"4":{"line":31,"type":"if","locations":[{"start":{"line":31,"column":12},"end":{"line":31,"column":12}},{"start":{"line":31,"column":12},"end":{"line":31,"column":12}}]},"5":{"line":40,"type":"if","locations":[{"start":{"line":40,"column":8},"end":{"line":40,"column":8}},{"start":{"line":40,"column":8},"end":{"line":40,"column":8}}]},"6":{"line":41,"type":"if","locations":[{"start":{"line":41,"column":8},"end":{"line":41,"column":8}},{"start":{"line":41,"column":8},"end":{"line":41,"column":8}}]},"7":{"line":47,"type":"if","locations":[{"start":{"line":47,"column":8},"end":{"line":47,"column":8}},{"start":{"line":47,"column":8},"end":{"line":47,"column":8}}]},"8":{"line":54,"type":"if","locations":[{"start":{"line":54,"column":8},"end":{"line":54,"column":8}},{"start":{"line":54,"column":8},"end":{"line":54,"column":8}}]},"9":{"line":56,"type":"if","locations":[{"start":{"line":56,"column":12},"end":{"line":56,"column":12}},{"start":{"line":56,"column":12},"end":{"line":56,"column":12}}]},"10":{"line":60,"type":"if","locations":[{"start":{"line":60,"column":12},"end":{"line":60,"column":12}},{"start":{"line":60,"column":12},"end":{"line":60,"column":12}}]}}},"contracts/Token.sol":{"l":{"8":1},"path":"/home/debielily/Desktop/Web3bridge-Web3-Cohort-XIII/onsite-program/submissions/week-6/day-1/Deborah_Olaboye/contracts/Token.sol","s":{"1":1},"b":{},"f":{"1":1},"fnMap":{"1":{"name":"constructor","line":7,"loc":{"start":{"line":7,"column":4},"end":{"line":9,"column":4}}}},"statementMap":{"1":{"start":{"line":8,"column":8},"end":{"line":8,"column":34}}},"branchMap":{}}}