{"contracts\\ERC20.sol":{"l":{"17":4,"21":1,"22":1,"24":1,"25":1,"27":1,"28":1,"32":1,"34":1,"35":1,"36":1,"44":1,"45":1,"46":1,"48":1,"49":1,"50":1,"52":1,"53":1,"57":4,"58":4,"60":4,"61":4,"63":4,"67":1,"69":1,"70":1,"72":1},"path":"C:\\Users\\Simon Okwa\\Desktop\\Web3bridge-Web3-Cohort-XIII\\onsite-program\\submissions\\week-4\\day-6\\day-6-task-2\\Simon_Okwa\\contracts\\ERC20.sol","s":{"1":1,"2":1,"3":1,"4":1,"5":1,"6":1,"7":1,"8":1,"9":1,"10":1,"11":1,"12":1,"13":4,"14":4,"15":4,"16":1,"17":1},"b":{"1":[1,0],"2":[1,0],"3":[1,0],"4":[1,0],"5":[1,0],"6":[1,0],"7":[4,0],"8":[4,0],"9":[1,0]},"f":{"1":4,"2":1,"3":1,"4":1,"5":4,"6":1},"fnMap":{"1":{"name":"constructor","line":16,"loc":{"start":{"line":16,"column":4},"end":{"line":18,"column":4}}},"2":{"name":"transfer","line":20,"loc":{"start":{"line":20,"column":4},"end":{"line":29,"column":4}}},"3":{"name":"approve","line":31,"loc":{"start":{"line":31,"column":4},"end":{"line":37,"column":4}}},"4":{"name":"transferFrom","line":39,"loc":{"start":{"line":39,"column":4},"end":{"line":54,"column":4}}},"5":{"name":"mint","line":56,"loc":{"start":{"line":56,"column":4},"end":{"line":64,"column":4}}},"6":{"name":"burn","line":66,"loc":{"start":{"line":66,"column":4},"end":{"line":73,"column":4}}}},"statementMap":{"1":{"start":{"line":21,"column":8},"end":{"line":21,"column":78}},"2":{"start":{"line":22,"column":8},"end":{"line":22,"column":74}},"3":{"start":{"line":27,"column":8},"end":{"line":27,"column":52}},"4":{"start":{"line":28,"column":8},"end":{"line":28,"column":19}},"5":{"start":{"line":32,"column":8},"end":{"line":32,"column":71}},"6":{"start":{"line":35,"column":8},"end":{"line":35,"column":50}},"7":{"start":{"line":36,"column":8},"end":{"line":36,"column":19}},"8":{"start":{"line":44,"column":8},"end":{"line":44,"column":84}},"9":{"start":{"line":45,"column":8},"end":{"line":45,"column":74}},"10":{"start":{"line":46,"column":8},"end":{"line":46,"column":74}},"11":{"start":{"line":52,"column":8},"end":{"line":52,"column":48}},"12":{"start":{"line":53,"column":8},"end":{"line":53,"column":19}},"13":{"start":{"line":57,"column":8},"end":{"line":57,"column":65}},"14":{"start":{"line":58,"column":8},"end":{"line":58,"column":50}},"15":{"start":{"line":63,"column":8},"end":{"line":63,"column":53}},"16":{"start":{"line":67,"column":8},"end":{"line":67,"column":85}},"17":{"start":{"line":72,"column":8},"end":{"line":72,"column":53}}},"branchMap":{"1":{"line":21,"type":"if","locations":[{"start":{"line":21,"column":8},"end":{"line":21,"column":8}},{"start":{"line":21,"column":8},"end":{"line":21,"column":8}}]},"2":{"line":22,"type":"if","locations":[{"start":{"line":22,"column":8},"end":{"line":22,"column":8}},{"start":{"line":22,"column":8},"end":{"line":22,"column":8}}]},"3":{"line":32,"type":"if","locations":[{"start":{"line":32,"column":8},"end":{"line":32,"column":8}},{"start":{"line":32,"column":8},"end":{"line":32,"column":8}}]},"4":{"line":44,"type":"if","locations":[{"start":{"line":44,"column":8},"end":{"line":44,"column":8}},{"start":{"line":44,"column":8},"end":{"line":44,"column":8}}]},"5":{"line":45,"type":"if","locations":[{"start":{"line":45,"column":8},"end":{"line":45,"column":8}},{"start":{"line":45,"column":8},"end":{"line":45,"column":8}}]},"6":{"line":46,"type":"if","locations":[{"start":{"line":46,"column":8},"end":{"line":46,"column":8}},{"start":{"line":46,"column":8},"end":{"line":46,"column":8}}]},"7":{"line":57,"type":"if","locations":[{"start":{"line":57,"column":8},"end":{"line":57,"column":8}},{"start":{"line":57,"column":8},"end":{"line":57,"column":8}}]},"8":{"line":58,"type":"if","locations":[{"start":{"line":58,"column":8},"end":{"line":58,"column":8}},{"start":{"line":58,"column":8},"end":{"line":58,"column":8}}]},"9":{"line":67,"type":"if","locations":[{"start":{"line":67,"column":8},"end":{"line":67,"column":8}},{"start":{"line":67,"column":8},"end":{"line":67,"column":8}}]}}}}