{"contracts/Employee.sol":{"l":{"11":1,"12":1,"30":2,"31":2,"32":2,"36":5,"37":5,"38":0,"40":5,"47":5,"51":1,"52":1,"54":1,"55":1,"56":1,"57":1,"61":0,"62":0,"63":0,"65":0,"66":0,"69":0,"73":4,"74":4,"79":2,"80":2,"82":2,"83":0,"86":2,"87":0,"90":2,"91":0,"94":2,"95":2,"96":0,"98":2,"99":2,"103":0,"104":0,"107":0,"108":0,"112":1,"113":1,"114":1},"path":"/home/adetayo/Documents/Web3bridge-Web3-Cohort-XIII/onsite-program/submissions/week-5/day-3/Tella-Adetayo/employee_access/contracts/Employee.sol","s":{"1":1,"2":2,"3":2,"4":5,"5":5,"6":5,"7":1,"8":1,"9":0,"10":0,"11":0,"12":0,"13":0,"14":4,"15":4,"16":2,"17":2,"18":2,"19":2,"20":2,"21":2,"22":2,"23":2,"24":0,"25":0,"26":0,"27":1,"28":1,"29":1},"b":{"1":[2,0],"2":[0,5],"3":[2,0],"4":[0,2],"5":[0,2],"6":[0,2],"7":[0,2],"8":[0,0],"9":[0,0],"10":[0,0]},"f":{"1":1,"2":0,"3":2,"4":5,"5":1,"6":0,"7":4,"8":2,"9":0,"10":1},"fnMap":{"1":{"name":"constructor","line":10,"loc":{"start":{"line":10,"column":4},"end":{"line":13,"column":4}}},"2":{"name":null,"line":16,"loc":{"start":{"line":16,"column":4},"end":{"line":16,"column":33}}},"3":{"name":"onlyOwner","line":29,"loc":{"start":{"line":29,"column":4},"end":{"line":33,"column":4}}},"4":{"name":"registerUser","line":35,"loc":{"start":{"line":35,"column":4},"end":{"line":48,"column":4}}},"5":{"name":"updateUser","line":50,"loc":{"start":{"line":50,"column":4},"end":{"line":58,"column":4}}},"6":{"name":"getAllUsers","line":60,"loc":{"start":{"line":60,"column":4},"end":{"line":70,"column":4}}},"7":{"name":"getUser","line":72,"loc":{"start":{"line":72,"column":4},"end":{"line":76,"column":4}}},"8":{"name":"disburseSalary","line":78,"loc":{"start":{"line":78,"column":4},"end":{"line":100,"column":4}}},"9":{"name":"withdraw","line":102,"loc":{"start":{"line":102,"column":4},"end":{"line":109,"column":4}}},"10":{"name":"remainingSalary","line":111,"loc":{"start":{"line":111,"column":4},"end":{"line":115,"column":4}}}},"statementMap":{"1":{"start":{"line":11,"column":8},"end":{"line":11,"column":52}},"2":{"start":{"line":30,"column":8},"end":{"line":30,"column":52}},"3":{"start":{"line":31,"column":8},"end":{"line":31,"column":52}},"4":{"start":{"line":36,"column":8},"end":{"line":36,"column":52}},"5":{"start":{"line":37,"column":8},"end":{"line":37,"column":985}},"6":{"start":{"line":47,"column":8},"end":{"line":47,"column":32}},"7":{"start":{"line":51,"column":8},"end":{"line":51,"column":52}},"8":{"start":{"line":52,"column":8},"end":{"line":52,"column":62}},"9":{"start":{"line":61,"column":8},"end":{"line":61,"column":52}},"10":{"start":{"line":62,"column":8},"end":{"line":62,"column":40}},"11":{"start":{"line":63,"column":8},"end":{"line":63,"column":79}},"12":{"start":{"line":65,"column":8},"end":{"line":65,"column":1973}},"13":{"start":{"line":69,"column":8},"end":{"line":69,"column":27}},"14":{"start":{"line":73,"column":8},"end":{"line":73,"column":52}},"15":{"start":{"line":74,"column":8},"end":{"line":74,"column":34}},"16":{"start":{"line":79,"column":8},"end":{"line":79,"column":52}},"17":{"start":{"line":80,"column":8},"end":{"line":80,"column":65}},"18":{"start":{"line":82,"column":8},"end":{"line":82,"column":2541}},"19":{"start":{"line":86,"column":8},"end":{"line":86,"column":2637}},"20":{"start":{"line":90,"column":8},"end":{"line":90,"column":2729}},"21":{"start":{"line":94,"column":8},"end":{"line":94,"column":61}},"22":{"start":{"line":95,"column":8},"end":{"line":95,"column":2902}},"23":{"start":{"line":99,"column":8},"end":{"line":99,"column":43}},"24":{"start":{"line":103,"column":8},"end":{"line":103,"column":3147}},"25":{"start":{"line":107,"column":8},"end":{"line":107,"column":55}},"26":{"start":{"line":108,"column":8},"end":{"line":108,"column":42}},"27":{"start":{"line":112,"column":8},"end":{"line":112,"column":52}},"28":{"start":{"line":113,"column":8},"end":{"line":113,"column":65}},"29":{"start":{"line":114,"column":8},"end":{"line":114,"column":51}}},"branchMap":{"1":{"line":31,"type":"if","locations":[{"start":{"line":31,"column":8},"end":{"line":31,"column":8}},{"start":{"line":31,"column":8},"end":{"line":31,"column":8}}]},"2":{"line":37,"type":"if","locations":[{"start":{"line":37,"column":8},"end":{"line":37,"column":8}},{"start":{"line":37,"column":8},"end":{"line":37,"column":8}}]},"3":{"line":78,"type":"if","locations":[{"start":{"line":78,"column":89},"end":{"line":78,"column":89}},{"start":{"line":78,"column":89},"end":{"line":78,"column":89}}]},"4":{"line":82,"type":"if","locations":[{"start":{"line":82,"column":8},"end":{"line":82,"column":8}},{"start":{"line":82,"column":8},"end":{"line":82,"column":8}}]},"5":{"line":86,"type":"if","locations":[{"start":{"line":86,"column":8},"end":{"line":86,"column":8}},{"start":{"line":86,"column":8},"end":{"line":86,"column":8}}]},"6":{"line":90,"type":"if","locations":[{"start":{"line":90,"column":8},"end":{"line":90,"column":8}},{"start":{"line":90,"column":8},"end":{"line":90,"column":8}}]},"7":{"line":95,"type":"if","locations":[{"start":{"line":95,"column":8},"end":{"line":95,"column":8}},{"start":{"line":95,"column":8},"end":{"line":95,"column":8}}]},"8":{"line":102,"type":"if","locations":[{"start":{"line":102,"column":69},"end":{"line":102,"column":69}},{"start":{"line":102,"column":69},"end":{"line":102,"column":69}}]},"9":{"line":103,"type":"if","locations":[{"start":{"line":103,"column":8},"end":{"line":103,"column":8}},{"start":{"line":103,"column":8},"end":{"line":103,"column":8}}]},"10":{"line":108,"type":"if","locations":[{"start":{"line":108,"column":8},"end":{"line":108,"column":8}},{"start":{"line":108,"column":8},"end":{"line":108,"column":8}}]}}},"contracts/EmployeeFactory.sol":{"l":{"13":0,"14":0,"15":0,"19":0,"20":0},"path":"/home/adetayo/Documents/Web3bridge-Web3-Cohort-XIII/onsite-program/submissions/week-5/day-3/Tella-Adetayo/employee_access/contracts/EmployeeFactory.sol","s":{"1":0,"2":0,"3":0,"4":0,"5":0},"b":{},"f":{"1":0,"2":0},"fnMap":{"1":{"name":"createEmployee","line":12,"loc":{"start":{"line":12,"column":4},"end":{"line":16,"column":4}}},"2":{"name":"getAllAddr","line":18,"loc":{"start":{"line":18,"column":4},"end":{"line":21,"column":4}}}},"statementMap":{"1":{"start":{"line":13,"column":8},"end":{"line":13,"column":52}},"2":{"start":{"line":14,"column":8},"end":{"line":14,"column":51}},"3":{"start":{"line":15,"column":8},"end":{"line":15,"column":44}},"4":{"start":{"line":19,"column":8},"end":{"line":19,"column":52}},"5":{"start":{"line":20,"column":8},"end":{"line":20,"column":25}}},"branchMap":{}}}