{"contracts/SchoolManagementSystem.sol":{"l":{"18":6,"24":6,"29":2,"30":1,"31":1,"36":1,"37":1,"42":1,"43":1,"44":1,"45":1,"50":5,"51":4,"56":2},"path":"/home/akan_nigeria/Web3bridge-Web3-Cohort-XIII/onsite-program/submissions/week-4/day-2/Akanimoh-Johnson/contracts/SchoolManagementSystem.sol","s":{"1":6,"2":6,"3":2,"4":1,"5":1,"6":1,"7":5,"8":4,"9":2},"b":{"1":[1,1],"2":[1,0],"3":[1,0],"4":[4,1]},"f":{"1":6,"2":2,"3":1,"4":1,"5":5,"6":2},"fnMap":{"1":{"name":"register_student","line":17,"loc":{"start":{"line":17,"column":4},"end":{"line":25,"column":4}}},"2":{"name":"update_student","line":28,"loc":{"start":{"line":28,"column":4},"end":{"line":32,"column":4}}},"3":{"name":"update_status","line":35,"loc":{"start":{"line":35,"column":4},"end":{"line":38,"column":4}}},"4":{"name":"delete_student","line":41,"loc":{"start":{"line":41,"column":4},"end":{"line":46,"column":4}}},"5":{"name":"get_student","line":49,"loc":{"start":{"line":49,"column":4},"end":{"line":52,"column":4}}},"6":{"name":"get_all_students","line":55,"loc":{"start":{"line":55,"column":4},"end":{"line":57,"column":4}}}},"statementMap":{"1":{"start":{"line":18,"column":8},"end":{"line":18,"column":386}},"2":{"start":{"line":24,"column":8},"end":{"line":24,"column":33}},"3":{"start":{"line":29,"column":8},"end":{"line":29,"column":57}},"4":{"start":{"line":36,"column":8},"end":{"line":36,"column":57}},"5":{"start":{"line":42,"column":8},"end":{"line":42,"column":57}},"6":{"start":{"line":45,"column":8},"end":{"line":45,"column":21}},"7":{"start":{"line":50,"column":8},"end":{"line":50,"column":57}},"8":{"start":{"line":51,"column":8},"end":{"line":51,"column":31}},"9":{"start":{"line":56,"column":8},"end":{"line":56,"column":23}}},"branchMap":{"1":{"line":29,"type":"if","locations":[{"start":{"line":29,"column":8},"end":{"line":29,"column":8}},{"start":{"line":29,"column":8},"end":{"line":29,"column":8}}]},"2":{"line":36,"type":"if","locations":[{"start":{"line":36,"column":8},"end":{"line":36,"column":8}},{"start":{"line":36,"column":8},"end":{"line":36,"column":8}}]},"3":{"line":42,"type":"if","locations":[{"start":{"line":42,"column":8},"end":{"line":42,"column":8}},{"start":{"line":42,"column":8},"end":{"line":42,"column":8}}]},"4":{"line":50,"type":"if","locations":[{"start":{"line":50,"column":8},"end":{"line":50,"column":8}},{"start":{"line":50,"column":8},"end":{"line":50,"column":8}}]}}}}