{"contracts/MultiSig.sol":{"l":{"35":18,"36":18,"40":12,"41":12,"45":12,"46":12,"50":10,"51":10,"55":1,"56":1,"62":1,"63":4,"65":4,"66":4,"68":4,"69":4,"72":1,"76":1,"83":6,"85":6,"95":6,"105":10,"106":10,"107":10,"109":10,"118":1,"120":1,"125":1,"127":1,"129":1,"131":1,"140":1,"142":1,"144":1,"145":1,"147":1,"151":1,"155":6,"169":1,"171":1},"path":"/home/debielily/Desktop/Web3bridge-Web3-Cohort-XIII/onsite-program/submissions/week-5/day-4/Deborah_Olaboye/contracts/MultiSig.sol","s":{"1":18,"2":12,"3":12,"4":10,"5":1,"6":1,"7":1,"8":4,"9":4,"10":4,"11":4,"12":6,"13":6,"14":6,"15":10,"16":10,"17":1,"18":1,"19":1,"20":1,"21":1,"22":1,"23":1,"24":1,"25":1,"26":6,"27":1,"28":1},"b":{"1":[18,0],"2":[12,0],"3":[12,0],"4":[10,0],"5":[1,0],"6":[1,0],"7":[4,0],"8":[4,0],"9":[6,0],"10":[10,0],"11":[10,0],"12":[10,0],"13":[10,0],"14":[1,0],"15":[1,0],"16":[1,0],"17":[1,0],"18":[1,0],"19":[1,0],"20":[1,0],"21":[1,0],"22":[1,0]},"f":{"1":18,"2":12,"3":12,"4":10,"5":1,"6":6,"7":10,"8":1,"9":1,"10":1,"11":6,"12":1},"fnMap":{"1":{"name":"onlyOwner","line":34,"loc":{"start":{"line":34,"column":4},"end":{"line":37,"column":4}}},"2":{"name":"txExists","line":39,"loc":{"start":{"line":39,"column":4},"end":{"line":42,"column":4}}},"3":{"name":"notExecuted","line":44,"loc":{"start":{"line":44,"column":4},"end":{"line":47,"column":4}}},"4":{"name":"notConfirmed","line":49,"loc":{"start":{"line":49,"column":4},"end":{"line":52,"column":4}}},"5":{"name":"constructor","line":54,"loc":{"start":{"line":54,"column":4},"end":{"line":73,"column":4}}},"6":{"name":"submitTransaction","line":81,"loc":{"start":{"line":79,"column":4},"end":{"line":96,"column":4}}},"7":{"name":"confirmTransaction","line":103,"loc":{"start":{"line":98,"column":4},"end":{"line":110,"column":4}}},"8":{"name":"executeTransaction","line":116,"loc":{"start":{"line":112,"column":4},"end":{"line":132,"column":4}}},"9":{"name":"revokeConfirmation","line":138,"loc":{"start":{"line":134,"column":4},"end":{"line":148,"column":4}}},"10":{"name":"getOwners","line":150,"loc":{"start":{"line":150,"column":4},"end":{"line":152,"column":4}}},"11":{"name":"getTransactionCount","line":154,"loc":{"start":{"line":154,"column":4},"end":{"line":156,"column":4}}},"12":{"name":"getTransaction","line":158,"loc":{"start":{"line":158,"column":4},"end":{"line":178,"column":4}}}},"statementMap":{"1":{"start":{"line":35,"column":8},"end":{"line":35,"column":48}},"2":{"start":{"line":40,"column":8},"end":{"line":40,"column":67}},"3":{"start":{"line":45,"column":8},"end":{"line":45,"column":71}},"4":{"start":{"line":50,"column":8},"end":{"line":50,"column":74}},"5":{"start":{"line":55,"column":8},"end":{"line":55,"column":53}},"6":{"start":{"line":56,"column":8},"end":{"line":56,"column":1649}},"7":{"start":{"line":62,"column":8},"end":{"line":62,"column":1839}},"8":{"start":{"line":63,"column":12},"end":{"line":63,"column":38}},"9":{"start":{"line":65,"column":12},"end":{"line":65,"column":56}},"10":{"start":{"line":66,"column":12},"end":{"line":66,"column":55}},"11":{"start":{"line":69,"column":12},"end":{"line":69,"column":29}},"12":{"start":{"line":83,"column":8},"end":{"line":83,"column":45}},"13":{"start":{"line":85,"column":8},"end":{"line":85,"column":2475}},"14":{"start":{"line":95,"column":8},"end":{"line":95,"column":71}},"15":{"start":{"line":105,"column":8},"end":{"line":105,"column":64}},"16":{"start":{"line":109,"column":8},"end":{"line":109,"column":53}},"17":{"start":{"line":118,"column":8},"end":{"line":118,"column":64}},"18":{"start":{"line":120,"column":8},"end":{"line":120,"column":3401}},"19":{"start":{"line":127,"column":8},"end":{"line":127,"column":3637}},"20":{"start":{"line":129,"column":8},"end":{"line":129,"column":36}},"21":{"start":{"line":131,"column":8},"end":{"line":131,"column":53}},"22":{"start":{"line":140,"column":8},"end":{"line":140,"column":64}},"23":{"start":{"line":142,"column":8},"end":{"line":142,"column":69}},"24":{"start":{"line":147,"column":8},"end":{"line":147,"column":53}},"25":{"start":{"line":151,"column":8},"end":{"line":151,"column":21}},"26":{"start":{"line":155,"column":8},"end":{"line":155,"column":34}},"27":{"start":{"line":169,"column":8},"end":{"line":169,"column":64}},"28":{"start":{"line":171,"column":8},"end":{"line":171,"column":4746}}},"branchMap":{"1":{"line":35,"type":"if","locations":[{"start":{"line":35,"column":8},"end":{"line":35,"column":8}},{"start":{"line":35,"column":8},"end":{"line":35,"column":8}}]},"2":{"line":40,"type":"if","locations":[{"start":{"line":40,"column":8},"end":{"line":40,"column":8}},{"start":{"line":40,"column":8},"end":{"line":40,"column":8}}]},"3":{"line":45,"type":"if","locations":[{"start":{"line":45,"column":8},"end":{"line":45,"column":8}},{"start":{"line":45,"column":8},"end":{"line":45,"column":8}}]},"4":{"line":50,"type":"if","locations":[{"start":{"line":50,"column":8},"end":{"line":50,"column":8}},{"start":{"line":50,"column":8},"end":{"line":50,"column":8}}]},"5":{"line":55,"type":"if","locations":[{"start":{"line":55,"column":8},"end":{"line":55,"column":8}},{"start":{"line":55,"column":8},"end":{"line":55,"column":8}}]},"6":{"line":56,"type":"if","locations":[{"start":{"line":56,"column":8},"end":{"line":56,"column":8}},{"start":{"line":56,"column":8},"end":{"line":56,"column":8}}]},"7":{"line":65,"type":"if","locations":[{"start":{"line":65,"column":12},"end":{"line":65,"column":12}},{"start":{"line":65,"column":12},"end":{"line":65,"column":12}}]},"8":{"line":66,"type":"if","locations":[{"start":{"line":66,"column":12},"end":{"line":66,"column":12}},{"start":{"line":66,"column":12},"end":{"line":66,"column":12}}]},"9":{"line":81,"type":"if","locations":[{"start":{"line":81,"column":8},"end":{"line":81,"column":8}},{"start":{"line":81,"column":8},"end":{"line":81,"column":8}}]},"10":{"line":100,"type":"if","locations":[{"start":{"line":100,"column":8},"end":{"line":100,"column":8}},{"start":{"line":100,"column":8},"end":{"line":100,"column":8}}]},"11":{"line":101,"type":"if","locations":[{"start":{"line":101,"column":8},"end":{"line":101,"column":8}},{"start":{"line":101,"column":8},"end":{"line":101,"column":8}}]},"12":{"line":102,"type":"if","locations":[{"start":{"line":102,"column":8},"end":{"line":102,"column":8}},{"start":{"line":102,"column":8},"end":{"line":102,"column":8}}]},"13":{"line":103,"type":"if","locations":[{"start":{"line":103,"column":8},"end":{"line":103,"column":8}},{"start":{"line":103,"column":8},"end":{"line":103,"column":8}}]},"14":{"line":114,"type":"if","locations":[{"start":{"line":114,"column":8},"end":{"line":114,"column":8}},{"start":{"line":114,"column":8},"end":{"line":114,"column":8}}]},"15":{"line":115,"type":"if","locations":[{"start":{"line":115,"column":8},"end":{"line":115,"column":8}},{"start":{"line":115,"column":8},"end":{"line":115,"column":8}}]},"16":{"line":116,"type":"if","locations":[{"start":{"line":116,"column":8},"end":{"line":116,"column":8}},{"start":{"line":116,"column":8},"end":{"line":116,"column":8}}]},"17":{"line":120,"type":"if","locations":[{"start":{"line":120,"column":8},"end":{"line":120,"column":8}},{"start":{"line":120,"column":8},"end":{"line":120,"column":8}}]},"18":{"line":129,"type":"if","locations":[{"start":{"line":129,"column":8},"end":{"line":129,"column":8}},{"start":{"line":129,"column":8},"end":{"line":129,"column":8}}]},"19":{"line":136,"type":"if","locations":[{"start":{"line":136,"column":8},"end":{"line":136,"column":8}},{"start":{"line":136,"column":8},"end":{"line":136,"column":8}}]},"20":{"line":137,"type":"if","locations":[{"start":{"line":137,"column":8},"end":{"line":137,"column":8}},{"start":{"line":137,"column":8},"end":{"line":137,"column":8}}]},"21":{"line":138,"type":"if","locations":[{"start":{"line":138,"column":8},"end":{"line":138,"column":8}},{"start":{"line":138,"column":8},"end":{"line":138,"column":8}}]},"22":{"line":142,"type":"if","locations":[{"start":{"line":142,"column":8},"end":{"line":142,"column":8}},{"start":{"line":142,"column":8},"end":{"line":142,"column":8}}]}}}}