{"contracts/Company.sol":{"l":{"20":9,"21":8,"23":8,"27":3,"28":3,"29":2,"33":12,"39":3,"40":3,"42":1,"51":4,"53":4,"57":0,"58":0,"63":0,"64":0,"66":0},"path":"/home/olamilekan/Documents/web3/web3Bridge/Web3bridge-Web3-Cohort-XIII/onsite-program/submissions/week-4/day-6/day-6-task-1/Olamilekan-Oladipupo/contracts/Company.sol","s":{"1":9,"2":8,"3":3,"4":3,"5":12,"6":3,"7":3,"8":1,"9":4,"10":0,"11":0,"12":0},"b":{"1":[8,1],"2":[3,0],"3":[2,1],"4":[3,0],"5":[1,2],"6":[4,0],"7":[0,0],"8":[0,0],"9":[0,0]},"f":{"1":9,"2":3,"3":12,"4":3,"5":4,"6":0,"7":0,"8":0},"fnMap":{"1":{"name":"createEmployee","line":19,"loc":{"start":{"line":19,"column":4},"end":{"line":25,"column":4}}},"2":{"name":"setEmployeeSalary","line":26,"loc":{"start":{"line":26,"column":4},"end":{"line":30,"column":4}}},"3":{"name":"getEmployee","line":32,"loc":{"start":{"line":32,"column":4},"end":{"line":35,"column":4}}},"4":{"name":"paySalary","line":37,"loc":{"start":{"line":37,"column":4},"end":{"line":46,"column":4}}},"5":{"name":"updateEmployeeStatus","line":49,"loc":{"start":{"line":49,"column":4},"end":{"line":54,"column":4}}},"6":{"name":"updateEmployeeDetails","line":56,"loc":{"start":{"line":56,"column":4},"end":{"line":59,"column":4}}},"7":{"name":"updateEmployeeSalary","line":61,"loc":{"start":{"line":61,"column":4},"end":{"line":67,"column":4}}},"8":{"name":null,"line":69,"loc":{"start":{"line":69,"column":4},"end":{"line":69,"column":25}}}},"statementMap":{"1":{"start":{"line":20,"column":8},"end":{"line":20,"column":101}},"2":{"start":{"line":21,"column":8},"end":{"line":21,"column":35}},"3":{"start":{"line":27,"column":8},"end":{"line":27,"column":103}},"4":{"start":{"line":28,"column":8},"end":{"line":28,"column":98}},"5":{"start":{"line":33,"column":8},"end":{"line":33,"column":44}},"6":{"start":{"line":39,"column":8},"end":{"line":39,"column":103}},"7":{"start":{"line":40,"column":8},"end":{"line":40,"column":98}},"8":{"start":{"line":42,"column":8},"end":{"line":42,"column":79}},"9":{"start":{"line":51,"column":8},"end":{"line":51,"column":103}},"10":{"start":{"line":57,"column":8},"end":{"line":57,"column":103}},"11":{"start":{"line":63,"column":8},"end":{"line":63,"column":103}},"12":{"start":{"line":64,"column":8},"end":{"line":64,"column":98}}},"branchMap":{"1":{"line":20,"type":"if","locations":[{"start":{"line":20,"column":8},"end":{"line":20,"column":8}},{"start":{"line":20,"column":8},"end":{"line":20,"column":8}}]},"2":{"line":27,"type":"if","locations":[{"start":{"line":27,"column":8},"end":{"line":27,"column":8}},{"start":{"line":27,"column":8},"end":{"line":27,"column":8}}]},"3":{"line":28,"type":"if","locations":[{"start":{"line":28,"column":8},"end":{"line":28,"column":8}},{"start":{"line":28,"column":8},"end":{"line":28,"column":8}}]},"4":{"line":39,"type":"if","locations":[{"start":{"line":39,"column":8},"end":{"line":39,"column":8}},{"start":{"line":39,"column":8},"end":{"line":39,"column":8}}]},"5":{"line":40,"type":"if","locations":[{"start":{"line":40,"column":8},"end":{"line":40,"column":8}},{"start":{"line":40,"column":8},"end":{"line":40,"column":8}}]},"6":{"line":51,"type":"if","locations":[{"start":{"line":51,"column":8},"end":{"line":51,"column":8}},{"start":{"line":51,"column":8},"end":{"line":51,"column":8}}]},"7":{"line":57,"type":"if","locations":[{"start":{"line":57,"column":8},"end":{"line":57,"column":8}},{"start":{"line":57,"column":8},"end":{"line":57,"column":8}}]},"8":{"line":63,"type":"if","locations":[{"start":{"line":63,"column":8},"end":{"line":63,"column":8}},{"start":{"line":63,"column":8},"end":{"line":63,"column":8}}]},"9":{"line":64,"type":"if","locations":[{"start":{"line":64,"column":8},"end":{"line":64,"column":8}},{"start":{"line":64,"column":8},"end":{"line":64,"column":8}}]}}},"contracts/CompanyInterface.sol":{"l":{},"path":"/home/olamilekan/Documents/web3/web3Bridge/Web3bridge-Web3-Cohort-XIII/onsite-program/submissions/week-4/day-6/day-6-task-1/Olamilekan-Oladipupo/contracts/CompanyInterface.sol","s":{},"b":{},"f":{},"fnMap":{},"statementMap":{},"branchMap":{}},"contracts/Error.sol":{"l":{},"path":"/home/olamilekan/Documents/web3/web3Bridge/Web3bridge-Web3-Cohort-XIII/onsite-program/submissions/week-4/day-6/day-6-task-1/Olamilekan-Oladipupo/contracts/Error.sol","s":{},"b":{},"f":{},"fnMap":{},"statementMap":{},"branchMap":{}},"contracts/Ether.sol":{"l":{"9":0,"14":0,"22":0,"31":0,"32":0,"34":0},"path":"/home/olamilekan/Documents/web3/web3Bridge/Web3bridge-Web3-Cohort-XIII/onsite-program/submissions/week-4/day-6/day-6-task-1/Olamilekan-Oladipupo/contracts/Ether.sol","s":{"1":0,"2":0,"3":0,"4":0},"b":{"1":[0,0]},"f":{"1":0,"2":0,"3":0,"4":0,"5":0},"fnMap":{"1":{"name":"constructor","line":8,"loc":{"start":{"line":8,"column":4},"end":{"line":10,"column":4}}},"2":{"name":"get_balan","line":13,"loc":{"start":{"line":13,"column":4},"end":{"line":15,"column":4}}},"3":{"name":null,"line":19,"loc":{"start":{"line":19,"column":4},"end":{"line":19,"column":24}}},"4":{"name":"get_balance","line":21,"loc":{"start":{"line":21,"column":4},"end":{"line":23,"column":4}}},"5":{"name":"transfer","line":30,"loc":{"start":{"line":30,"column":4},"end":{"line":35,"column":4}}}},"statementMap":{"1":{"start":{"line":14,"column":8},"end":{"line":14,"column":36}},"2":{"start":{"line":22,"column":8},"end":{"line":22,"column":36}},"3":{"start":{"line":31,"column":8},"end":{"line":31,"column":674}},"4":{"start":{"line":34,"column":8},"end":{"line":34,"column":28}}},"branchMap":{"1":{"line":31,"type":"if","locations":[{"start":{"line":31,"column":8},"end":{"line":31,"column":8}},{"start":{"line":31,"column":8},"end":{"line":31,"column":8}}]}}}}