{"contracts/SMS.sol":{"l":{"21":1,"34":13,"35":13,"40":5,"41":5,"49":5,"53":1,"54":1,"55":1,"59":2,"60":1,"62":1,"63":1,"67":1,"68":0,"70":1,"71":1,"75":2,"81":2,"82":0,"84":2,"85":2},"path":"/home/adetayo/Documents/Web3bridge-Web3-Cohort-XIII/onsite-program/submissions/week-5/day-3/Tella-Adetayo/sms/contracts/SMS.sol","s":{"1":13,"2":5,"3":5,"4":1,"5":2,"6":1,"7":1,"8":1,"9":2,"10":2,"11":2,"12":2},"b":{"1":[13,0],"2":[5,0],"3":[1,0],"4":[2,0],"5":[1,1],"6":[1,0],"7":[0,1],"8":[2,0],"9":[2,0],"10":[0,2]},"f":{"1":1,"2":13,"3":5,"4":1,"5":2,"6":1,"7":2,"8":2},"fnMap":{"1":{"name":"constructor","line":20,"loc":{"start":{"line":20,"column":4},"end":{"line":22,"column":4}}},"2":{"name":"onlyAdmin","line":33,"loc":{"start":{"line":33,"column":4},"end":{"line":36,"column":4}}},"3":{"name":"createStudentInfo","line":39,"loc":{"start":{"line":39,"column":4},"end":{"line":50,"column":4}}},"4":{"name":"updateStudentInfo","line":52,"loc":{"start":{"line":52,"column":4},"end":{"line":56,"column":4}}},"5":{"name":"updateStudentStatus","line":58,"loc":{"start":{"line":58,"column":4},"end":{"line":64,"column":4}}},"6":{"name":"deleteStudentInfo","line":66,"loc":{"start":{"line":66,"column":4},"end":{"line":72,"column":4}}},"7":{"name":"getAllStudentInfo","line":74,"loc":{"start":{"line":74,"column":4},"end":{"line":76,"column":4}}},"8":{"name":"getSingleStudentInfo","line":78,"loc":{"start":{"line":78,"column":4},"end":{"line":86,"column":4}}}},"statementMap":{"1":{"start":{"line":34,"column":8},"end":{"line":34,"column":73}},"2":{"start":{"line":41,"column":8},"end":{"line":41,"column":846}},"3":{"start":{"line":49,"column":8},"end":{"line":49,"column":42}},"4":{"start":{"line":53,"column":8},"end":{"line":53,"column":60}},"5":{"start":{"line":59,"column":8},"end":{"line":59,"column":1514}},"6":{"start":{"line":62,"column":8},"end":{"line":62,"column":54}},"7":{"start":{"line":67,"column":8},"end":{"line":67,"column":1811}},"8":{"start":{"line":71,"column":8},"end":{"line":71,"column":31}},"9":{"start":{"line":75,"column":8},"end":{"line":75,"column":33}},"10":{"start":{"line":81,"column":8},"end":{"line":81,"column":2364}},"11":{"start":{"line":84,"column":8},"end":{"line":84,"column":59}},"12":{"start":{"line":85,"column":8},"end":{"line":85,"column":86}}},"branchMap":{"1":{"line":34,"type":"if","locations":[{"start":{"line":34,"column":8},"end":{"line":34,"column":8}},{"start":{"line":34,"column":8},"end":{"line":34,"column":8}}]},"2":{"line":39,"type":"if","locations":[{"start":{"line":39,"column":116},"end":{"line":39,"column":116}},{"start":{"line":39,"column":116},"end":{"line":39,"column":116}}]},"3":{"line":52,"type":"if","locations":[{"start":{"line":52,"column":106},"end":{"line":52,"column":106}},{"start":{"line":52,"column":106},"end":{"line":52,"column":106}}]},"4":{"line":58,"type":"if","locations":[{"start":{"line":58,"column":94},"end":{"line":58,"column":94}},{"start":{"line":58,"column":94},"end":{"line":58,"column":94}}]},"5":{"line":59,"type":"if","locations":[{"start":{"line":59,"column":8},"end":{"line":59,"column":8}},{"start":{"line":59,"column":8},"end":{"line":59,"column":8}}]},"6":{"line":66,"type":"if","locations":[{"start":{"line":66,"column":74},"end":{"line":66,"column":74}},{"start":{"line":66,"column":74},"end":{"line":66,"column":74}}]},"7":{"line":67,"type":"if","locations":[{"start":{"line":67,"column":8},"end":{"line":67,"column":8}},{"start":{"line":67,"column":8},"end":{"line":67,"column":8}}]},"8":{"line":74,"type":"if","locations":[{"start":{"line":74,"column":63},"end":{"line":74,"column":63}},{"start":{"line":74,"column":63},"end":{"line":74,"column":63}}]},"9":{"line":78,"type":"if","locations":[{"start":{"line":78,"column":82},"end":{"line":78,"column":82}},{"start":{"line":78,"column":82},"end":{"line":78,"column":82}}]},"10":{"line":81,"type":"if","locations":[{"start":{"line":81,"column":8},"end":{"line":81,"column":8}},{"start":{"line":81,"column":8},"end":{"line":81,"column":8}}]}}},"contracts/SMSFactory.sol":{"l":{"10":0,"11":0},"path":"/home/adetayo/Documents/Web3bridge-Web3-Cohort-XIII/onsite-program/submissions/week-5/day-3/Tella-Adetayo/sms/contracts/SMSFactory.sol","s":{"1":0,"2":0},"b":{},"f":{"1":0},"fnMap":{"1":{"name":"createSMS","line":9,"loc":{"start":{"line":9,"column":4},"end":{"line":12,"column":4}}}},"statementMap":{"1":{"start":{"line":10,"column":8},"end":{"line":10,"column":33}},"2":{"start":{"line":11,"column":8},"end":{"line":11,"column":36}}},"branchMap":{}}}