{"contracts/IManagementSystem.sol":{"l":{},"path":"/Users/macosbigsur/Web3bridge-Web3-Cohort-XIII/onsite-program/submissions/week-4/day-6/day-6-task-1/Adebayo-Muhammed/contracts/IManagementSystem.sol","s":{},"b":{},"f":{},"fnMap":{},"statementMap":{},"branchMap":{}},"contracts/Lock.sol":{"l":{"14":0,"19":0,"20":0,"27":0,"28":0,"30":0,"32":0},"path":"/Users/macosbigsur/Web3bridge-Web3-Cohort-XIII/onsite-program/submissions/week-4/day-6/day-6-task-1/Adebayo-Muhammed/contracts/Lock.sol","s":{"1":0,"2":0,"3":0,"4":0,"5":0},"b":{"1":[0,0],"2":[0,0],"3":[0,0]},"f":{"1":0,"2":0},"fnMap":{"1":{"name":"constructor","line":13,"loc":{"start":{"line":13,"column":4},"end":{"line":21,"column":4}}},"2":{"name":"withdraw","line":23,"loc":{"start":{"line":23,"column":4},"end":{"line":33,"column":4}}}},"statementMap":{"1":{"start":{"line":14,"column":8},"end":{"line":14,"column":328}},"2":{"start":{"line":27,"column":8},"end":{"line":27,"column":71}},"3":{"start":{"line":28,"column":8},"end":{"line":28,"column":59}},"4":{"start":{"line":30,"column":8},"end":{"line":30,"column":63}},"5":{"start":{"line":32,"column":8},"end":{"line":32,"column":44}}},"branchMap":{"1":{"line":14,"type":"if","locations":[{"start":{"line":14,"column":8},"end":{"line":14,"column":8}},{"start":{"line":14,"column":8},"end":{"line":14,"column":8}}]},"2":{"line":27,"type":"if","locations":[{"start":{"line":27,"column":8},"end":{"line":27,"column":8}},{"start":{"line":27,"column":8},"end":{"line":27,"column":8}}]},"3":{"line":28,"type":"if","locations":[{"start":{"line":28,"column":8},"end":{"line":28,"column":8}},{"start":{"line":28,"column":8},"end":{"line":28,"column":8}}]}}},"contracts/ManagementSystem.sol":{"l":{"12":9,"14":2,"15":7,"19":1,"30":5,"31":4,"33":4,"34":4,"38":2,"39":1,"40":1,"42":1,"46":2,"50":1},"path":"/Users/macosbigsur/Web3bridge-Web3-Cohort-XIII/onsite-program/submissions/week-4/day-6/day-6-task-1/Adebayo-Muhammed/contracts/ManagementSystem.sol","s":{"1":9,"2":2,"3":5,"4":1,"5":4,"6":0,"7":4,"8":2,"9":1,"10":1,"11":0,"12":1,"13":0,"14":1,"15":2,"16":1},"b":{"1":[2,7],"2":[5,1],"3":[1,4],"4":[0,4],"5":[2,1],"6":[1,1],"7":[0,1],"8":[0,1]},"f":{"1":9,"2":1,"3":5,"4":2,"5":2,"6":1},"fnMap":{"1":{"name":"onlyOwner","line":11,"loc":{"start":{"line":11,"column":4},"end":{"line":16,"column":4}}},"2":{"name":"constructor","line":18,"loc":{"start":{"line":18,"column":4},"end":{"line":20,"column":4}}},"3":{"name":"registerEmployee","line":29,"loc":{"start":{"line":24,"column":4},"end":{"line":35,"column":4}}},"4":{"name":"paySalary","line":37,"loc":{"start":{"line":37,"column":4},"end":{"line":43,"column":4}}},"5":{"name":"getAllEmployees","line":45,"loc":{"start":{"line":45,"column":4},"end":{"line":47,"column":4}}},"6":{"name":"getEmployee","line":49,"loc":{"start":{"line":49,"column":4},"end":{"line":51,"column":4}}}},"statementMap":{"1":{"start":{"line":12,"column":8},"end":{"line":12,"column":322}},"2":{"start":{"line":14,"column":8},"end":{"line":14,"column":15}},"3":{"start":{"line":30,"column":8},"end":{"line":30,"column":33}},"4":{"start":{"line":30,"column":25},"end":{"line":30,"column":32}},"5":{"start":{"line":31,"column":8},"end":{"line":31,"column":52}},"6":{"start":{"line":31,"column":44},"end":{"line":31,"column":51}},"7":{"start":{"line":34,"column":8},"end":{"line":34,"column":35}},"8":{"start":{"line":38,"column":8},"end":{"line":38,"column":53}},"9":{"start":{"line":38,"column":45},"end":{"line":38,"column":52}},"10":{"start":{"line":39,"column":8},"end":{"line":39,"column":58}},"11":{"start":{"line":39,"column":50},"end":{"line":39,"column":57}},"12":{"start":{"line":40,"column":8},"end":{"line":40,"column":52}},"13":{"start":{"line":40,"column":44},"end":{"line":40,"column":51}},"14":{"start":{"line":42,"column":8},"end":{"line":42,"column":43}},"15":{"start":{"line":46,"column":8},"end":{"line":46,"column":27}},"16":{"start":{"line":50,"column":8},"end":{"line":50,"column":35}}},"branchMap":{"1":{"line":12,"type":"if","locations":[{"start":{"line":12,"column":8},"end":{"line":12,"column":8}},{"start":{"line":12,"column":8},"end":{"line":12,"column":8}}]},"2":{"line":29,"type":"if","locations":[{"start":{"line":29,"column":24},"end":{"line":29,"column":24}},{"start":{"line":29,"column":24},"end":{"line":29,"column":24}}]},"3":{"line":30,"type":"if","locations":[{"start":{"line":30,"column":8},"end":{"line":30,"column":8}},{"start":{"line":30,"column":8},"end":{"line":30,"column":8}}]},"4":{"line":31,"type":"if","locations":[{"start":{"line":31,"column":8},"end":{"line":31,"column":8}},{"start":{"line":31,"column":8},"end":{"line":31,"column":8}}]},"5":{"line":37,"type":"if","locations":[{"start":{"line":37,"column":77},"end":{"line":37,"column":77}},{"start":{"line":37,"column":77},"end":{"line":37,"column":77}}]},"6":{"line":38,"type":"if","locations":[{"start":{"line":38,"column":8},"end":{"line":38,"column":8}},{"start":{"line":38,"column":8},"end":{"line":38,"column":8}}]},"7":{"line":39,"type":"if","locations":[{"start":{"line":39,"column":8},"end":{"line":39,"column":8}},{"start":{"line":39,"column":8},"end":{"line":39,"column":8}}]},"8":{"line":40,"type":"if","locations":[{"start":{"line":40,"column":8},"end":{"line":40,"column":8}},{"start":{"line":40,"column":8},"end":{"line":40,"column":8}}]}}}}