{"contracts/Employee.sol":{"l":{"21":1,"25":13,"26":13,"30":10,"31":10,"33":10,"34":10,"38":3,"39":3,"41":2,"42":2,"43":2,"47":3,"48":3,"50":1,"51":1,"55":3,"56":3,"58":2,"60":2,"61":0,"62":0,"63":0,"64":0,"70":5,"71":5,"73":3,"77":1,"81":3,"82":3,"84":0,"85":0,"86":0,"88":0,"89":0},"path":"/home/gafar/solidity-practice/Web3bridge-Web3-Cohort-XIII/onsite-program/submissions/week-4/day-6/gafar/contracts/Employee.sol","s":{"1":13,"2":10,"3":10,"4":10,"5":3,"6":3,"7":2,"8":3,"9":3,"10":1,"11":3,"12":3,"13":2,"14":0,"15":0,"16":5,"17":5,"18":3,"19":1,"20":3,"21":3,"22":0,"23":0,"24":0,"25":0,"26":0},"b":{"1":[0,13],"2":[10,0],"3":[0,10],"4":[0,10],"5":[0,3],"6":[1,2],"7":[0,3],"8":[2,1],"9":[0,3],"10":[1,2],"11":[0,0],"12":[0,5],"13":[2,3],"14":[3,0],"15":[0,3],"16":[3,0],"17":[0,0],"18":[0,0],"19":[0,0]},"f":{"1":1,"2":13,"3":10,"4":3,"5":3,"6":3,"7":5,"8":1,"9":3,"10":0},"fnMap":{"1":{"name":"constructor","line":20,"loc":{"start":{"line":20,"column":4},"end":{"line":22,"column":4}}},"2":{"name":"onlyOwner","line":24,"loc":{"start":{"line":24,"column":4},"end":{"line":27,"column":4}}},"3":{"name":"createEmployee","line":29,"loc":{"start":{"line":29,"column":4},"end":{"line":35,"column":4}}},"4":{"name":"updateEmployee","line":37,"loc":{"start":{"line":37,"column":4},"end":{"line":44,"column":4}}},"5":{"name":"updateEmployeeStatus","line":46,"loc":{"start":{"line":46,"column":4},"end":{"line":52,"column":4}}},"6":{"name":"deleteEmployee","line":54,"loc":{"start":{"line":54,"column":4},"end":{"line":67,"column":4}}},"7":{"name":"getEmployeeByAddress","line":69,"loc":{"start":{"line":69,"column":4},"end":{"line":74,"column":4}}},"8":{"name":"getAllEmployees","line":76,"loc":{"start":{"line":76,"column":4},"end":{"line":78,"column":4}}},"9":{"name":"paySalary","line":80,"loc":{"start":{"line":80,"column":4},"end":{"line":91,"column":4}}},"10":{"name":null,"line":94,"loc":{"start":{"line":94,"column":4},"end":{"line":94,"column":34}}}},"statementMap":{"1":{"start":{"line":25,"column":8},"end":{"line":25,"column":50}},"2":{"start":{"line":30,"column":8},"end":{"line":30,"column":63}},"3":{"start":{"line":31,"column":8},"end":{"line":31,"column":86}},"4":{"start":{"line":34,"column":8},"end":{"line":34,"column":79}},"5":{"start":{"line":38,"column":8},"end":{"line":38,"column":63}},"6":{"start":{"line":39,"column":8},"end":{"line":39,"column":85}},"7":{"start":{"line":41,"column":8},"end":{"line":41,"column":59}},"8":{"start":{"line":47,"column":8},"end":{"line":47,"column":63}},"9":{"start":{"line":48,"column":8},"end":{"line":48,"column":85}},"10":{"start":{"line":50,"column":8},"end":{"line":50,"column":59}},"11":{"start":{"line":55,"column":8},"end":{"line":55,"column":63}},"12":{"start":{"line":56,"column":8},"end":{"line":56,"column":85}},"13":{"start":{"line":60,"column":8},"end":{"line":60,"column":2065}},"14":{"start":{"line":61,"column":12},"end":{"line":61,"column":2138}},"15":{"start":{"line":63,"column":16},"end":{"line":63,"column":41}},"16":{"start":{"line":70,"column":8},"end":{"line":70,"column":63}},"17":{"start":{"line":71,"column":8},"end":{"line":71,"column":85}},"18":{"start":{"line":73,"column":8},"end":{"line":73,"column":38}},"19":{"start":{"line":77,"column":8},"end":{"line":77,"column":27}},"20":{"start":{"line":81,"column":8},"end":{"line":81,"column":63}},"21":{"start":{"line":82,"column":8},"end":{"line":82,"column":85}},"22":{"start":{"line":84,"column":8},"end":{"line":84,"column":59}},"23":{"start":{"line":85,"column":8},"end":{"line":85,"column":75}},"24":{"start":{"line":86,"column":8},"end":{"line":86,"column":89}},"25":{"start":{"line":88,"column":8},"end":{"line":88,"column":72}},"26":{"start":{"line":89,"column":8},"end":{"line":89,"column":51}}},"branchMap":{"1":{"line":25,"type":"if","locations":[{"start":{"line":25,"column":8},"end":{"line":25,"column":8}},{"start":{"line":25,"column":8},"end":{"line":25,"column":8}}]},"2":{"line":29,"type":"if","locations":[{"start":{"line":29,"column":92},"end":{"line":29,"column":92}},{"start":{"line":29,"column":92},"end":{"line":29,"column":92}}]},"3":{"line":30,"type":"if","locations":[{"start":{"line":30,"column":8},"end":{"line":30,"column":8}},{"start":{"line":30,"column":8},"end":{"line":30,"column":8}}]},"4":{"line":31,"type":"if","locations":[{"start":{"line":31,"column":8},"end":{"line":31,"column":8}},{"start":{"line":31,"column":8},"end":{"line":31,"column":8}}]},"5":{"line":38,"type":"if","locations":[{"start":{"line":38,"column":8},"end":{"line":38,"column":8}},{"start":{"line":38,"column":8},"end":{"line":38,"column":8}}]},"6":{"line":39,"type":"if","locations":[{"start":{"line":39,"column":8},"end":{"line":39,"column":8}},{"start":{"line":39,"column":8},"end":{"line":39,"column":8}}]},"7":{"line":47,"type":"if","locations":[{"start":{"line":47,"column":8},"end":{"line":47,"column":8}},{"start":{"line":47,"column":8},"end":{"line":47,"column":8}}]},"8":{"line":48,"type":"if","locations":[{"start":{"line":48,"column":8},"end":{"line":48,"column":8}},{"start":{"line":48,"column":8},"end":{"line":48,"column":8}}]},"9":{"line":55,"type":"if","locations":[{"start":{"line":55,"column":8},"end":{"line":55,"column":8}},{"start":{"line":55,"column":8},"end":{"line":55,"column":8}}]},"10":{"line":56,"type":"if","locations":[{"start":{"line":56,"column":8},"end":{"line":56,"column":8}},{"start":{"line":56,"column":8},"end":{"line":56,"column":8}}]},"11":{"line":61,"type":"if","locations":[{"start":{"line":61,"column":12},"end":{"line":61,"column":12}},{"start":{"line":61,"column":12},"end":{"line":61,"column":12}}]},"12":{"line":70,"type":"if","locations":[{"start":{"line":70,"column":8},"end":{"line":70,"column":8}},{"start":{"line":70,"column":8},"end":{"line":70,"column":8}}]},"13":{"line":71,"type":"if","locations":[{"start":{"line":71,"column":8},"end":{"line":71,"column":8}},{"start":{"line":71,"column":8},"end":{"line":71,"column":8}}]},"14":{"line":80,"type":"if","locations":[{"start":{"line":80,"column":54},"end":{"line":80,"column":54}},{"start":{"line":80,"column":54},"end":{"line":80,"column":54}}]},"15":{"line":81,"type":"if","locations":[{"start":{"line":81,"column":8},"end":{"line":81,"column":8}},{"start":{"line":81,"column":8},"end":{"line":81,"column":8}}]},"16":{"line":82,"type":"if","locations":[{"start":{"line":82,"column":8},"end":{"line":82,"column":8}},{"start":{"line":82,"column":8},"end":{"line":82,"column":8}}]},"17":{"line":85,"type":"if","locations":[{"start":{"line":85,"column":8},"end":{"line":85,"column":8}},{"start":{"line":85,"column":8},"end":{"line":85,"column":8}}]},"18":{"line":86,"type":"if","locations":[{"start":{"line":86,"column":8},"end":{"line":86,"column":8}},{"start":{"line":86,"column":8},"end":{"line":86,"column":8}}]},"19":{"line":89,"type":"if","locations":[{"start":{"line":89,"column":8},"end":{"line":89,"column":8}},{"start":{"line":89,"column":8},"end":{"line":89,"column":8}}]}}}}