{"contracts/Multisig.sol":{"l":{"34":1,"35":1,"36":1,"38":1,"39":1,"45":2,"49":2,"54":0,"55":0,"56":0,"57":0,"58":0,"65":2,"71":0,"77":3,"79":3,"80":7,"81":1,"85":2,"90":1,"91":1,"99":1,"101":1,"103":0,"112":1,"113":1,"115":1,"122":2,"123":3,"125":1},"path":"/home/redfly/Documents/web3bridge-tasks/Sikiru Olagoke/contracts/Multisig.sol","s":{"1":1,"2":1,"3":1,"4":2,"5":2,"6":0,"7":0,"8":0,"9":0,"10":2,"11":0,"12":3,"13":3,"14":7,"15":1,"16":2,"17":1,"18":1,"19":1,"20":0,"21":1,"22":2,"23":3},"b":{"1":[1,0],"2":[1,0],"3":[1,0],"4":[0,0],"5":[0,0],"6":[1,6],"7":[1,1],"8":[0,1],"9":[1,2]},"f":{"1":1,"2":2,"3":2,"4":0,"5":2,"6":0,"7":3,"8":1,"9":1,"10":1,"11":2,"12":0},"fnMap":{"1":{"name":"constructor","line":33,"loc":{"start":{"line":33,"column":2},"end":{"line":41,"column":2}}},"2":{"name":"get_owners","line":44,"loc":{"start":{"line":44,"column":2},"end":{"line":46,"column":2}}},"3":{"name":"get_confirmation","line":48,"loc":{"start":{"line":48,"column":2},"end":{"line":50,"column":2}}},"4":{"name":"executeTransaction","line":53,"loc":{"start":{"line":53,"column":2},"end":{"line":60,"column":2}}},"5":{"name":"isConfirmed","line":64,"loc":{"start":{"line":64,"column":2},"end":{"line":66,"column":2}}},"6":{"name":"get_transaction_count","line":70,"loc":{"start":{"line":70,"column":2},"end":{"line":72,"column":2}}},"7":{"name":"getConfirmationsCount","line":76,"loc":{"start":{"line":76,"column":2},"end":{"line":86,"column":2}}},"8":{"name":"submitTransaction","line":89,"loc":{"start":{"line":89,"column":2},"end":{"line":93,"column":2}}},"9":{"name":"confirmTransaction","line":98,"loc":{"start":{"line":98,"column":2},"end":{"line":107,"column":2}}},"10":{"name":"addTransaction","line":110,"loc":{"start":{"line":110,"column":2},"end":{"line":116,"column":2}}},"11":{"name":"onlyOwner","line":120,"loc":{"start":{"line":120,"column":2},"end":{"line":128,"column":2}}},"12":{"name":null,"line":135,"loc":{"start":{"line":135,"column":2},"end":{"line":135,"column":31}}}},"statementMap":{"1":{"start":{"line":34,"column":4},"end":{"line":34,"column":67}},"2":{"start":{"line":35,"column":4},"end":{"line":35,"column":79}},"3":{"start":{"line":36,"column":4},"end":{"line":36,"column":85}},"4":{"start":{"line":45,"column":4},"end":{"line":45,"column":17}},"5":{"start":{"line":49,"column":4},"end":{"line":49,"column":19}},"6":{"start":{"line":54,"column":4},"end":{"line":54,"column":74}},"7":{"start":{"line":55,"column":4},"end":{"line":55,"column":57}},"8":{"start":{"line":56,"column":4},"end":{"line":56,"column":56}},"9":{"start":{"line":57,"column":4},"end":{"line":57,"column":37}},"10":{"start":{"line":65,"column":4},"end":{"line":65,"column":64}},"11":{"start":{"line":71,"column":4},"end":{"line":71,"column":27}},"12":{"start":{"line":77,"column":4},"end":{"line":77,"column":14}},"13":{"start":{"line":79,"column":4},"end":{"line":79,"column":2276}},"14":{"start":{"line":80,"column":6},"end":{"line":80,"column":2322}},"15":{"start":{"line":81,"column":8},"end":{"line":81,"column":22}},"16":{"start":{"line":85,"column":4},"end":{"line":85,"column":16}},"17":{"start":{"line":90,"column":4},"end":{"line":90,"column":46}},"18":{"start":{"line":91,"column":4},"end":{"line":91,"column":30}},"19":{"start":{"line":101,"column":4},"end":{"line":101,"column":2880}},"20":{"start":{"line":103,"column":6},"end":{"line":103,"column":43}},"21":{"start":{"line":115,"column":4},"end":{"line":115,"column":31}},"22":{"start":{"line":122,"column":4},"end":{"line":122,"column":3364}},"23":{"start":{"line":123,"column":6},"end":{"line":123,"column":71}}},"branchMap":{"1":{"line":34,"type":"if","locations":[{"start":{"line":34,"column":4},"end":{"line":34,"column":4}},{"start":{"line":34,"column":4},"end":{"line":34,"column":4}}]},"2":{"line":35,"type":"if","locations":[{"start":{"line":35,"column":4},"end":{"line":35,"column":4}},{"start":{"line":35,"column":4},"end":{"line":35,"column":4}}]},"3":{"line":36,"type":"if","locations":[{"start":{"line":36,"column":4},"end":{"line":36,"column":4}},{"start":{"line":36,"column":4},"end":{"line":36,"column":4}}]},"4":{"line":54,"type":"if","locations":[{"start":{"line":54,"column":4},"end":{"line":54,"column":4}},{"start":{"line":54,"column":4},"end":{"line":54,"column":4}}]},"5":{"line":57,"type":"if","locations":[{"start":{"line":57,"column":4},"end":{"line":57,"column":4}},{"start":{"line":57,"column":4},"end":{"line":57,"column":4}}]},"6":{"line":80,"type":"if","locations":[{"start":{"line":80,"column":6},"end":{"line":80,"column":6}},{"start":{"line":80,"column":6},"end":{"line":80,"column":6}}]},"7":{"line":98,"type":"if","locations":[{"start":{"line":98,"column":59},"end":{"line":98,"column":59}},{"start":{"line":98,"column":59},"end":{"line":98,"column":59}}]},"8":{"line":101,"type":"if","locations":[{"start":{"line":101,"column":4},"end":{"line":101,"column":4}},{"start":{"line":101,"column":4},"end":{"line":101,"column":4}}]},"9":{"line":123,"type":"if","locations":[{"start":{"line":123,"column":6},"end":{"line":123,"column":6}},{"start":{"line":123,"column":6},"end":{"line":123,"column":6}}]}}}}