{"contracts/Multisig.sol":{"l":{"35":1,"36":1,"37":1,"39":1,"40":1,"41":1,"47":2,"51":2,"56":0,"57":0,"58":0,"59":0,"60":0,"67":2,"73":0,"79":3,"81":3,"82":7,"83":1,"87":2,"92":2,"93":2,"101":1,"103":1,"105":0,"114":2,"115":2,"117":2,"124":3,"125":4,"127":1},"path":"/home/redfly/Documents/web3bridge-tasks/Web3bridge-Web3-Cohort-XIII/onsite-program/submissions/week-5/day-4/Sikiru Olagoke/contracts/Multisig.sol","s":{"1":1,"2":1,"3":1,"4":2,"5":2,"6":0,"7":0,"8":0,"9":0,"10":2,"11":0,"12":3,"13":3,"14":7,"15":1,"16":2,"17":2,"18":2,"19":1,"20":0,"21":2,"22":3,"23":4},"b":{"1":[1,0],"2":[1,0],"3":[1,0],"4":[0,0],"5":[0,0],"6":[1,6],"7":[1,2],"8":[0,1],"9":[1,3]},"f":{"1":1,"2":2,"3":2,"4":0,"5":2,"6":0,"7":3,"8":2,"9":1,"10":2,"11":3,"12":0},"fnMap":{"1":{"name":"constructor","line":34,"loc":{"start":{"line":34,"column":2},"end":{"line":43,"column":2}}},"2":{"name":"get_owners","line":46,"loc":{"start":{"line":46,"column":2},"end":{"line":48,"column":2}}},"3":{"name":"get_confirmation","line":50,"loc":{"start":{"line":50,"column":2},"end":{"line":52,"column":2}}},"4":{"name":"executeTransaction","line":55,"loc":{"start":{"line":55,"column":2},"end":{"line":62,"column":2}}},"5":{"name":"isConfirmed","line":66,"loc":{"start":{"line":66,"column":2},"end":{"line":68,"column":2}}},"6":{"name":"get_transaction_count","line":72,"loc":{"start":{"line":72,"column":2},"end":{"line":74,"column":2}}},"7":{"name":"getConfirmationsCount","line":78,"loc":{"start":{"line":78,"column":2},"end":{"line":88,"column":2}}},"8":{"name":"submitTransaction","line":91,"loc":{"start":{"line":91,"column":2},"end":{"line":95,"column":2}}},"9":{"name":"confirmTransaction","line":100,"loc":{"start":{"line":100,"column":2},"end":{"line":109,"column":2}}},"10":{"name":"addTransaction","line":112,"loc":{"start":{"line":112,"column":2},"end":{"line":118,"column":2}}},"11":{"name":"onlyOwner","line":122,"loc":{"start":{"line":122,"column":2},"end":{"line":130,"column":2}}},"12":{"name":null,"line":137,"loc":{"start":{"line":137,"column":2},"end":{"line":137,"column":31}}}},"statementMap":{"1":{"start":{"line":35,"column":4},"end":{"line":35,"column":67}},"2":{"start":{"line":36,"column":4},"end":{"line":36,"column":79}},"3":{"start":{"line":37,"column":4},"end":{"line":37,"column":85}},"4":{"start":{"line":47,"column":4},"end":{"line":47,"column":17}},"5":{"start":{"line":51,"column":4},"end":{"line":51,"column":19}},"6":{"start":{"line":56,"column":4},"end":{"line":56,"column":74}},"7":{"start":{"line":57,"column":4},"end":{"line":57,"column":57}},"8":{"start":{"line":58,"column":4},"end":{"line":58,"column":56}},"9":{"start":{"line":59,"column":4},"end":{"line":59,"column":37}},"10":{"start":{"line":67,"column":4},"end":{"line":67,"column":64}},"11":{"start":{"line":73,"column":4},"end":{"line":73,"column":27}},"12":{"start":{"line":79,"column":4},"end":{"line":79,"column":14}},"13":{"start":{"line":81,"column":4},"end":{"line":81,"column":2329}},"14":{"start":{"line":82,"column":6},"end":{"line":82,"column":2375}},"15":{"start":{"line":83,"column":8},"end":{"line":83,"column":22}},"16":{"start":{"line":87,"column":4},"end":{"line":87,"column":16}},"17":{"start":{"line":92,"column":4},"end":{"line":92,"column":46}},"18":{"start":{"line":93,"column":4},"end":{"line":93,"column":30}},"19":{"start":{"line":103,"column":4},"end":{"line":103,"column":2933}},"20":{"start":{"line":105,"column":6},"end":{"line":105,"column":43}},"21":{"start":{"line":117,"column":4},"end":{"line":117,"column":31}},"22":{"start":{"line":124,"column":4},"end":{"line":124,"column":3417}},"23":{"start":{"line":125,"column":6},"end":{"line":125,"column":71}}},"branchMap":{"1":{"line":35,"type":"if","locations":[{"start":{"line":35,"column":4},"end":{"line":35,"column":4}},{"start":{"line":35,"column":4},"end":{"line":35,"column":4}}]},"2":{"line":36,"type":"if","locations":[{"start":{"line":36,"column":4},"end":{"line":36,"column":4}},{"start":{"line":36,"column":4},"end":{"line":36,"column":4}}]},"3":{"line":37,"type":"if","locations":[{"start":{"line":37,"column":4},"end":{"line":37,"column":4}},{"start":{"line":37,"column":4},"end":{"line":37,"column":4}}]},"4":{"line":56,"type":"if","locations":[{"start":{"line":56,"column":4},"end":{"line":56,"column":4}},{"start":{"line":56,"column":4},"end":{"line":56,"column":4}}]},"5":{"line":59,"type":"if","locations":[{"start":{"line":59,"column":4},"end":{"line":59,"column":4}},{"start":{"line":59,"column":4},"end":{"line":59,"column":4}}]},"6":{"line":82,"type":"if","locations":[{"start":{"line":82,"column":6},"end":{"line":82,"column":6}},{"start":{"line":82,"column":6},"end":{"line":82,"column":6}}]},"7":{"line":100,"type":"if","locations":[{"start":{"line":100,"column":59},"end":{"line":100,"column":59}},{"start":{"line":100,"column":59},"end":{"line":100,"column":59}}]},"8":{"line":103,"type":"if","locations":[{"start":{"line":103,"column":4},"end":{"line":103,"column":4}},{"start":{"line":103,"column":4},"end":{"line":103,"column":4}}]},"9":{"line":125,"type":"if","locations":[{"start":{"line":125,"column":6},"end":{"line":125,"column":6}},{"start":{"line":125,"column":6},"end":{"line":125,"column":6}}]}}},"contracts/MultisigFactory.sol":{"l":{"20":0,"22":0,"23":0,"28":0},"path":"/home/redfly/Documents/web3bridge-tasks/Web3bridge-Web3-Cohort-XIII/onsite-program/submissions/week-5/day-4/Sikiru Olagoke/contracts/MultisigFactory.sol","s":{"1":0,"2":0,"3":0},"b":{},"f":{"1":0,"2":0},"fnMap":{"1":{"name":"create_multisig","line":18,"loc":{"start":{"line":18,"column":2},"end":{"line":25,"column":2}}},"2":{"name":"get_all_contracts","line":27,"loc":{"start":{"line":27,"column":2},"end":{"line":29,"column":2}}}},"statementMap":{"1":{"start":{"line":22,"column":4},"end":{"line":22,"column":72}},"2":{"start":{"line":23,"column":4},"end":{"line":23,"column":44}},"3":{"start":{"line":28,"column":4},"end":{"line":28,"column":24}}},"branchMap":{}}}