{"contracts/OnchainNFT.sol":{"l":{"14":2,"18":2,"19":2,"20":2,"21":2,"27":1,"28":1,"29":1,"30":1,"32":1,"33":1,"34":1,"36":1,"38":1,"50":1,"52":1,"62":1},"path":"/home/akan_nigeria/Web3bridge-Web3-Cohort-XIII/onsite-program/submissions/week-6/day-5/Akanimoh-Johnson/contracts/OnchainNFT.sol","s":{"1":2,"2":2,"3":2,"4":1,"5":1,"6":1,"7":1,"8":1,"9":1,"10":1,"11":1,"12":1,"13":1,"14":1,"15":1},"b":{"1":[0,1],"2":[0,1],"3":[0,1]},"f":{"1":2,"2":2,"3":1},"fnMap":{"1":{"name":"constructor","line":13,"loc":{"start":{"line":13,"column":4},"end":{"line":15,"column":4}}},"2":{"name":"mint","line":17,"loc":{"start":{"line":17,"column":4},"end":{"line":22,"column":4}}},"3":{"name":"tokenURI","line":24,"loc":{"start":{"line":24,"column":4},"end":{"line":63,"column":4}}}},"statementMap":{"1":{"start":{"line":18,"column":8},"end":{"line":18,"column":41}},"2":{"start":{"line":19,"column":8},"end":{"line":19,"column":37}},"3":{"start":{"line":21,"column":8},"end":{"line":21,"column":22}},"4":{"start":{"line":27,"column":8},"end":{"line":27,"column":43}},"5":{"start":{"line":28,"column":8},"end":{"line":28,"column":49}},"6":{"start":{"line":29,"column":8},"end":{"line":29,"column":48}},"7":{"start":{"line":30,"column":8},"end":{"line":30,"column":39}},"8":{"start":{"line":32,"column":8},"end":{"line":32,"column":123}},"9":{"start":{"line":33,"column":8},"end":{"line":33,"column":131}},"10":{"start":{"line":34,"column":8},"end":{"line":34,"column":131}},"11":{"start":{"line":36,"column":8},"end":{"line":36,"column":100}},"12":{"start":{"line":38,"column":8},"end":{"line":38,"column":1431}},"13":{"start":{"line":50,"column":8},"end":{"line":50,"column":59}},"14":{"start":{"line":52,"column":8},"end":{"line":52,"column":2080}},"15":{"start":{"line":62,"column":8},"end":{"line":62,"column":100}}},"branchMap":{"1":{"line":32,"type":"if","locations":[{"start":{"line":32,"column":45},"end":{"line":32,"column":97}},{"start":{"line":32,"column":101},"end":{"line":32,"column":122}}]},"2":{"line":33,"type":"if","locations":[{"start":{"line":33,"column":49},"end":{"line":33,"column":103}},{"start":{"line":33,"column":107},"end":{"line":33,"column":130}}]},"3":{"line":34,"type":"if","locations":[{"start":{"line":34,"column":49},"end":{"line":34,"column":103}},{"start":{"line":34,"column":107},"end":{"line":34,"column":130}}]}}}}