{"contracts/factory.sol":{"l":{"13":0,"14":0,"15":0,"19":0,"23":0},"path":"/home/fawaz/web3bridge/Web3bridge-Web3-Cohort-XIII/onsite-program/submissions/week-5/day-4/Fawaz-Oduola/contracts/factory.sol","s":{"1":0,"2":0,"3":0,"4":0,"5":0},"b":{},"f":{"1":0,"2":0,"3":0},"fnMap":{"1":{"name":"createMultisigContract","line":12,"loc":{"start":{"line":12,"column":4},"end":{"line":16,"column":4}}},"2":{"name":"getAllContracts","line":18,"loc":{"start":{"line":18,"column":4},"end":{"line":20,"column":4}}},"3":{"name":"getAllAddressContracts","line":22,"loc":{"start":{"line":22,"column":4},"end":{"line":24,"column":4}}}},"statementMap":{"1":{"start":{"line":13,"column":8},"end":{"line":13,"column":53}},"2":{"start":{"line":14,"column":8},"end":{"line":14,"column":70}},"3":{"start":{"line":15,"column":8},"end":{"line":15,"column":54}},"4":{"start":{"line":19,"column":8},"end":{"line":19,"column":27}},"5":{"start":{"line":23,"column":8},"end":{"line":23,"column":43}}},"branchMap":{}},"contracts/multisig.sol":{"l":{"28":1,"29":1,"35":11,"39":5,"43":2,"47":11,"48":11,"49":11,"50":11,"51":11,"55":2,"59":8,"60":1,"63":7,"64":10,"65":1,"68":6,"69":6,"70":6,"71":2,"72":2,"79":12,"80":1,"82":11,"86":20,"87":1,"89":19},"path":"/home/fawaz/web3bridge/Web3bridge-Web3-Cohort-XIII/onsite-program/submissions/week-5/day-4/Fawaz-Oduola/contracts/multisig.sol","s":{"1":5,"2":2,"3":11,"4":11,"5":2,"6":8,"7":1,"8":7,"9":10,"10":1,"11":6,"12":6,"13":2,"14":12,"15":1,"16":20,"17":1},"b":{"1":[11,1],"2":[11,0],"3":[8,1],"4":[1,7],"5":[1,9],"6":[2,4],"7":[1,11],"8":[1,19]},"f":{"1":1,"2":11,"3":5,"4":2,"5":11,"6":2,"7":8,"8":12,"9":20},"fnMap":{"1":{"name":"constructor","line":27,"loc":{"start":{"line":27,"column":4},"end":{"line":30,"column":4}}},"2":{"name":"setSigner","line":34,"loc":{"start":{"line":34,"column":4},"end":{"line":36,"column":4}}},"3":{"name":"getSignerStatus","line":38,"loc":{"start":{"line":38,"column":4},"end":{"line":40,"column":4}}},"4":{"name":"makeTransfer","line":42,"loc":{"start":{"line":42,"column":4},"end":{"line":44,"column":4}}},"5":{"name":"makeProposal","line":46,"loc":{"start":{"line":46,"column":4},"end":{"line":52,"column":4}}},"6":{"name":"getProposal","line":54,"loc":{"start":{"line":54,"column":4},"end":{"line":56,"column":4}}},"7":{"name":"signProposal","line":58,"loc":{"start":{"line":58,"column":4},"end":{"line":75,"column":4}}},"8":{"name":"onlyOwner","line":78,"loc":{"start":{"line":78,"column":4},"end":{"line":83,"column":4}}},"9":{"name":"onlySigner","line":85,"loc":{"start":{"line":85,"column":4},"end":{"line":90,"column":4}}}},"statementMap":{"1":{"start":{"line":39,"column":8},"end":{"line":39,"column":32}},"2":{"start":{"line":43,"column":8},"end":{"line":43,"column":44}},"3":{"start":{"line":47,"column":8},"end":{"line":47,"column":51}},"4":{"start":{"line":51,"column":8},"end":{"line":51,"column":29}},"5":{"start":{"line":55,"column":8},"end":{"line":55,"column":40}},"6":{"start":{"line":59,"column":8},"end":{"line":59,"column":1645}},"7":{"start":{"line":60,"column":12},"end":{"line":60,"column":47}},"8":{"start":{"line":63,"column":8},"end":{"line":63,"column":1771}},"9":{"start":{"line":64,"column":12},"end":{"line":64,"column":1852}},"10":{"start":{"line":65,"column":16},"end":{"line":65,"column":52}},"11":{"start":{"line":69,"column":8},"end":{"line":69,"column":57}},"12":{"start":{"line":70,"column":8},"end":{"line":70,"column":2149}},"13":{"start":{"line":71,"column":12},"end":{"line":71,"column":94}},"14":{"start":{"line":79,"column":8},"end":{"line":79,"column":2434}},"15":{"start":{"line":80,"column":12},"end":{"line":80,"column":57}},"16":{"start":{"line":86,"column":8},"end":{"line":86,"column":2581}},"17":{"start":{"line":87,"column":12},"end":{"line":87,"column":60}}},"branchMap":{"1":{"line":34,"type":"if","locations":[{"start":{"line":34,"column":65},"end":{"line":34,"column":65}},{"start":{"line":34,"column":65},"end":{"line":34,"column":65}}]},"2":{"line":46,"type":"if","locations":[{"start":{"line":46,"column":72},"end":{"line":46,"column":72}},{"start":{"line":46,"column":72},"end":{"line":46,"column":72}}]},"3":{"line":58,"type":"if","locations":[{"start":{"line":58,"column":56},"end":{"line":58,"column":56}},{"start":{"line":58,"column":56},"end":{"line":58,"column":56}}]},"4":{"line":59,"type":"if","locations":[{"start":{"line":59,"column":8},"end":{"line":59,"column":8}},{"start":{"line":59,"column":8},"end":{"line":59,"column":8}}]},"5":{"line":64,"type":"if","locations":[{"start":{"line":64,"column":12},"end":{"line":64,"column":12}},{"start":{"line":64,"column":12},"end":{"line":64,"column":12}}]},"6":{"line":70,"type":"if","locations":[{"start":{"line":70,"column":8},"end":{"line":70,"column":8}},{"start":{"line":70,"column":8},"end":{"line":70,"column":8}}]},"7":{"line":79,"type":"if","locations":[{"start":{"line":79,"column":8},"end":{"line":79,"column":8}},{"start":{"line":79,"column":8},"end":{"line":79,"column":8}}]},"8":{"line":86,"type":"if","locations":[{"start":{"line":86,"column":8},"end":{"line":86,"column":8}},{"start":{"line":86,"column":8},"end":{"line":86,"column":8}}]}}}}