{"contracts/interfaces/IERC7432.sol":{"l":{},"path":"/home/debielily/DEBY/smart contracts/EIP-7432/contracts/interfaces/IERC7432.sol","s":{},"b":{},"f":{},"fnMap":{},"statementMap":{},"branchMap":{}},"contracts/RoleNFT.sol":{"l":{"12":1,"13":1,"14":1},"path":"/home/debielily/DEBY/smart contracts/EIP-7432/contracts/RoleNFT.sol","s":{"1":1,"2":1,"3":1},"b":{},"f":{"1":1,"2":1},"fnMap":{"1":{"name":"constructor","line":9,"loc":{"start":{"line":9,"column":4},"end":{"line":9,"column":44}}},"2":{"name":"mint","line":11,"loc":{"start":{"line":11,"column":4},"end":{"line":15,"column":4}}}},"statementMap":{"1":{"start":{"line":12,"column":8},"end":{"line":12,"column":43}},"2":{"start":{"line":13,"column":8},"end":{"line":13,"column":25}},"3":{"start":{"line":14,"column":8},"end":{"line":14,"column":22}}},"branchMap":{}},"contracts/Roles.sol":{"l":{"14":1,"18":0,"29":13,"30":0,"32":13,"33":13,"42":2,"43":0,"45":2,"46":2,"56":27,"66":0,"76":0,"86":0,"90":4,"91":4,"92":4,"93":4,"95":4,"96":1,"98":3,"99":1,"101":2,"102":1,"104":1},"path":"/home/debielily/DEBY/smart contracts/EIP-7432/contracts/Roles.sol","s":{"1":0,"2":13,"3":0,"4":13,"5":2,"6":0,"7":2,"8":27,"9":0,"10":0,"11":0,"12":4,"13":4,"14":4,"15":4,"16":4,"17":1,"18":3,"19":1,"20":2,"21":1,"22":1},"b":{"1":[0,0],"2":[0,13],"3":[0,0],"4":[0,2],"5":[0,0],"6":[1,3],"7":[1,2],"8":[1,1]},"f":{"1":1,"2":0,"3":13,"4":2,"5":27,"6":0,"7":0,"8":0,"9":4},"fnMap":{"1":{"name":"constructor","line":13,"loc":{"start":{"line":13,"column":4},"end":{"line":15,"column":4}}},"2":{"name":"supportsInterface","line":17,"loc":{"start":{"line":17,"column":4},"end":{"line":19,"column":4}}},"3":{"name":"grantRole","line":21,"loc":{"start":{"line":21,"column":4},"end":{"line":34,"column":4}}},"4":{"name":"revokeRole","line":36,"loc":{"start":{"line":36,"column":4},"end":{"line":47,"column":4}}},"5":{"name":"hasRole","line":49,"loc":{"start":{"line":49,"column":4},"end":{"line":57,"column":4}}},"6":{"name":"hasUniqueRole","line":59,"loc":{"start":{"line":59,"column":4},"end":{"line":67,"column":4}}},"7":{"name":"roleData","line":69,"loc":{"start":{"line":69,"column":4},"end":{"line":77,"column":4}}},"8":{"name":"roleExpirationDate","line":79,"loc":{"start":{"line":79,"column":4},"end":{"line":87,"column":4}}},"9":{"name":"checkRole","line":89,"loc":{"start":{"line":89,"column":4},"end":{"line":105,"column":4}}}},"statementMap":{"1":{"start":{"line":18,"column":8},"end":{"line":18,"column":100}},"2":{"start":{"line":29,"column":8},"end":{"line":29,"column":971}},"3":{"start":{"line":30,"column":12},"end":{"line":30,"column":50}},"4":{"start":{"line":33,"column":8},"end":{"line":33,"column":90}},"5":{"start":{"line":42,"column":8},"end":{"line":42,"column":1510}},"6":{"start":{"line":43,"column":12},"end":{"line":43,"column":51}},"7":{"start":{"line":46,"column":8},"end":{"line":46,"column":66}},"8":{"start":{"line":56,"column":8},"end":{"line":56,"column":116}},"9":{"start":{"line":66,"column":8},"end":{"line":66,"column":79}},"10":{"start":{"line":76,"column":8},"end":{"line":76,"column":88}},"11":{"start":{"line":86,"column":8},"end":{"line":86,"column":98}},"12":{"start":{"line":90,"column":8},"end":{"line":90,"column":47}},"13":{"start":{"line":91,"column":8},"end":{"line":91,"column":52}},"14":{"start":{"line":92,"column":8},"end":{"line":92,"column":49}},"15":{"start":{"line":93,"column":8},"end":{"line":93,"column":27}},"16":{"start":{"line":95,"column":8},"end":{"line":95,"column":3418}},"17":{"start":{"line":96,"column":12},"end":{"line":96,"column":41}},"18":{"start":{"line":98,"column":8},"end":{"line":98,"column":3562}},"19":{"start":{"line":99,"column":12},"end":{"line":99,"column":46}},"20":{"start":{"line":101,"column":8},"end":{"line":101,"column":3716}},"21":{"start":{"line":102,"column":12},"end":{"line":102,"column":44}},"22":{"start":{"line":104,"column":8},"end":{"line":104,"column":36}}},"branchMap":{"1":{"line":18,"type":"cond-expr","locations":[{"start":{"line":18,"column":15},"end":{"line":18,"column":55}},{"start":{"line":18,"column":60},"end":{"line":18,"column":99}}]},"2":{"line":29,"type":"if","locations":[{"start":{"line":29,"column":8},"end":{"line":29,"column":8}},{"start":{"line":29,"column":8},"end":{"line":29,"column":8}}]},"3":{"line":29,"type":"cond-expr","locations":[{"start":{"line":29,"column":12},"end":{"line":29,"column":43}},{"start":{"line":29,"column":48},"end":{"line":29,"column":101}}]},"4":{"line":42,"type":"if","locations":[{"start":{"line":42,"column":8},"end":{"line":42,"column":8}},{"start":{"line":42,"column":8},"end":{"line":42,"column":8}}]},"5":{"line":42,"type":"cond-expr","locations":[{"start":{"line":42,"column":12},"end":{"line":42,"column":43}},{"start":{"line":42,"column":48},"end":{"line":42,"column":101}}]},"6":{"line":95,"type":"if","locations":[{"start":{"line":95,"column":8},"end":{"line":95,"column":8}},{"start":{"line":95,"column":8},"end":{"line":95,"column":8}}]},"7":{"line":98,"type":"if","locations":[{"start":{"line":98,"column":8},"end":{"line":98,"column":8}},{"start":{"line":98,"column":8},"end":{"line":98,"column":8}}]},"8":{"line":101,"type":"if","locations":[{"start":{"line":101,"column":8},"end":{"line":101,"column":8}},{"start":{"line":101,"column":8},"end":{"line":101,"column":8}}]}}},"contracts/Token-Gated.sol":{"l":{"26":1,"27":1,"31":5,"32":5,"33":5,"34":1,"37":4,"38":4,"39":4,"40":4,"44":3,"45":3,"46":0,"49":3,"50":3,"51":3,"52":3,"55":0,"56":0,"59":0,"60":0,"61":0,"63":0,"68":2},"path":"/home/debielily/DEBY/smart contracts/EIP-7432/contracts/Token-Gated.sol","s":{"1":5,"2":5,"3":5,"4":1,"5":4,"6":4,"7":4,"8":3,"9":3,"10":0,"11":3,"12":3,"13":3,"14":3,"15":0,"16":0,"17":0,"18":2},"b":{"1":[1,4],"2":[0,3],"3":[3,0],"4":[0,0],"5":[0,0]},"f":{"1":1,"2":5,"3":3,"4":2},"fnMap":{"1":{"name":"constructor","line":25,"loc":{"start":{"line":25,"column":4},"end":{"line":28,"column":4}}},"2":{"name":"proposalRole","line":30,"loc":{"start":{"line":30,"column":4},"end":{"line":41,"column":4}}},"3":{"name":"voteRole","line":43,"loc":{"start":{"line":43,"column":4},"end":{"line":65,"column":4}}},"4":{"name":"accessDAORole","line":67,"loc":{"start":{"line":67,"column":4},"end":{"line":69,"column":4}}}},"statementMap":{"1":{"start":{"line":31,"column":8},"end":{"line":31,"column":115}},"2":{"start":{"line":32,"column":8},"end":{"line":32,"column":109}},"3":{"start":{"line":33,"column":8},"end":{"line":33,"column":1119}},"4":{"start":{"line":34,"column":12},"end":{"line":34,"column":44}},"5":{"start":{"line":37,"column":8},"end":{"line":37,"column":23}},"6":{"start":{"line":38,"column":8},"end":{"line":38,"column":49}},"7":{"start":{"line":39,"column":8},"end":{"line":39,"column":53}},"8":{"start":{"line":44,"column":8},"end":{"line":44,"column":53}},"9":{"start":{"line":45,"column":8},"end":{"line":45,"column":1538}},"10":{"start":{"line":46,"column":12},"end":{"line":46,"column":38}},"11":{"start":{"line":49,"column":8},"end":{"line":49,"column":112}},"12":{"start":{"line":50,"column":8},"end":{"line":50,"column":109}},"13":{"start":{"line":51,"column":8},"end":{"line":51,"column":1844}},"14":{"start":{"line":52,"column":12},"end":{"line":52,"column":41}},"15":{"start":{"line":55,"column":8},"end":{"line":55,"column":1942}},"16":{"start":{"line":56,"column":12},"end":{"line":56,"column":34}},"17":{"start":{"line":60,"column":8},"end":{"line":60,"column":2067}},"18":{"start":{"line":68,"column":8},"end":{"line":68,"column":98}}},"branchMap":{"1":{"line":33,"type":"if","locations":[{"start":{"line":33,"column":8},"end":{"line":33,"column":8}},{"start":{"line":33,"column":8},"end":{"line":33,"column":8}}]},"2":{"line":45,"type":"if","locations":[{"start":{"line":45,"column":8},"end":{"line":45,"column":8}},{"start":{"line":45,"column":8},"end":{"line":45,"column":8}}]},"3":{"line":51,"type":"if","locations":[{"start":{"line":51,"column":8},"end":{"line":51,"column":8}},{"start":{"line":51,"column":8},"end":{"line":51,"column":8}}]},"4":{"line":55,"type":"if","locations":[{"start":{"line":55,"column":8},"end":{"line":55,"column":8}},{"start":{"line":55,"column":8},"end":{"line":55,"column":8}}]},"5":{"line":60,"type":"if","locations":[{"start":{"line":60,"column":8},"end":{"line":60,"column":8}},{"start":{"line":60,"column":8},"end":{"line":60,"column":8}}]}}}}