{"contracts\\PiggyBank.sol":{"l":{"35":59,"36":59,"38":59,"39":59,"40":59,"41":59,"46":13,"48":13,"50":2,"51":2,"52":2,"53":2,"56":11,"57":11,"58":11,"59":11,"60":10,"61":10,"67":11,"68":11,"69":11,"71":11,"72":11,"75":11,"76":9,"77":9,"80":9,"81":4,"82":4,"84":5,"85":5,"88":9,"92":11,"95":11,"96":5,"97":5,"99":6,"100":6,"103":11,"108":5,"109":5,"111":5,"114":5,"115":5,"116":5,"118":5,"119":3,"120":3,"122":2,"123":2,"126":5,"129":5,"134":3,"135":2,"137":2,"140":2,"141":2,"142":2,"144":2,"145":2,"146":2,"148":0,"149":0,"153":2,"158":1,"159":0,"161":1,"165":0,"176":0,"188":0,"193":1,"197":1,"201":1,"206":45,"207":45,"209":45,"210":45},"path":"C:\\Users\\Simon Okwa\\Desktop\\Simon_Okwa_Piggy_Bank\\contracts\\PiggyBank.sol","s":{"1":59,"2":59,"3":13,"4":13,"5":2,"6":2,"7":2,"8":11,"9":11,"10":11,"11":11,"12":10,"13":11,"14":11,"15":11,"16":11,"17":11,"18":11,"19":9,"20":4,"21":4,"22":5,"23":5,"24":9,"25":11,"26":5,"27":5,"28":6,"29":6,"30":11,"31":5,"32":5,"33":5,"34":5,"35":5,"36":3,"37":3,"38":2,"39":2,"40":5,"41":5,"42":3,"43":2,"44":2,"45":2,"46":2,"47":2,"48":2,"49":0,"50":0,"51":2,"52":1,"53":0,"54":1,"55":0,"56":0,"57":0,"58":1,"59":1,"60":1},"b":{"1":[59,0],"2":[59,0],"3":[13,0],"4":[13,0],"5":[2,11],"6":[2,0],"7":[2,0],"8":[11,0],"9":[11,0],"10":[10,1],"11":[11,0],"12":[11,0],"13":[11,0],"14":[11,0],"15":[11,0],"16":[9,2],"17":[4,5],"18":[4,0],"19":[5,0],"20":[5,6],"21":[5,0],"22":[6,0],"23":[5,1],"24":[5,0],"25":[5,0],"26":[5,0],"27":[5,0],"28":[3,2],"29":[3,0],"30":[2,0],"31":[2,1],"32":[2,0],"33":[2,0],"34":[2,0],"35":[2,0],"36":[0,0],"37":[0,1],"38":[45,0],"39":[45,0]},"f":{"1":59,"2":13,"3":11,"4":5,"5":3,"6":1,"7":0,"8":0,"9":0,"10":1,"11":1,"12":1},"fnMap":{"1":{"name":"constructor","line":34,"loc":{"start":{"line":29,"column":4},"end":{"line":42,"column":4}}},"2":{"name":"deposit","line":45,"loc":{"start":{"line":45,"column":4},"end":{"line":63,"column":4}}},"3":{"name":"withdraw","line":66,"loc":{"start":{"line":66,"column":4},"end":{"line":104,"column":4}}},"4":{"name":"close","line":107,"loc":{"start":{"line":107,"column":4},"end":{"line":130,"column":4}}},"5":{"name":"emergencyClose","line":133,"loc":{"start":{"line":133,"column":4},"end":{"line":154,"column":4}}},"6":{"name":"getTimeRemaining","line":157,"loc":{"start":{"line":157,"column":4},"end":{"line":162,"column":4}}},"7":{"name":"isLockPeriodExpired","line":164,"loc":{"start":{"line":164,"column":4},"end":{"line":166,"column":4}}},"8":{"name":"getPiggyBankDetails","line":168,"loc":{"start":{"line":168,"column":4},"end":{"line":184,"column":4}}},"9":{"name":"calculateEarlyWithdrawalFee","line":187,"loc":{"start":{"line":187,"column":4},"end":{"line":189,"column":4}}},"10":{"name":"getBalance","line":192,"loc":{"start":{"line":192,"column":4},"end":{"line":194,"column":4}}},"11":{"name":"getLockEndTime","line":196,"loc":{"start":{"line":196,"column":4},"end":{"line":198,"column":4}}},"12":{"name":"getEarlyWithdrawalFee","line":200,"loc":{"start":{"line":200,"column":4},"end":{"line":202,"column":4}}}},"statementMap":{"1":{"start":{"line":35,"column":8},"end":{"line":35,"column":69}},"2":{"start":{"line":36,"column":8},"end":{"line":36,"column":72}},"3":{"start":{"line":46,"column":8},"end":{"line":46,"column":49}},"4":{"start":{"line":48,"column":8},"end":{"line":48,"column":1546}},"5":{"start":{"line":50,"column":12},"end":{"line":50,"column":66}},"6":{"start":{"line":51,"column":12},"end":{"line":51,"column":71}},"7":{"start":{"line":53,"column":12},"end":{"line":53,"column":66}},"8":{"start":{"line":56,"column":12},"end":{"line":56,"column":63}},"9":{"start":{"line":57,"column":12},"end":{"line":57,"column":73}},"10":{"start":{"line":58,"column":12},"end":{"line":58,"column":47}},"11":{"start":{"line":59,"column":12},"end":{"line":59,"column":98}},"12":{"start":{"line":61,"column":12},"end":{"line":61,"column":63}},"13":{"start":{"line":67,"column":8},"end":{"line":67,"column":49}},"14":{"start":{"line":68,"column":8},"end":{"line":68,"column":59}},"15":{"start":{"line":69,"column":8},"end":{"line":69,"column":57}},"16":{"start":{"line":71,"column":8},"end":{"line":71,"column":29}},"17":{"start":{"line":72,"column":8},"end":{"line":72,"column":37}},"18":{"start":{"line":75,"column":8},"end":{"line":75,"column":2630}},"19":{"start":{"line":80,"column":12},"end":{"line":80,"column":2841}},"20":{"start":{"line":81,"column":16},"end":{"line":81,"column":69}},"21":{"start":{"line":82,"column":16},"end":{"line":82,"column":68}},"22":{"start":{"line":84,"column":16},"end":{"line":84,"column":51}},"23":{"start":{"line":85,"column":16},"end":{"line":85,"column":95}},"24":{"start":{"line":88,"column":12},"end":{"line":88,"column":75}},"25":{"start":{"line":95,"column":8},"end":{"line":95,"column":3367}},"26":{"start":{"line":96,"column":12},"end":{"line":96,"column":68}},"27":{"start":{"line":97,"column":12},"end":{"line":97,"column":64}},"28":{"start":{"line":99,"column":12},"end":{"line":99,"column":47}},"29":{"start":{"line":100,"column":12},"end":{"line":100,"column":95}},"30":{"start":{"line":103,"column":8},"end":{"line":103,"column":65}},"31":{"start":{"line":108,"column":8},"end":{"line":108,"column":57}},"32":{"start":{"line":109,"column":8},"end":{"line":109,"column":84}},"33":{"start":{"line":114,"column":8},"end":{"line":114,"column":4065}},"34":{"start":{"line":115,"column":12},"end":{"line":115,"column":46}},"35":{"start":{"line":118,"column":12},"end":{"line":118,"column":4186}},"36":{"start":{"line":119,"column":16},"end":{"line":119,"column":76}},"37":{"start":{"line":120,"column":16},"end":{"line":120,"column":69}},"38":{"start":{"line":122,"column":16},"end":{"line":122,"column":51}},"39":{"start":{"line":123,"column":16},"end":{"line":123,"column":104}},"40":{"start":{"line":126,"column":12},"end":{"line":126,"column":73}},"41":{"start":{"line":129,"column":8},"end":{"line":129,"column":48}},"42":{"start":{"line":134,"column":8},"end":{"line":134,"column":73}},"43":{"start":{"line":135,"column":8},"end":{"line":135,"column":57}},"44":{"start":{"line":140,"column":8},"end":{"line":140,"column":4971}},"45":{"start":{"line":141,"column":12},"end":{"line":141,"column":46}},"46":{"start":{"line":144,"column":12},"end":{"line":144,"column":5092}},"47":{"start":{"line":145,"column":16},"end":{"line":145,"column":76}},"48":{"start":{"line":146,"column":16},"end":{"line":146,"column":80}},"49":{"start":{"line":148,"column":16},"end":{"line":148,"column":51}},"50":{"start":{"line":149,"column":16},"end":{"line":149,"column":115}},"51":{"start":{"line":153,"column":8},"end":{"line":153,"column":45}},"52":{"start":{"line":158,"column":8},"end":{"line":158,"column":5642}},"53":{"start":{"line":159,"column":12},"end":{"line":159,"column":20}},"54":{"start":{"line":161,"column":8},"end":{"line":161,"column":55}},"55":{"start":{"line":165,"column":8},"end":{"line":165,"column":56}},"56":{"start":{"line":176,"column":8},"end":{"line":176,"column":6149}},"57":{"start":{"line":188,"column":8},"end":{"line":188,"column":64}},"58":{"start":{"line":193,"column":8},"end":{"line":193,"column":22}},"59":{"start":{"line":197,"column":8},"end":{"line":197,"column":37}},"60":{"start":{"line":201,"column":8},"end":{"line":201,"column":64}}},"branchMap":{"1":{"line":35,"type":"if","locations":[{"start":{"line":35,"column":8},"end":{"line":35,"column":8}},{"start":{"line":35,"column":8},"end":{"line":35,"column":8}}]},"2":{"line":36,"type":"if","locations":[{"start":{"line":36,"column":8},"end":{"line":36,"column":8}},{"start":{"line":36,"column":8},"end":{"line":36,"column":8}}]},"3":{"line":45,"type":"if","locations":[{"start":{"line":45,"column":54},"end":{"line":45,"column":54}},{"start":{"line":45,"column":54},"end":{"line":45,"column":54}}]},"4":{"line":46,"type":"if","locations":[{"start":{"line":46,"column":8},"end":{"line":46,"column":8}},{"start":{"line":46,"column":8},"end":{"line":46,"column":8}}]},"5":{"line":48,"type":"if","locations":[{"start":{"line":48,"column":8},"end":{"line":48,"column":8}},{"start":{"line":48,"column":8},"end":{"line":48,"column":8}}]},"6":{"line":50,"type":"if","locations":[{"start":{"line":50,"column":12},"end":{"line":50,"column":12}},{"start":{"line":50,"column":12},"end":{"line":50,"column":12}}]},"7":{"line":51,"type":"if","locations":[{"start":{"line":51,"column":12},"end":{"line":51,"column":12}},{"start":{"line":51,"column":12},"end":{"line":51,"column":12}}]},"8":{"line":56,"type":"if","locations":[{"start":{"line":56,"column":12},"end":{"line":56,"column":12}},{"start":{"line":56,"column":12},"end":{"line":56,"column":12}}]},"9":{"line":57,"type":"if","locations":[{"start":{"line":57,"column":12},"end":{"line":57,"column":12}},{"start":{"line":57,"column":12},"end":{"line":57,"column":12}}]},"10":{"line":59,"type":"if","locations":[{"start":{"line":59,"column":12},"end":{"line":59,"column":12}},{"start":{"line":59,"column":12},"end":{"line":59,"column":12}}]},"11":{"line":66,"type":"if","locations":[{"start":{"line":66,"column":47},"end":{"line":66,"column":47}},{"start":{"line":66,"column":47},"end":{"line":66,"column":47}}]},"12":{"line":66,"type":"if","locations":[{"start":{"line":66,"column":57},"end":{"line":66,"column":57}},{"start":{"line":66,"column":57},"end":{"line":66,"column":57}}]},"13":{"line":67,"type":"if","locations":[{"start":{"line":67,"column":8},"end":{"line":67,"column":8}},{"start":{"line":67,"column":8},"end":{"line":67,"column":8}}]},"14":{"line":68,"type":"if","locations":[{"start":{"line":68,"column":8},"end":{"line":68,"column":8}},{"start":{"line":68,"column":8},"end":{"line":68,"column":8}}]},"15":{"line":69,"type":"if","locations":[{"start":{"line":69,"column":8},"end":{"line":69,"column":8}},{"start":{"line":69,"column":8},"end":{"line":69,"column":8}}]},"16":{"line":75,"type":"if","locations":[{"start":{"line":75,"column":8},"end":{"line":75,"column":8}},{"start":{"line":75,"column":8},"end":{"line":75,"column":8}}]},"17":{"line":80,"type":"if","locations":[{"start":{"line":80,"column":12},"end":{"line":80,"column":12}},{"start":{"line":80,"column":12},"end":{"line":80,"column":12}}]},"18":{"line":82,"type":"if","locations":[{"start":{"line":82,"column":16},"end":{"line":82,"column":16}},{"start":{"line":82,"column":16},"end":{"line":82,"column":16}}]},"19":{"line":85,"type":"if","locations":[{"start":{"line":85,"column":16},"end":{"line":85,"column":16}},{"start":{"line":85,"column":16},"end":{"line":85,"column":16}}]},"20":{"line":95,"type":"if","locations":[{"start":{"line":95,"column":8},"end":{"line":95,"column":8}},{"start":{"line":95,"column":8},"end":{"line":95,"column":8}}]},"21":{"line":97,"type":"if","locations":[{"start":{"line":97,"column":12},"end":{"line":97,"column":12}},{"start":{"line":97,"column":12},"end":{"line":97,"column":12}}]},"22":{"line":100,"type":"if","locations":[{"start":{"line":100,"column":12},"end":{"line":100,"column":12}},{"start":{"line":100,"column":12},"end":{"line":100,"column":12}}]},"23":{"line":107,"type":"if","locations":[{"start":{"line":107,"column":30},"end":{"line":107,"column":30}},{"start":{"line":107,"column":30},"end":{"line":107,"column":30}}]},"24":{"line":107,"type":"if","locations":[{"start":{"line":107,"column":40},"end":{"line":107,"column":40}},{"start":{"line":107,"column":40},"end":{"line":107,"column":40}}]},"25":{"line":108,"type":"if","locations":[{"start":{"line":108,"column":8},"end":{"line":108,"column":8}},{"start":{"line":108,"column":8},"end":{"line":108,"column":8}}]},"26":{"line":109,"type":"if","locations":[{"start":{"line":109,"column":8},"end":{"line":109,"column":8}},{"start":{"line":109,"column":8},"end":{"line":109,"column":8}}]},"27":{"line":114,"type":"if","locations":[{"start":{"line":114,"column":8},"end":{"line":114,"column":8}},{"start":{"line":114,"column":8},"end":{"line":114,"column":8}}]},"28":{"line":118,"type":"if","locations":[{"start":{"line":118,"column":12},"end":{"line":118,"column":12}},{"start":{"line":118,"column":12},"end":{"line":118,"column":12}}]},"29":{"line":120,"type":"if","locations":[{"start":{"line":120,"column":16},"end":{"line":120,"column":16}},{"start":{"line":120,"column":16},"end":{"line":120,"column":16}}]},"30":{"line":123,"type":"if","locations":[{"start":{"line":123,"column":16},"end":{"line":123,"column":16}},{"start":{"line":123,"column":16},"end":{"line":123,"column":16}}]},"31":{"line":134,"type":"if","locations":[{"start":{"line":134,"column":8},"end":{"line":134,"column":8}},{"start":{"line":134,"column":8},"end":{"line":134,"column":8}}]},"32":{"line":135,"type":"if","locations":[{"start":{"line":135,"column":8},"end":{"line":135,"column":8}},{"start":{"line":135,"column":8},"end":{"line":135,"column":8}}]},"33":{"line":140,"type":"if","locations":[{"start":{"line":140,"column":8},"end":{"line":140,"column":8}},{"start":{"line":140,"column":8},"end":{"line":140,"column":8}}]},"34":{"line":144,"type":"if","locations":[{"start":{"line":144,"column":12},"end":{"line":144,"column":12}},{"start":{"line":144,"column":12},"end":{"line":144,"column":12}}]},"35":{"line":146,"type":"if","locations":[{"start":{"line":146,"column":16},"end":{"line":146,"column":16}},{"start":{"line":146,"column":16},"end":{"line":146,"column":16}}]},"36":{"line":149,"type":"if","locations":[{"start":{"line":149,"column":16},"end":{"line":149,"column":16}},{"start":{"line":149,"column":16},"end":{"line":149,"column":16}}]},"37":{"line":158,"type":"if","locations":[{"start":{"line":158,"column":8},"end":{"line":158,"column":8}},{"start":{"line":158,"column":8},"end":{"line":158,"column":8}}]},"38":{"line":206,"type":"if","locations":[{"start":{"line":206,"column":8},"end":{"line":206,"column":8}},{"start":{"line":206,"column":8},"end":{"line":206,"column":8}}]},"39":{"line":207,"type":"if","locations":[{"start":{"line":207,"column":8},"end":{"line":207,"column":8}},{"start":{"line":207,"column":8},"end":{"line":207,"column":8}}]}}},"contracts\\PiggyBankFactory.sol":{"l":{"28":60,"31":59,"39":59,"40":45,"41":44,"42":44,"46":58,"47":58,"48":58,"50":58,"55":46,"60":5,"65":5,"70":0,"75":3,"76":3,"78":3,"79":2,"80":1,"82":1,"83":1,"86":1,"87":1,"88":1,"91":1,"92":1,"93":1,"94":1,"95":1,"99":1,"100":1,"104":3,"108":2,"109":2,"114":2,"116":1,"117":1,"118":1,"121":1,"122":1,"123":1,"129":0,"134":0,"135":0,"137":0,"142":1,"143":1,"144":2,"146":1,"150":2,"151":2,"152":2,"153":4,"155":2},"path":"C:\\Users\\Simon Okwa\\Desktop\\Simon_Okwa_Piggy_Bank\\contracts\\PiggyBankFactory.sol","s":{"1":60,"2":59,"3":59,"4":45,"5":44,"6":44,"7":58,"8":58,"9":58,"10":46,"11":5,"12":5,"13":0,"14":3,"15":3,"16":3,"17":2,"18":1,"19":1,"20":1,"21":1,"22":1,"23":1,"24":1,"25":3,"26":2,"27":2,"28":2,"29":1,"30":1,"31":1,"32":1,"33":1,"34":1,"35":0,"36":0,"37":0,"38":0,"39":1,"40":1,"41":1,"42":2,"43":2,"44":2,"45":2},"b":{"1":[59,1],"2":[45,14],"3":[44,1],"4":[44,0],"5":[1,1],"6":[1,0],"7":[1,0],"8":[1,2],"9":[2,1],"10":[2,1],"11":[1,1],"12":[1,0],"13":[1,0],"14":[1,0],"15":[1,0],"16":[0,0]},"f":{"1":54,"2":60,"3":46,"4":5,"5":5,"6":0,"7":3,"8":2,"9":2,"10":0,"11":0,"12":1,"13":2},"fnMap":{"1":{"name":"constructor","line":24,"loc":{"start":{"line":24,"column":4},"end":{"line":24,"column":39}}},"2":{"name":"createPiggyBank","line":27,"loc":{"start":{"line":27,"column":4},"end":{"line":51,"column":4}}},"3":{"name":"getUserPiggyBanks","line":54,"loc":{"start":{"line":54,"column":4},"end":{"line":56,"column":4}}},"4":{"name":"getUserPiggyBankCount","line":59,"loc":{"start":{"line":59,"column":4},"end":{"line":61,"column":4}}},"5":{"name":"getAllPiggyBanks","line":64,"loc":{"start":{"line":64,"column":4},"end":{"line":66,"column":4}}},"6":{"name":"getTotalPiggyBankCount","line":69,"loc":{"start":{"line":69,"column":4},"end":{"line":71,"column":4}}},"7":{"name":"removePiggyBank","line":74,"loc":{"start":{"line":74,"column":4},"end":{"line":105,"column":4}}},"8":{"name":"emergencyClosePiggyBank","line":107,"loc":{"start":{"line":107,"column":4},"end":{"line":110,"column":4}}},"9":{"name":"withdrawFees","line":113,"loc":{"start":{"line":113,"column":4},"end":{"line":125,"column":4}}},"10":{"name":"getFactoryBalance","line":128,"loc":{"start":{"line":128,"column":4},"end":{"line":130,"column":4}}},"11":{"name":"getFactoryTokenBalance","line":133,"loc":{"start":{"line":133,"column":4},"end":{"line":138,"column":4}}},"12":{"name":"getTotalBalance","line":141,"loc":{"start":{"line":141,"column":4},"end":{"line":147,"column":4}}},"13":{"name":"getUserBalance","line":149,"loc":{"start":{"line":149,"column":4},"end":{"line":156,"column":4}}}},"statementMap":{"1":{"start":{"line":28,"column":8},"end":{"line":28,"column":68}},"2":{"start":{"line":31,"column":8},"end":{"line":31,"column":873}},"3":{"start":{"line":39,"column":8},"end":{"line":39,"column":1055}},"4":{"start":{"line":40,"column":12},"end":{"line":40,"column":83}},"5":{"start":{"line":41,"column":12},"end":{"line":41,"column":79}},"6":{"start":{"line":42,"column":12},"end":{"line":42,"column":69}},"7":{"start":{"line":46,"column":8},"end":{"line":46,"column":61}},"8":{"start":{"line":48,"column":8},"end":{"line":48,"column":48}},"9":{"start":{"line":50,"column":8},"end":{"line":50,"column":76}},"10":{"start":{"line":55,"column":8},"end":{"line":55,"column":35}},"11":{"start":{"line":60,"column":8},"end":{"line":60,"column":39}},"12":{"start":{"line":65,"column":8},"end":{"line":65,"column":28}},"13":{"start":{"line":70,"column":8},"end":{"line":70,"column":35}},"14":{"start":{"line":75,"column":8},"end":{"line":75,"column":64}},"15":{"start":{"line":76,"column":8},"end":{"line":76,"column":26}},"16":{"start":{"line":78,"column":8},"end":{"line":78,"column":2357}},"17":{"start":{"line":79,"column":12},"end":{"line":79,"column":2423}},"18":{"start":{"line":82,"column":16},"end":{"line":82,"column":74}},"19":{"start":{"line":83,"column":16},"end":{"line":83,"column":83}},"20":{"start":{"line":87,"column":16},"end":{"line":87,"column":30}},"21":{"start":{"line":91,"column":16},"end":{"line":91,"column":2982}},"22":{"start":{"line":92,"column":20},"end":{"line":92,"column":3060}},"23":{"start":{"line":94,"column":24},"end":{"line":94,"column":42}},"24":{"start":{"line":99,"column":16},"end":{"line":99,"column":67}},"25":{"start":{"line":104,"column":8},"end":{"line":104,"column":54}},"26":{"start":{"line":108,"column":8},"end":{"line":108,"column":66}},"27":{"start":{"line":109,"column":8},"end":{"line":109,"column":33}},"28":{"start":{"line":114,"column":8},"end":{"line":114,"column":3819}},"29":{"start":{"line":116,"column":12},"end":{"line":116,"column":81}},"30":{"start":{"line":117,"column":12},"end":{"line":117,"column":62}},"31":{"start":{"line":118,"column":12},"end":{"line":118,"column":55}},"32":{"start":{"line":121,"column":12},"end":{"line":121,"column":47}},"33":{"start":{"line":122,"column":12},"end":{"line":122,"column":90}},"34":{"start":{"line":123,"column":12},"end":{"line":123,"column":80}},"35":{"start":{"line":129,"column":8},"end":{"line":129,"column":36}},"36":{"start":{"line":134,"column":8},"end":{"line":134,"column":4592}},"37":{"start":{"line":135,"column":12},"end":{"line":135,"column":40}},"38":{"start":{"line":137,"column":8},"end":{"line":137,"column":60}},"39":{"start":{"line":142,"column":8},"end":{"line":142,"column":25}},"40":{"start":{"line":143,"column":8},"end":{"line":143,"column":4861}},"41":{"start":{"line":146,"column":8},"end":{"line":146,"column":20}},"42":{"start":{"line":150,"column":8},"end":{"line":150,"column":25}},"43":{"start":{"line":151,"column":8},"end":{"line":151,"column":57}},"44":{"start":{"line":152,"column":8},"end":{"line":152,"column":5205}},"45":{"start":{"line":155,"column":8},"end":{"line":155,"column":20}}},"branchMap":{"1":{"line":28,"type":"if","locations":[{"start":{"line":28,"column":8},"end":{"line":28,"column":8}},{"start":{"line":28,"column":8},"end":{"line":28,"column":8}}]},"2":{"line":39,"type":"if","locations":[{"start":{"line":39,"column":8},"end":{"line":39,"column":8}},{"start":{"line":39,"column":8},"end":{"line":39,"column":8}}]},"3":{"line":40,"type":"if","locations":[{"start":{"line":40,"column":12},"end":{"line":40,"column":12}},{"start":{"line":40,"column":12},"end":{"line":40,"column":12}}]},"4":{"line":42,"type":"if","locations":[{"start":{"line":42,"column":12},"end":{"line":42,"column":12}},{"start":{"line":42,"column":12},"end":{"line":42,"column":12}}]},"5":{"line":79,"type":"if","locations":[{"start":{"line":79,"column":12},"end":{"line":79,"column":12}},{"start":{"line":79,"column":12},"end":{"line":79,"column":12}}]},"6":{"line":83,"type":"if","locations":[{"start":{"line":83,"column":16},"end":{"line":83,"column":16}},{"start":{"line":83,"column":16},"end":{"line":83,"column":16}}]},"7":{"line":92,"type":"if","locations":[{"start":{"line":92,"column":20},"end":{"line":92,"column":20}},{"start":{"line":92,"column":20},"end":{"line":92,"column":20}}]},"8":{"line":104,"type":"if","locations":[{"start":{"line":104,"column":8},"end":{"line":104,"column":8}},{"start":{"line":104,"column":8},"end":{"line":104,"column":8}}]},"9":{"line":107,"type":"if","locations":[{"start":{"line":107,"column":72},"end":{"line":107,"column":72}},{"start":{"line":107,"column":72},"end":{"line":107,"column":72}}]},"10":{"line":113,"type":"if","locations":[{"start":{"line":113,"column":73},"end":{"line":113,"column":73}},{"start":{"line":113,"column":73},"end":{"line":113,"column":73}}]},"11":{"line":114,"type":"if","locations":[{"start":{"line":114,"column":8},"end":{"line":114,"column":8}},{"start":{"line":114,"column":8},"end":{"line":114,"column":8}}]},"12":{"line":116,"type":"if","locations":[{"start":{"line":116,"column":12},"end":{"line":116,"column":12}},{"start":{"line":116,"column":12},"end":{"line":116,"column":12}}]},"13":{"line":118,"type":"if","locations":[{"start":{"line":118,"column":12},"end":{"line":118,"column":12}},{"start":{"line":118,"column":12},"end":{"line":118,"column":12}}]},"14":{"line":122,"type":"if","locations":[{"start":{"line":122,"column":12},"end":{"line":122,"column":12}},{"start":{"line":122,"column":12},"end":{"line":122,"column":12}}]},"15":{"line":123,"type":"if","locations":[{"start":{"line":123,"column":12},"end":{"line":123,"column":12}},{"start":{"line":123,"column":12},"end":{"line":123,"column":12}}]},"16":{"line":134,"type":"if","locations":[{"start":{"line":134,"column":8},"end":{"line":134,"column":8}},{"start":{"line":134,"column":8},"end":{"line":134,"column":8}}]}}},"contracts\\TestToken.sol":{"l":{"9":14,"14":14},"path":"C:\\Users\\Simon Okwa\\Desktop\\Simon_Okwa_Piggy_Bank\\contracts\\TestToken.sol","s":{"1":14,"2":14},"b":{"1":[14,0]},"f":{"1":14,"2":14},"fnMap":{"1":{"name":"constructor","line":8,"loc":{"start":{"line":8,"column":4},"end":{"line":10,"column":4}}},"2":{"name":"mint","line":13,"loc":{"start":{"line":13,"column":4},"end":{"line":15,"column":4}}}},"statementMap":{"1":{"start":{"line":9,"column":8},"end":{"line":9,"column":50}},"2":{"start":{"line":14,"column":8},"end":{"line":14,"column":24}}},"branchMap":{"1":{"line":13,"type":"if","locations":[{"start":{"line":13,"column":55},"end":{"line":13,"column":55}},{"start":{"line":13,"column":55},"end":{"line":13,"column":55}}]}}}}