{"contracts\\Erc.sol":{"l":{"23":1,"24":1,"25":1,"27":1,"35":1,"39":1,"43":1,"47":3,"51":2,"52":2,"53":2,"57":3,"58":2,"59":2,"60":2,"61":2,"65":2,"66":2,"67":1,"69":1,"70":1,"71":1,"73":1,"74":1,"78":2},"path":"C:\\Users\\DONKAMS\\Desktop\\Web3bridge-Web3-Cohort-XIII\\onsite-program\\submissions\\week-4\\day-6\\day-6-task-2\\Kamol-Oduola\\Erc20\\contracts\\Erc.sol","s":{"1":1,"2":1,"3":1,"4":3,"5":2,"6":2,"7":3,"8":2,"9":2,"10":2,"11":2,"12":1,"13":1,"14":1,"15":2},"b":{"1":[2,1],"2":[2,0],"3":[1,1],"4":[1,0]},"f":{"1":1,"2":1,"3":1,"4":1,"5":3,"6":2,"7":3,"8":2,"9":2},"fnMap":{"1":{"name":"constructor","line":22,"loc":{"start":{"line":22,"column":4},"end":{"line":32,"column":4}}},"2":{"name":"name","line":34,"loc":{"start":{"line":34,"column":4},"end":{"line":36,"column":4}}},"3":{"name":"symbol","line":38,"loc":{"start":{"line":38,"column":4},"end":{"line":40,"column":4}}},"4":{"name":"decimals","line":42,"loc":{"start":{"line":42,"column":4},"end":{"line":44,"column":4}}},"5":{"name":"balanceOf","line":46,"loc":{"start":{"line":46,"column":4},"end":{"line":48,"column":4}}},"6":{"name":"approve","line":50,"loc":{"start":{"line":50,"column":4},"end":{"line":54,"column":4}}},"7":{"name":"transfer","line":56,"loc":{"start":{"line":56,"column":4},"end":{"line":62,"column":4}}},"8":{"name":"transferFrom","line":64,"loc":{"start":{"line":64,"column":4},"end":{"line":75,"column":4}}},"9":{"name":"allowance","line":77,"loc":{"start":{"line":77,"column":4},"end":{"line":79,"column":4}}}},"statementMap":{"1":{"start":{"line":35,"column":4},"end":{"line":35,"column":21}},"2":{"start":{"line":39,"column":4},"end":{"line":39,"column":23}},"3":{"start":{"line":43,"column":4},"end":{"line":43,"column":25}},"4":{"start":{"line":47,"column":8},"end":{"line":47,"column":31}},"5":{"start":{"line":52,"column":8},"end":{"line":52,"column":51}},"6":{"start":{"line":53,"column":8},"end":{"line":53,"column":19}},"7":{"start":{"line":57,"column":8},"end":{"line":57,"column":70}},"8":{"start":{"line":60,"column":8},"end":{"line":60,"column":46}},"9":{"start":{"line":61,"column":8},"end":{"line":61,"column":19}},"10":{"start":{"line":65,"column":8},"end":{"line":65,"column":63}},"11":{"start":{"line":66,"column":8},"end":{"line":66,"column":67}},"12":{"start":{"line":67,"column":8},"end":{"line":67,"column":43}},"13":{"start":{"line":73,"column":8},"end":{"line":73,"column":41}},"14":{"start":{"line":74,"column":8},"end":{"line":74,"column":19}},"15":{"start":{"line":78,"column":8},"end":{"line":78,"column":40}}},"branchMap":{"1":{"line":57,"type":"if","locations":[{"start":{"line":57,"column":8},"end":{"line":57,"column":8}},{"start":{"line":57,"column":8},"end":{"line":57,"column":8}}]},"2":{"line":65,"type":"if","locations":[{"start":{"line":65,"column":8},"end":{"line":65,"column":8}},{"start":{"line":65,"column":8},"end":{"line":65,"column":8}}]},"3":{"line":66,"type":"if","locations":[{"start":{"line":66,"column":8},"end":{"line":66,"column":8}},{"start":{"line":66,"column":8},"end":{"line":66,"column":8}}]},"4":{"line":67,"type":"if","locations":[{"start":{"line":67,"column":8},"end":{"line":67,"column":8}},{"start":{"line":67,"column":8},"end":{"line":67,"column":8}}]}}},"contracts\\Ierc.sol":{"l":{},"path":"C:\\Users\\DONKAMS\\Desktop\\Web3bridge-Web3-Cohort-XIII\\onsite-program\\submissions\\week-4\\day-6\\day-6-task-2\\Kamol-Oduola\\Erc20\\contracts\\Ierc.sol","s":{},"b":{},"f":{},"fnMap":{},"statementMap":{},"branchMap":{}}}