{"contracts/Employee.sol":{"l":{"12":1,"30":1,"31":1,"35":5,"36":5,"37":0,"39":5,"46":5,"50":1,"51":1,"53":1,"54":1,"55":1,"56":1,"60":0,"61":0,"62":0,"64":0,"65":0,"68":0,"72":4,"73":4,"78":1,"79":1,"81":1,"82":0,"85":1,"86":0,"89":1,"90":0,"93":1,"94":1,"95":1,"97":0,"98":0,"102":0,"103":0,"106":0,"107":0,"111":0,"112":0,"113":0},"path":"/home/adetayo/Documents/Web3bridge-Web3-Cohort-XIII/onsite-program/submissions/week-4/day-4/day4-task-1/Tella-Adetayo/contracts/Employee.sol","s":{"1":1,"2":5,"3":5,"4":5,"5":1,"6":1,"7":0,"8":0,"9":0,"10":0,"11":0,"12":4,"13":4,"14":1,"15":1,"16":1,"17":1,"18":1,"19":1,"20":1,"21":0,"22":0,"23":0,"24":0,"25":0,"26":0,"27":0},"b":{"1":[1,0],"2":[0,5],"3":[1,0],"4":[0,1],"5":[0,1],"6":[0,1],"7":[1,0],"8":[0,0],"9":[0,0],"10":[0,0]},"f":{"1":1,"2":0,"3":1,"4":5,"5":1,"6":0,"7":4,"8":1,"9":0,"10":0},"fnMap":{"1":{"name":"constructor","line":11,"loc":{"start":{"line":11,"column":4},"end":{"line":13,"column":4}}},"2":{"name":null,"line":16,"loc":{"start":{"line":16,"column":4},"end":{"line":16,"column":33}}},"3":{"name":"onlyOwner","line":29,"loc":{"start":{"line":29,"column":4},"end":{"line":32,"column":4}}},"4":{"name":"registerUser","line":34,"loc":{"start":{"line":34,"column":4},"end":{"line":47,"column":4}}},"5":{"name":"updateUser","line":49,"loc":{"start":{"line":49,"column":4},"end":{"line":57,"column":4}}},"6":{"name":"getAllUsers","line":59,"loc":{"start":{"line":59,"column":4},"end":{"line":69,"column":4}}},"7":{"name":"getUser","line":71,"loc":{"start":{"line":71,"column":4},"end":{"line":75,"column":4}}},"8":{"name":"disburseSalary","line":77,"loc":{"start":{"line":77,"column":4},"end":{"line":99,"column":4}}},"9":{"name":"withdraw","line":101,"loc":{"start":{"line":101,"column":4},"end":{"line":108,"column":4}}},"10":{"name":"remainingSalary","line":110,"loc":{"start":{"line":110,"column":4},"end":{"line":114,"column":4}}}},"statementMap":{"1":{"start":{"line":30,"column":8},"end":{"line":30,"column":49}},"2":{"start":{"line":35,"column":8},"end":{"line":35,"column":52}},"3":{"start":{"line":36,"column":8},"end":{"line":36,"column":883}},"4":{"start":{"line":46,"column":8},"end":{"line":46,"column":32}},"5":{"start":{"line":50,"column":8},"end":{"line":50,"column":52}},"6":{"start":{"line":51,"column":8},"end":{"line":51,"column":62}},"7":{"start":{"line":60,"column":8},"end":{"line":60,"column":52}},"8":{"start":{"line":61,"column":8},"end":{"line":61,"column":40}},"9":{"start":{"line":62,"column":8},"end":{"line":62,"column":79}},"10":{"start":{"line":64,"column":8},"end":{"line":64,"column":1871}},"11":{"start":{"line":68,"column":8},"end":{"line":68,"column":27}},"12":{"start":{"line":72,"column":8},"end":{"line":72,"column":52}},"13":{"start":{"line":73,"column":8},"end":{"line":73,"column":34}},"14":{"start":{"line":78,"column":8},"end":{"line":78,"column":52}},"15":{"start":{"line":79,"column":8},"end":{"line":79,"column":65}},"16":{"start":{"line":81,"column":8},"end":{"line":81,"column":2439}},"17":{"start":{"line":85,"column":8},"end":{"line":85,"column":2535}},"18":{"start":{"line":89,"column":8},"end":{"line":89,"column":2627}},"19":{"start":{"line":93,"column":8},"end":{"line":93,"column":61}},"20":{"start":{"line":94,"column":8},"end":{"line":94,"column":2800}},"21":{"start":{"line":98,"column":8},"end":{"line":98,"column":43}},"22":{"start":{"line":102,"column":8},"end":{"line":102,"column":3045}},"23":{"start":{"line":106,"column":8},"end":{"line":106,"column":55}},"24":{"start":{"line":107,"column":8},"end":{"line":107,"column":42}},"25":{"start":{"line":111,"column":8},"end":{"line":111,"column":52}},"26":{"start":{"line":112,"column":8},"end":{"line":112,"column":65}},"27":{"start":{"line":113,"column":8},"end":{"line":113,"column":51}}},"branchMap":{"1":{"line":30,"type":"if","locations":[{"start":{"line":30,"column":8},"end":{"line":30,"column":8}},{"start":{"line":30,"column":8},"end":{"line":30,"column":8}}]},"2":{"line":36,"type":"if","locations":[{"start":{"line":36,"column":8},"end":{"line":36,"column":8}},{"start":{"line":36,"column":8},"end":{"line":36,"column":8}}]},"3":{"line":77,"type":"if","locations":[{"start":{"line":77,"column":89},"end":{"line":77,"column":89}},{"start":{"line":77,"column":89},"end":{"line":77,"column":89}}]},"4":{"line":81,"type":"if","locations":[{"start":{"line":81,"column":8},"end":{"line":81,"column":8}},{"start":{"line":81,"column":8},"end":{"line":81,"column":8}}]},"5":{"line":85,"type":"if","locations":[{"start":{"line":85,"column":8},"end":{"line":85,"column":8}},{"start":{"line":85,"column":8},"end":{"line":85,"column":8}}]},"6":{"line":89,"type":"if","locations":[{"start":{"line":89,"column":8},"end":{"line":89,"column":8}},{"start":{"line":89,"column":8},"end":{"line":89,"column":8}}]},"7":{"line":94,"type":"if","locations":[{"start":{"line":94,"column":8},"end":{"line":94,"column":8}},{"start":{"line":94,"column":8},"end":{"line":94,"column":8}}]},"8":{"line":101,"type":"if","locations":[{"start":{"line":101,"column":69},"end":{"line":101,"column":69}},{"start":{"line":101,"column":69},"end":{"line":101,"column":69}}]},"9":{"line":102,"type":"if","locations":[{"start":{"line":102,"column":8},"end":{"line":102,"column":8}},{"start":{"line":102,"column":8},"end":{"line":102,"column":8}}]},"10":{"line":107,"type":"if","locations":[{"start":{"line":107,"column":8},"end":{"line":107,"column":8}},{"start":{"line":107,"column":8},"end":{"line":107,"column":8}}]}}}}