{"contracts/Base64.sol":{"l":{"10":10,"11":10,"14":10,"17":10,"19":10,"21":10,"67":10},"path":"/home/debielily/Web3bridge-Web3-Cohort-XIII/onsite-program/submissions/week-6/day-5/Deborah_Olaboye/contracts/Base64.sol","s":{"1":10,"2":10,"3":0,"4":10,"5":10,"6":10,"7":10},"b":{"1":[0,10]},"f":{"1":10},"fnMap":{"1":{"name":"encode","line":9,"loc":{"start":{"line":9,"column":4},"end":{"line":68,"column":4}}}},"statementMap":{"1":{"start":{"line":10,"column":8},"end":{"line":10,"column":33}},"2":{"start":{"line":11,"column":8},"end":{"line":11,"column":31}},"3":{"start":{"line":11,"column":22},"end":{"line":11,"column":31}},"4":{"start":{"line":14,"column":8},"end":{"line":14,"column":48}},"5":{"start":{"line":17,"column":8},"end":{"line":17,"column":56}},"6":{"start":{"line":19,"column":8},"end":{"line":19,"column":34}},"7":{"start":{"line":67,"column":8},"end":{"line":67,"column":29}}},"branchMap":{"1":{"line":11,"type":"if","locations":[{"start":{"line":11,"column":8},"end":{"line":11,"column":8}},{"start":{"line":11,"column":8},"end":{"line":11,"column":8}}]}}},"contracts/OnchainNFT.sol":{"l":{"21":5,"22":5,"23":5,"26":5,"38":5,"50":5,"51":5,"52":5,"57":5,"75":2,"76":2,"77":2,"79":2,"80":2,"82":2,"83":2,"85":2,"90":3,"92":2,"93":2,"94":2},"path":"/home/debielily/Web3bridge-Web3-Cohort-XIII/onsite-program/submissions/week-6/day-5/Deborah_Olaboye/contracts/OnchainNFT.sol","s":{"1":5,"2":5,"3":5,"4":5,"5":5,"6":5,"7":5,"8":5,"9":5,"10":2,"11":2,"12":2,"13":2,"14":2,"15":2,"16":2,"17":2,"18":3,"19":2,"20":2,"21":2},"b":{"1":[2,1],"2":[2,1]},"f":{"1":1,"2":5,"3":5,"4":5,"5":2,"6":3},"fnMap":{"1":{"name":"constructor","line":16,"loc":{"start":{"line":16,"column":4},"end":{"line":16,"column":61}}},"2":{"name":"generateSVG","line":19,"loc":{"start":{"line":19,"column":4},"end":{"line":46,"column":4}}},"3":{"name":"svgToImageURI","line":49,"loc":{"start":{"line":49,"column":4},"end":{"line":53,"column":4}}},"4":{"name":"formatTokenURI","line":56,"loc":{"start":{"line":56,"column":4},"end":{"line":71,"column":4}}},"5":{"name":"mint","line":74,"loc":{"start":{"line":74,"column":4},"end":{"line":86,"column":4}}},"6":{"name":"tokenURI","line":89,"loc":{"start":{"line":89,"column":4},"end":{"line":95,"column":4}}}},"statementMap":{"1":{"start":{"line":21,"column":8},"end":{"line":21,"column":45}},"2":{"start":{"line":22,"column":8},"end":{"line":22,"column":44}},"3":{"start":{"line":23,"column":8},"end":{"line":23,"column":37}},"4":{"start":{"line":26,"column":8},"end":{"line":26,"column":959}},"5":{"start":{"line":38,"column":8},"end":{"line":38,"column":1387}},"6":{"start":{"line":50,"column":8},"end":{"line":50,"column":60}},"7":{"start":{"line":51,"column":8},"end":{"line":51,"column":66}},"8":{"start":{"line":52,"column":8},"end":{"line":52,"column":66}},"9":{"start":{"line":57,"column":8},"end":{"line":57,"column":2278}},"10":{"start":{"line":75,"column":8},"end":{"line":75,"column":56}},"11":{"start":{"line":76,"column":8},"end":{"line":76,"column":51}},"12":{"start":{"line":77,"column":8},"end":{"line":77,"column":62}},"13":{"start":{"line":79,"column":8},"end":{"line":79,"column":28}},"14":{"start":{"line":80,"column":8},"end":{"line":80,"column":47}},"15":{"start":{"line":82,"column":8},"end":{"line":82,"column":39}},"16":{"start":{"line":83,"column":8},"end":{"line":83,"column":45}},"17":{"start":{"line":85,"column":8},"end":{"line":85,"column":30}},"18":{"start":{"line":90,"column":8},"end":{"line":90,"column":85}},"19":{"start":{"line":92,"column":8},"end":{"line":92,"column":56}},"20":{"start":{"line":93,"column":8},"end":{"line":93,"column":51}},"21":{"start":{"line":94,"column":8},"end":{"line":94,"column":39}}},"branchMap":{"1":{"line":74,"type":"if","locations":[{"start":{"line":74,"column":27},"end":{"line":74,"column":27}},{"start":{"line":74,"column":27},"end":{"line":74,"column":27}}]},"2":{"line":90,"type":"if","locations":[{"start":{"line":90,"column":8},"end":{"line":90,"column":8}},{"start":{"line":90,"column":8},"end":{"line":90,"column":8}}]}}}}