{"contracts/interfaces/LinkTokenInterface.sol":{"l":{},"path":"/home/redfly/Documents/quickstarts-lootbox/contracts/interfaces/LinkTokenInterface.sol","s":{},"b":{},"f":{},"fnMap":{},"statementMap":{},"branchMap":{}},"contracts/interfaces/VRFCoordinatorV2Interface.sol":{"l":{},"path":"/home/redfly/Documents/quickstarts-lootbox/contracts/interfaces/VRFCoordinatorV2Interface.sol","s":{},"b":{},"f":{},"fnMap":{},"statementMap":{},"branchMap":{}},"contracts/library/Error.sol":{"l":{},"path":"/home/redfly/Documents/quickstarts-lootbox/contracts/library/Error.sol","s":{},"b":{},"f":{},"fnMap":{},"statementMap":{},"branchMap":{}},"contracts/Lootbox.sol":{"l":{"128":297,"130":297,"131":296,"133":295,"135":291,"137":288,"138":864,"140":288,"142":288,"143":288,"144":288,"145":288,"147":288,"148":288,"149":288,"151":288,"152":60,"153":60,"162":20,"163":18,"172":3,"173":1,"178":7,"179":7,"181":5,"190":6,"191":6,"192":6,"193":18,"195":6,"200":2,"201":2,"209":1,"211":1,"216":0,"223":0,"232":14,"239":6,"240":6,"247":3,"248":3,"257":295,"258":295,"259":880,"261":880,"262":879,"263":878,"265":877,"267":292,"268":1,"270":291,"275":19,"278":19,"279":18,"280":17,"281":16,"282":15,"284":14,"286":14,"288":14,"290":14,"295":5,"297":5,"299":4,"300":4,"302":4,"303":4,"305":4,"306":12,"308":4,"310":4,"312":4,"321":4,"322":4,"324":4,"325":4,"327":4,"328":4,"329":52,"330":52,"331":52,"333":52,"334":72,"336":72,"337":52,"339":52,"340":52,"341":52,"342":52,"344":52,"346":52,"348":20,"353":4,"358":295,"359":922,"365":922,"366":331,"367":40,"369":291,"372":294,"374":297},"path":"/home/redfly/Documents/quickstarts-lootbox/contracts/Lootbox.sol","s":{"1":297,"2":297,"3":296,"4":291,"5":288,"6":288,"7":20,"8":18,"9":3,"10":1,"11":7,"12":7,"13":5,"14":6,"15":6,"16":2,"17":2,"18":1,"19":1,"20":6,"21":3,"22":3,"23":295,"24":295,"25":880,"26":880,"27":879,"28":878,"29":292,"30":19,"31":19,"32":18,"33":17,"34":16,"35":15,"36":14,"37":14,"38":5,"39":5,"40":4,"41":4,"42":4,"43":4,"44":4,"45":4,"46":4,"47":4,"48":4,"49":52,"50":52,"51":52,"52":52,"53":72,"54":72,"55":295,"56":922,"57":922,"58":331,"59":40,"60":291,"61":591,"62":294,"63":297,"64":297},"b":{"1":[1,296],"2":[1,295],"3":[60,228],"4":[2,18],"5":[2,1],"6":[2,5],"7":[1,1],"8":[0,1],"9":[0,0],"10":[0,0],"11":[1,879],"12":[1,878],"13":[1,877],"14":[1,291],"15":[1,18],"16":[1,17],"17":[1,16],"18":[1,15],"19":[1,14],"20":[1,4],"21":[52,20],"22":[331,591],"23":[40,291],"24":[294,297],"25":[297,0]},"f":{"1":297,"2":20,"3":3,"4":7,"5":6,"6":2,"7":1,"8":0,"9":0,"10":14,"11":6,"12":3,"13":295,"14":19,"15":5,"16":4,"17":295,"18":922},"fnMap":{"1":{"name":"constructor","line":127,"loc":{"start":{"line":117,"column":4},"end":{"line":155,"column":4}}},"2":{"name":"publicOpen","line":161,"loc":{"start":{"line":161,"column":4},"end":{"line":164,"column":4}}},"3":{"name":"privateOpen","line":171,"loc":{"start":{"line":171,"column":4},"end":{"line":174,"column":4}}},"4":{"name":"claimRewards","line":177,"loc":{"start":{"line":177,"column":4},"end":{"line":182,"column":4}}},"5":{"name":"getLootboxTokens","line":189,"loc":{"start":{"line":189,"column":4},"end":{"line":196,"column":4}}},"6":{"name":"canClaimRewards","line":199,"loc":{"start":{"line":199,"column":4},"end":{"line":202,"column":4}}},"7":{"name":"withdraw","line":207,"loc":{"start":{"line":207,"column":4},"end":{"line":212,"column":4}}},"8":{"name":"setPrivateOpen","line":215,"loc":{"start":{"line":215,"column":4},"end":{"line":217,"column":4}}},"9":{"name":"setWhitelistRoot","line":222,"loc":{"start":{"line":222,"column":4},"end":{"line":224,"column":4}}},"10":{"name":"_requestRandomness","line":231,"loc":{"start":{"line":231,"column":4},"end":{"line":235,"column":4}}},"11":{"name":"fulfillRandomWords","line":238,"loc":{"start":{"line":238,"column":4},"end":{"line":241,"column":4}}},"12":{"name":"_verify","line":246,"loc":{"start":{"line":246,"column":4},"end":{"line":249,"column":4}}},"13":{"name":"_calculateLootboxSupply","line":252,"loc":{"start":{"line":252,"column":4},"end":{"line":271,"column":4}}},"14":{"name":"_requestOpen","line":274,"loc":{"start":{"line":274,"column":4},"end":{"line":291,"column":4}}},"15":{"name":"_claimRewards","line":294,"loc":{"start":{"line":294,"column":4},"end":{"line":313,"column":4}}},"16":{"name":"_getRewardUnits","line":316,"loc":{"start":{"line":316,"column":4},"end":{"line":354,"column":4}}},"17":{"name":"_transferTokenBatch","line":357,"loc":{"start":{"line":357,"column":4},"end":{"line":361,"column":4}}},"18":{"name":"_transferToken","line":364,"loc":{"start":{"line":364,"column":4},"end":{"line":376,"column":4}}}},"statementMap":{"1":{"start":{"line":128,"column":8},"end":{"line":128,"column":49}},"2":{"start":{"line":130,"column":8},"end":{"line":130,"column":52}},"3":{"start":{"line":131,"column":8},"end":{"line":131,"column":77}},"4":{"start":{"line":135,"column":8},"end":{"line":135,"column":63}},"5":{"start":{"line":137,"column":8},"end":{"line":137,"column":5284}},"6":{"start":{"line":151,"column":8},"end":{"line":151,"column":5747}},"7":{"start":{"line":162,"column":8},"end":{"line":162,"column":52}},"8":{"start":{"line":163,"column":8},"end":{"line":163,"column":33}},"9":{"start":{"line":172,"column":8},"end":{"line":172,"column":61}},"10":{"start":{"line":173,"column":8},"end":{"line":173,"column":33}},"11":{"start":{"line":178,"column":8},"end":{"line":178,"column":52}},"12":{"start":{"line":179,"column":8},"end":{"line":179,"column":59}},"13":{"start":{"line":181,"column":8},"end":{"line":181,"column":39}},"14":{"start":{"line":190,"column":8},"end":{"line":190,"column":37}},"15":{"start":{"line":192,"column":8},"end":{"line":192,"column":7421}},"16":{"start":{"line":200,"column":8},"end":{"line":200,"column":52}},"17":{"start":{"line":201,"column":8},"end":{"line":201,"column":70}},"18":{"start":{"line":209,"column":8},"end":{"line":209,"column":78}},"19":{"start":{"line":211,"column":8},"end":{"line":211,"column":55}},"20":{"start":{"line":240,"column":8},"end":{"line":240,"column":60}},"21":{"start":{"line":247,"column":8},"end":{"line":247,"column":64}},"22":{"start":{"line":248,"column":8},"end":{"line":248,"column":63}},"23":{"start":{"line":257,"column":8},"end":{"line":257,"column":32}},"24":{"start":{"line":258,"column":8},"end":{"line":258,"column":10097}},"25":{"start":{"line":259,"column":12},"end":{"line":259,"column":42}},"26":{"start":{"line":261,"column":12},"end":{"line":261,"column":65}},"27":{"start":{"line":262,"column":12},"end":{"line":262,"column":93}},"28":{"start":{"line":263,"column":12},"end":{"line":263,"column":112}},"29":{"start":{"line":267,"column":8},"end":{"line":267,"column":10557}},"30":{"start":{"line":275,"column":8},"end":{"line":275,"column":37}},"31":{"start":{"line":278,"column":8},"end":{"line":278,"column":84}},"32":{"start":{"line":279,"column":8},"end":{"line":279,"column":56}},"33":{"start":{"line":280,"column":8},"end":{"line":280,"column":88}},"34":{"start":{"line":281,"column":8},"end":{"line":281,"column":85}},"35":{"start":{"line":282,"column":8},"end":{"line":282,"column":76}},"36":{"start":{"line":284,"column":8},"end":{"line":284,"column":48}},"37":{"start":{"line":290,"column":8},"end":{"line":290,"column":59}},"38":{"start":{"line":295,"column":8},"end":{"line":295,"column":54}},"39":{"start":{"line":297,"column":8},"end":{"line":297,"column":74}},"40":{"start":{"line":302,"column":8},"end":{"line":302,"column":36}},"41":{"start":{"line":305,"column":8},"end":{"line":305,"column":12206}},"42":{"start":{"line":310,"column":8},"end":{"line":310,"column":62}},"43":{"start":{"line":312,"column":8},"end":{"line":312,"column":70}},"44":{"start":{"line":321,"column":8},"end":{"line":321,"column":72}},"45":{"start":{"line":322,"column":8},"end":{"line":322,"column":58}},"46":{"start":{"line":324,"column":8},"end":{"line":324,"column":88}},"47":{"start":{"line":327,"column":8},"end":{"line":327,"column":53}},"48":{"start":{"line":328,"column":8},"end":{"line":328,"column":13126}},"49":{"start":{"line":329,"column":12},"end":{"line":329,"column":80}},"50":{"start":{"line":330,"column":12},"end":{"line":330,"column":60}},"51":{"start":{"line":331,"column":12},"end":{"line":331,"column":24}},"52":{"start":{"line":333,"column":12},"end":{"line":333,"column":13377}},"53":{"start":{"line":334,"column":16},"end":{"line":334,"column":92}},"54":{"start":{"line":336,"column":16},"end":{"line":336,"column":13544}},"55":{"start":{"line":358,"column":8},"end":{"line":358,"column":14321}},"56":{"start":{"line":359,"column":12},"end":{"line":359,"column":46}},"57":{"start":{"line":365,"column":8},"end":{"line":365,"column":14590}},"58":{"start":{"line":366,"column":12},"end":{"line":366,"column":14648}},"59":{"start":{"line":367,"column":16},"end":{"line":367,"column":78}},"60":{"start":{"line":369,"column":16},"end":{"line":369,"column":88}},"61":{"start":{"line":371,"column":15},"end":{"line":371,"column":14895}},"62":{"start":{"line":372,"column":12},"end":{"line":372,"column":81}},"63":{"start":{"line":373,"column":15},"end":{"line":373,"column":15037}},"64":{"start":{"line":374,"column":12},"end":{"line":374,"column":105}}},"branchMap":{"1":{"line":130,"type":"if","locations":[{"start":{"line":130,"column":8},"end":{"line":130,"column":8}},{"start":{"line":130,"column":8},"end":{"line":130,"column":8}}]},"2":{"line":131,"type":"if","locations":[{"start":{"line":131,"column":8},"end":{"line":131,"column":8}},{"start":{"line":131,"column":8},"end":{"line":131,"column":8}}]},"3":{"line":151,"type":"if","locations":[{"start":{"line":151,"column":8},"end":{"line":151,"column":8}},{"start":{"line":151,"column":8},"end":{"line":151,"column":8}}]},"4":{"line":162,"type":"if","locations":[{"start":{"line":162,"column":8},"end":{"line":162,"column":8}},{"start":{"line":162,"column":8},"end":{"line":162,"column":8}}]},"5":{"line":172,"type":"if","locations":[{"start":{"line":172,"column":8},"end":{"line":172,"column":8}},{"start":{"line":172,"column":8},"end":{"line":172,"column":8}}]},"6":{"line":179,"type":"if","locations":[{"start":{"line":179,"column":8},"end":{"line":179,"column":8}},{"start":{"line":179,"column":8},"end":{"line":179,"column":8}}]},"7":{"line":207,"type":"if","locations":[{"start":{"line":207,"column":33},"end":{"line":207,"column":33}},{"start":{"line":207,"column":33},"end":{"line":207,"column":33}}]},"8":{"line":211,"type":"if","locations":[{"start":{"line":211,"column":8},"end":{"line":211,"column":8}},{"start":{"line":211,"column":8},"end":{"line":211,"column":8}}]},"9":{"line":215,"type":"if","locations":[{"start":{"line":215,"column":62},"end":{"line":215,"column":62}},{"start":{"line":215,"column":62},"end":{"line":215,"column":62}}]},"10":{"line":222,"type":"if","locations":[{"start":{"line":222,"column":62},"end":{"line":222,"column":62}},{"start":{"line":222,"column":62},"end":{"line":222,"column":62}}]},"11":{"line":261,"type":"if","locations":[{"start":{"line":261,"column":12},"end":{"line":261,"column":12}},{"start":{"line":261,"column":12},"end":{"line":261,"column":12}}]},"12":{"line":262,"type":"if","locations":[{"start":{"line":262,"column":12},"end":{"line":262,"column":12}},{"start":{"line":262,"column":12},"end":{"line":262,"column":12}}]},"13":{"line":263,"type":"if","locations":[{"start":{"line":263,"column":12},"end":{"line":263,"column":12}},{"start":{"line":263,"column":12},"end":{"line":263,"column":12}}]},"14":{"line":267,"type":"if","locations":[{"start":{"line":267,"column":8},"end":{"line":267,"column":8}},{"start":{"line":267,"column":8},"end":{"line":267,"column":8}}]},"15":{"line":278,"type":"if","locations":[{"start":{"line":278,"column":8},"end":{"line":278,"column":8}},{"start":{"line":278,"column":8},"end":{"line":278,"column":8}}]},"16":{"line":279,"type":"if","locations":[{"start":{"line":279,"column":8},"end":{"line":279,"column":8}},{"start":{"line":279,"column":8},"end":{"line":279,"column":8}}]},"17":{"line":280,"type":"if","locations":[{"start":{"line":280,"column":8},"end":{"line":280,"column":8}},{"start":{"line":280,"column":8},"end":{"line":280,"column":8}}]},"18":{"line":281,"type":"if","locations":[{"start":{"line":281,"column":8},"end":{"line":281,"column":8}},{"start":{"line":281,"column":8},"end":{"line":281,"column":8}}]},"19":{"line":282,"type":"if","locations":[{"start":{"line":282,"column":8},"end":{"line":282,"column":8}},{"start":{"line":282,"column":8},"end":{"line":282,"column":8}}]},"20":{"line":297,"type":"if","locations":[{"start":{"line":297,"column":8},"end":{"line":297,"column":8}},{"start":{"line":297,"column":8},"end":{"line":297,"column":8}}]},"21":{"line":336,"type":"if","locations":[{"start":{"line":336,"column":16},"end":{"line":336,"column":16}},{"start":{"line":336,"column":16},"end":{"line":336,"column":16}}]},"22":{"line":365,"type":"if","locations":[{"start":{"line":365,"column":8},"end":{"line":365,"column":8}},{"start":{"line":365,"column":8},"end":{"line":365,"column":8}}]},"23":{"line":366,"type":"if","locations":[{"start":{"line":366,"column":12},"end":{"line":366,"column":12}},{"start":{"line":366,"column":12},"end":{"line":366,"column":12}}]},"24":{"line":371,"type":"if","locations":[{"start":{"line":371,"column":15},"end":{"line":371,"column":15}},{"start":{"line":371,"column":15},"end":{"line":371,"column":15}}]},"25":{"line":373,"type":"if","locations":[{"start":{"line":373,"column":15},"end":{"line":373,"column":15}},{"start":{"line":373,"column":15},"end":{"line":373,"column":15}}]}}},"contracts/test/ERC1155Mock.sol":{"l":{"8":99},"path":"/home/redfly/Documents/quickstarts-lootbox/contracts/test/ERC1155Mock.sol","s":{"1":99},"b":{},"f":{"1":99},"fnMap":{"1":{"name":"constructor","line":7,"loc":{"start":{"line":7,"column":2},"end":{"line":9,"column":2}}}},"statementMap":{"1":{"start":{"line":8,"column":4},"end":{"line":8,"column":32}}},"branchMap":{}},"contracts/test/ERC20Mock.sol":{"l":{},"path":"/home/redfly/Documents/quickstarts-lootbox/contracts/test/ERC20Mock.sol","s":{},"b":{},"f":{"1":99},"fnMap":{"1":{"name":"constructor","line":8,"loc":{"start":{"line":8,"column":2},"end":{"line":8,"column":90}}}},"statementMap":{},"branchMap":{}},"contracts/test/ERC721Mock.sol":{"l":{"8":99,"9":990},"path":"/home/redfly/Documents/quickstarts-lootbox/contracts/test/ERC721Mock.sol","s":{"1":99,"2":990},"b":{},"f":{"1":99},"fnMap":{"1":{"name":"constructor","line":7,"loc":{"start":{"line":7,"column":2},"end":{"line":11,"column":2}}}},"statementMap":{"1":{"start":{"line":8,"column":4},"end":{"line":8,"column":328}},"2":{"start":{"line":9,"column":6},"end":{"line":9,"column":25}}},"branchMap":{}}}