{"contracts/ERC-20.sol":{"l":{"36":1,"37":1,"43":1,"47":4,"51":1,"55":1,"59":1,"64":2,"65":1,"68":1,"69":1,"70":1,"71":1,"75":3,"76":1,"79":2,"80":1,"83":1,"84":1,"85":1,"86":1,"87":1,"92":4,"93":4,"95":4,"96":4,"100":1},"path":"/home/fawaz/web3bridge/Web3bridge-Web3-Cohort-XIII/onsite-program/submissions/week-4/day-6/day-6-task-2/Fawaz-Oduola/contracts/ERC-20.sol","s":{"1":1,"2":4,"3":1,"4":1,"5":1,"6":2,"7":1,"8":1,"9":3,"10":2,"11":1,"12":1,"13":4,"14":4,"15":1},"b":{"1":[1,1],"2":[1,2],"3":[1,1]},"f":{"1":1,"2":1,"3":4,"4":1,"5":1,"6":1,"7":2,"8":3,"9":4,"10":1},"fnMap":{"1":{"name":"constructor","line":34,"loc":{"start":{"line":34,"column":4},"end":{"line":39,"column":4}}},"2":{"name":"name","line":42,"loc":{"start":{"line":42,"column":4},"end":{"line":44,"column":4}}},"3":{"name":"balanceOf","line":46,"loc":{"start":{"line":46,"column":4},"end":{"line":48,"column":4}}},"4":{"name":"decimals","line":50,"loc":{"start":{"line":50,"column":4},"end":{"line":52,"column":4}}},"5":{"name":"totalSupply","line":54,"loc":{"start":{"line":54,"column":4},"end":{"line":56,"column":4}}},"6":{"name":"symbol","line":58,"loc":{"start":{"line":58,"column":4},"end":{"line":60,"column":4}}},"7":{"name":"transfer","line":63,"loc":{"start":{"line":63,"column":4},"end":{"line":72,"column":4}}},"8":{"name":"transferFrom","line":74,"loc":{"start":{"line":74,"column":4},"end":{"line":88,"column":4}}},"9":{"name":"approve","line":90,"loc":{"start":{"line":90,"column":4},"end":{"line":97,"column":4}}},"10":{"name":"allowance","line":99,"loc":{"start":{"line":99,"column":4},"end":{"line":101,"column":4}}}},"statementMap":{"1":{"start":{"line":43,"column":8},"end":{"line":43,"column":19}},"2":{"start":{"line":47,"column":8},"end":{"line":47,"column":33}},"3":{"start":{"line":51,"column":8},"end":{"line":51,"column":23}},"4":{"start":{"line":55,"column":8},"end":{"line":55,"column":27}},"5":{"start":{"line":59,"column":8},"end":{"line":59,"column":21}},"6":{"start":{"line":64,"column":8},"end":{"line":64,"column":1936}},"7":{"start":{"line":70,"column":8},"end":{"line":70,"column":46}},"8":{"start":{"line":71,"column":8},"end":{"line":71,"column":19}},"9":{"start":{"line":75,"column":8},"end":{"line":75,"column":2352}},"10":{"start":{"line":79,"column":8},"end":{"line":79,"column":2488}},"11":{"start":{"line":86,"column":7},"end":{"line":86,"column":40}},"12":{"start":{"line":87,"column":7},"end":{"line":87,"column":18}},"13":{"start":{"line":95,"column":8},"end":{"line":95,"column":51}},"14":{"start":{"line":96,"column":8},"end":{"line":96,"column":19}},"15":{"start":{"line":100,"column":8},"end":{"line":100,"column":43}}},"branchMap":{"1":{"line":64,"type":"if","locations":[{"start":{"line":64,"column":8},"end":{"line":64,"column":8}},{"start":{"line":64,"column":8},"end":{"line":64,"column":8}}]},"2":{"line":75,"type":"if","locations":[{"start":{"line":75,"column":8},"end":{"line":75,"column":8}},{"start":{"line":75,"column":8},"end":{"line":75,"column":8}}]},"3":{"line":79,"type":"if","locations":[{"start":{"line":79,"column":8},"end":{"line":79,"column":8}},{"start":{"line":79,"column":8},"end":{"line":79,"column":8}}]}}}}