{"contracts\\EmployeeManagementSystem.sol":{"l":{"16":13,"17":12,"18":12,"19":12,"22":2,"26":2,"27":1,"28":1,"29":1,"30":1,"33":1,"37":5,"38":4,"39":4,"40":4,"41":4,"42":4,"45":1,"50":2,"51":1,"52":1,"53":1,"54":1,"57":1,"61":2,"62":1,"63":1,"64":1,"65":1,"66":1,"67":1,"70":1,"74":6,"75":5,"76":5,"80":1,"84":8,"85":7,"86":7,"89":1},"path":"C:\\Users\\DELL\\blockchain_development\\solidity\\Web3bridge-Web3-Cohort-XIII\\onsite-program\\submissions\\week-4\\day-4\\day4-task-1\\BABALOLA_ABIODUN_AYOMIDE\\contracts\\EmployeeManagementSystem.sol","s":{"1":13,"2":12,"3":12,"4":2,"5":2,"6":1,"7":1,"8":5,"9":4,"10":4,"11":4,"12":2,"13":1,"14":1,"15":2,"16":1,"17":1,"18":6,"19":5,"20":5,"21":1,"22":8,"23":7,"24":7},"b":{"1":[12,1],"2":[1,0],"3":[4,0],"4":[1,0],"5":[1,0],"6":[5,0],"7":[1,1],"8":[1,1],"9":[7,0]},"f":{"1":13,"2":2,"3":2,"4":5,"5":2,"6":2,"7":6,"8":8},"fnMap":{"1":{"name":"addEmployee","line":15,"loc":{"start":{"line":15,"column":4},"end":{"line":20,"column":4}}},"2":{"name":"getAllEmployees","line":21,"loc":{"start":{"line":21,"column":4},"end":{"line":23,"column":4}}},"3":{"name":"updateEmployees","line":25,"loc":{"start":{"line":25,"column":4},"end":{"line":34,"column":4}}},"4":{"name":"toggleEmploymentStatus","line":36,"loc":{"start":{"line":36,"column":4},"end":{"line":46,"column":4}}},"5":{"name":"updateEmployeeRole","line":49,"loc":{"start":{"line":49,"column":4},"end":{"line":58,"column":4}}},"6":{"name":"updateEmployeeData","line":60,"loc":{"start":{"line":60,"column":4},"end":{"line":71,"column":4}}},"7":{"name":"canAccessGarage","line":73,"loc":{"start":{"line":73,"column":4},"end":{"line":81,"column":4}}},"8":{"name":"getEmployeeByAddress","line":83,"loc":{"start":{"line":83,"column":4},"end":{"line":90,"column":4}}}},"statementMap":{"1":{"start":{"line":16,"column":8},"end":{"line":16,"column":66}},"2":{"start":{"line":17,"column":8},"end":{"line":17,"column":78}},"3":{"start":{"line":19,"column":8},"end":{"line":19,"column":34}},"4":{"start":{"line":22,"column":8},"end":{"line":22,"column":27}},"5":{"start":{"line":26,"column":8},"end":{"line":26,"column":1022}},"6":{"start":{"line":27,"column":12},"end":{"line":27,"column":1099}},"7":{"start":{"line":30,"column":16},"end":{"line":30,"column":22}},"8":{"start":{"line":37,"column":8},"end":{"line":37,"column":1449}},"9":{"start":{"line":38,"column":12},"end":{"line":38,"column":1526}},"10":{"start":{"line":39,"column":16},"end":{"line":39,"column":66}},"11":{"start":{"line":42,"column":16},"end":{"line":42,"column":22}},"12":{"start":{"line":50,"column":8},"end":{"line":50,"column":1987}},"13":{"start":{"line":51,"column":12},"end":{"line":51,"column":2048}},"14":{"start":{"line":54,"column":16},"end":{"line":54,"column":22}},"15":{"start":{"line":61,"column":8},"end":{"line":61,"column":2436}},"16":{"start":{"line":62,"column":12},"end":{"line":62,"column":2497}},"17":{"start":{"line":67,"column":16},"end":{"line":67,"column":22}},"18":{"start":{"line":74,"column":8},"end":{"line":74,"column":2973}},"19":{"start":{"line":75,"column":12},"end":{"line":75,"column":3034}},"20":{"start":{"line":76,"column":16},"end":{"line":76,"column":3279}},"21":{"start":{"line":80,"column":8},"end":{"line":80,"column":20}},"22":{"start":{"line":84,"column":8},"end":{"line":84,"column":3493}},"23":{"start":{"line":85,"column":12},"end":{"line":85,"column":3570}},"24":{"start":{"line":86,"column":16},"end":{"line":86,"column":44}}},"branchMap":{"1":{"line":16,"type":"if","locations":[{"start":{"line":16,"column":8},"end":{"line":16,"column":8}},{"start":{"line":16,"column":8},"end":{"line":16,"column":8}}]},"2":{"line":27,"type":"if","locations":[{"start":{"line":27,"column":12},"end":{"line":27,"column":12}},{"start":{"line":27,"column":12},"end":{"line":27,"column":12}}]},"3":{"line":38,"type":"if","locations":[{"start":{"line":38,"column":12},"end":{"line":38,"column":12}},{"start":{"line":38,"column":12},"end":{"line":38,"column":12}}]},"4":{"line":51,"type":"if","locations":[{"start":{"line":51,"column":12},"end":{"line":51,"column":12}},{"start":{"line":51,"column":12},"end":{"line":51,"column":12}}]},"5":{"line":62,"type":"if","locations":[{"start":{"line":62,"column":12},"end":{"line":62,"column":12}},{"start":{"line":62,"column":12},"end":{"line":62,"column":12}}]},"6":{"line":75,"type":"if","locations":[{"start":{"line":75,"column":12},"end":{"line":75,"column":12}},{"start":{"line":75,"column":12},"end":{"line":75,"column":12}}]},"7":{"line":77,"type":"cond-expr","locations":[{"start":{"line":77,"column":17},"end":{"line":77,"column":65}},{"start":{"line":77,"column":70},"end":{"line":77,"column":114}}]},"8":{"line":77,"type":"cond-expr","locations":[{"start":{"line":77,"column":17},"end":{"line":77,"column":114}},{"start":{"line":77,"column":119},"end":{"line":77,"column":164}}]},"9":{"line":85,"type":"if","locations":[{"start":{"line":85,"column":12},"end":{"line":85,"column":12}},{"start":{"line":85,"column":12},"end":{"line":85,"column":12}}]}}},"contracts\\errorLibrary.sol":{"l":{},"path":"C:\\Users\\DELL\\blockchain_development\\solidity\\Web3bridge-Web3-Cohort-XIII\\onsite-program\\submissions\\week-4\\day-4\\day4-task-1\\BABALOLA_ABIODUN_AYOMIDE\\contracts\\errorLibrary.sol","s":{},"b":{},"f":{},"fnMap":{},"statementMap":{},"branchMap":{}}}